Log file open, 04/16/16 13:39:16
LogInit:Display: Running engine for game: WorldShiftBase
LogPlatformFile: Not using cached read wrapper
LogInit:Display: RandInit(-1253126326) SRandInit(-1253126325).
LogTaskGraph: Started task graph with 4 named threads and 7 total threads.
LogStats: Stats thread started at 0.068231
OCULUS: Info: [CAPI] LibOVR module is located at C:\Program Files (x86)\Oculus\Support\oculus-runtime\LibOVRRT64_1.dll
LogInit: Version: 4.11.1-2934540+++UE4+Release-4.11
LogInit: API Version: 2927265
LogInit: Compiled (64-bit): Apr  6 2016 02:14:16
LogInit: Compiled with Visual C++: 19.00.23026.00
LogInit: Build Configuration: Development
LogInit: Branch Name: ++UE4+Release-4.11
LogInit: Command line: -EpicPortal 
LogInit: Base directory: C:/Program Files (x86)/Epic Games/4.11/Engine/Binaries/Win64/
LogInit: Installed Engine Build: 1
LogInit: Using libcurl 7.41.0
LogInit:  - built for x86_64-pc-win32
LogInit:  - supports SSL with WinSSL
LogInit:  - other features:
LogInit:      CURL_VERSION_SSL
LogInit:      CURL_VERSION_IPV6
LogInit:      CURL_VERSION_ASYNCHDNS
LogInit:      CURL_VERSION_LARGEFILE
LogInit:      CURL_VERSION_IDN
LogInit:  CurlRequestOptions (configurable via config and command line):
LogInit:  - bVerifyPeer = true  - Libcurl will verify peer certificate
LogInit:  - bUseHttpProxy = false  - Libcurl will NOT use HTTP proxy
LogInit:  - bDontReuseConnections = false  - Libcurl will reuse connections
LogInit:  - CertBundlePath = nullptr  - Libcurl will use whatever was configured at build time.
LogInit: Presizing for max 16777216 objects, including 0 objects not considered by GC, pre-allocating 0 bytes for permanent pool.
LogInit: Object subsystem initialized
[2016.04.16-12.39.16:942][  0]LogInit: Selected Device Profile: [Windows]
[2016.04.16-12.39.16:942][  0]LogInit: Applying CVar settings loaded from the selected device profile: [Windows]
[2016.04.16-12.39.16:972][  0]LogInit: Computer: UNICRON
[2016.04.16-12.39.16:972][  0]LogInit: User: AdamEdinburgh
[2016.04.16-12.39.16:972][  0]LogInit: CPU Page size=65536, Cores=4
[2016.04.16-12.39.16:972][  0]LogInit: High frequency timer resolution =3.312638 MHz
[2016.04.16-12.39.16:972][  0]LogMemory: Memory total: Physical=7.9GB (8GB approx)
[2016.04.16-12.39.16:972][  0]LogMemory: Platform Memory Stats for Windows
[2016.04.16-12.39.16:972][  0]LogMemory: Process Physical Memory: 316.62 MB used, 316.62 MB peak
[2016.04.16-12.39.16:972][  0]LogMemory: Process Virtual Memory: 317.62 MB used, 317.62 MB peak
[2016.04.16-12.39.16:972][  0]LogMemory: Physical Memory: 5364.68 MB used, 8072.55 MB total
[2016.04.16-12.39.16:972][  0]LogMemory: Virtual Memory: 691.81 MB used, 134217728.00 MB total
[2016.04.16-12.39.16:998][  0]LogTextLocalizationManager: No specific translations for ('en-GB') exist, so ('en') translations will be used.
[2016.04.16-12.39.17:320][  0]LogD3D11RHI: D3D11 adapters:
[2016.04.16-12.39.17:341][  0]LogD3D11RHI:    0. 'NVIDIA GeForce GTX 970' (Feature Level 11_0)
[2016.04.16-12.39.17:342][  0]LogD3D11RHI:       4007MB of dedicated video memory, 0MB of dedicated system memory, and 4036MB of shared system memory, 1 output[s]
[2016.04.16-12.39.17:352][  0]LogD3D11RHI:    1. 'Intel(R) HD Graphics 4600' (Feature Level 11_0)
[2016.04.16-12.39.17:352][  0]LogD3D11RHI:       112MB of dedicated video memory, 0MB of dedicated system memory, and 4036MB of shared system memory, 0 output[s]
[2016.04.16-12.39.17:353][  0]LogD3D11RHI:    2. 'Microsoft Basic Render Driver' (Feature Level 11_0)
[2016.04.16-12.39.17:353][  0]LogD3D11RHI:       0MB of dedicated video memory, 0MB of dedicated system memory, and 4036MB of shared system memory, 0 output[s]
[2016.04.16-12.39.17:353][  0]LogD3D11RHI: Chosen D3D11 Adapter: 0
[2016.04.16-12.39.17:358][  0]LogD3D11RHI: Creating new Direct3DDevice
[2016.04.16-12.39.17:358][  0]LogD3D11RHI:     Adapter Name: NVIDIA GeForce GTX 970
[2016.04.16-12.39.17:358][  0]LogD3D11RHI:   Driver Version: Unknown (internal Unknown)
[2016.04.16-12.39.17:358][  0]LogD3D11RHI:      Driver Date: Unknown
[2016.04.16-12.39.17:358][  0]LogRHI: Texture pool is 1361 MB (70% of 1945 MB)
[2016.04.16-12.39.17:370][  0]LogD3D11RHI: Async texture creation enabled
[2016.04.16-12.39.17:380][  0]LogShaderCompilers: Guid format shader working directory is -35 characters bigger than the processId version (../../../../../../Users/AdamEdinburgh/Documents/GitHub/WorldShiftBase/WorldShiftBase/Intermediate/Shaders/WorkingDirectory/4056/).
[2016.04.16-12.39.17:380][  0]LogShaderCompilers: Cleaned the shader compiler working directory 'C:/Users/ADAMED~1/AppData/Local/Temp/UnrealShaderWorkingDir/3AF30446495C76C3EEB312A55EB6720D/'.
[2016.04.16-12.39.17:380][  0]LogShaderCompilers:Display: Using Local Shader Compiler.
[2016.04.16-12.39.18:318][  0]LogTemp:Display: Loaded TP AllDesktopTargetPlatform
[2016.04.16-12.39.18:322][  0]LogTemp:Display: Loaded TP WindowsClientTargetPlatform
[2016.04.16-12.39.18:326][  0]LogTemp:Display: Loaded TP WindowsNoEditorTargetPlatform
[2016.04.16-12.39.18:330][  0]LogTemp:Display: Loaded TP WindowsServerTargetPlatform
[2016.04.16-12.39.18:334][  0]LogTemp:Display: Loaded TP WindowsTargetPlatform
[2016.04.16-12.39.18:338][  0]LogTemp:Display: Loaded TP AndroidTargetPlatform
[2016.04.16-12.39.18:343][  0]LogTemp:Display: Loaded TP Android_ASTCTargetPlatform
[2016.04.16-12.39.18:348][  0]LogTemp:Display: Loaded TP Android_ATCTargetPlatform
[2016.04.16-12.39.18:351][  0]LogTemp:Display: Loaded TP Android_DXTTargetPlatform
[2016.04.16-12.39.18:385][  0]LogTemp:Display: Loaded TP Android_ETC1TargetPlatform
[2016.04.16-12.39.18:388][  0]LogTemp:Display: Loaded TP Android_ETC2TargetPlatform
[2016.04.16-12.39.18:393][  0]LogTemp:Display: Loaded TP Android_MultiTargetPlatform
[2016.04.16-12.39.18:393][  0]LogTemp:Display: Loaded TP Android_PVRTCTargetPlatform
[2016.04.16-12.39.18:394][  0]LogTemp:Display: Loaded TP HTML5TargetPlatform
[2016.04.16-12.39.18:410][  0]LogTemp:Display: Loaded TP IOSTargetPlatform
[2016.04.16-12.39.18:413][  0]LogTemp:Display: Loaded TP TVOSTargetPlatform
[2016.04.16-12.39.18:416][  0]LogTemp:Display: Loaded TP LinuxNoEditorTargetPlatform
[2016.04.16-12.39.18:418][  0]LogTemp:Display: Loaded TP LinuxServerTargetPlatform
[2016.04.16-12.39.18:421][  0]LogTemp:Display: Loaded TP LinuxTargetPlatform
[2016.04.16-12.39.18:421][  0]LogTargetPlatformManager:Display: Building Assets For Windows
[2016.04.16-12.39.18:481][  0]LogDerivedDataCache:Display: Max Cache Size: 512 MB
[2016.04.16-12.39.18:534][  0]LogDerivedDataCache: Loaded boot cache 0.05s 58MB C:/Users/AdamEdinburgh/AppData/Local/UnrealEngine/4.11/DerivedDataCache/Boot.ddc.
[2016.04.16-12.39.18:535][  0]LogDerivedDataCache:Display: Loaded Boot cache: C:/Users/AdamEdinburgh/AppData/Local/UnrealEngine/4.11/DerivedDataCache/Boot.ddc
[2016.04.16-12.39.18:535][  0]LogDerivedDataCache: FDerivedDataBackendGraph:  Pak pak cache file ../../../../../../Users/AdamEdinburgh/Documents/GitHub/WorldShiftBase/WorldShiftBase/DerivedDataCache/DDC.ddp not found, will not use a pak cache.
[2016.04.16-12.39.18:535][  0]LogDerivedDataCache: Unable to find inner node Pak for hierarchical cache Hierarchy.
[2016.04.16-12.39.18:535][  0]LogDerivedDataCache: FDerivedDataBackendGraph:  CompressedPak pak cache file ../../../../../../Users/AdamEdinburgh/Documents/GitHub/WorldShiftBase/WorldShiftBase/DerivedDataCache/Compressed.ddp not found, will not use a pak cache.
[2016.04.16-12.39.18:535][  0]LogDerivedDataCache: Unable to find inner node CompressedPak for hierarchical cache Hierarchy.
[2016.04.16-12.39.18:547][  0]LogDerivedDataCache:Display: Pak cache opened for reading ../../../Engine/DerivedDataCache/Compressed.ddp.
[2016.04.16-12.39.18:559][  0]LogDerivedDataCache: Using Local data cache path C:/Users/AdamEdinburgh/AppData/Local/UnrealEngine/Common/DerivedDataCache: Writable
[2016.04.16-12.39.18:766][  0]LogInit: Selected Device Profile: [Windows]
[2016.04.16-12.39.18:766][  0]LogContentStreaming: Texture pool size is 0.00 MB
[2016.04.16-12.39.18:814][  0]LogMaterial: Uniform references updated for custom material expression Custom.
[2016.04.16-12.39.18:922][  0]LogMeshUtilities: No automatic mesh reduction module available
[2016.04.16-12.39.18:922][  0]LogMeshUtilities: No automatic mesh merging module available
[2016.04.16-12.39.18:922][  0]LogMeshUtilities: No distributed automatic mesh merging module available
[2016.04.16-12.39.19:179][  0]LogUObjectArray: 27678 objects as part of root set at end of initial load.
[2016.04.16-12.39.19:179][  0]LogUObjectAllocator: 5591392 out of 0 bytes used by permanent object pool.
[2016.04.16-12.39.19:179][  0]LogUObjectArray: CloseDisregardForGC: 0/0 objects in disregard for GC pool
[2016.04.16-12.39.19:185][  0]LogInit: WinSock: version 1.1 (2.2), MaxSocks=32767, MaxUdp=65467
[2016.04.16-12.39.19:266][  0]LogSlate: SlateFontCache - WITH_FREETYPE: 1, WITH_HARFBUZZ: 1
[2016.04.16-12.39.19:266][  0]LogSlate: SlateFontCache - WITH_FREETYPE: 1, WITH_HARFBUZZ: 1
[2016.04.16-12.39.19:356][  0]LogStreaming:Warning: Failed to read file '../../../Engine/Content/Editor/Slate/Common/Selection_16x.png' error.
[2016.04.16-12.39.19:356][  0]LogSlate: Could not find file for Slate resource: ../../../Engine/Content/Editor/Slate/Common/Selection_16x.png
[2016.04.16-12.39.19:356][  0]LogStreaming:Warning: Failed to read file '../../../Engine/Content/Editor/Slate/Common/Selection_16x.png' error.
[2016.04.16-12.39.19:356][  0]LogSlate: Could not find file for Slate resource: ../../../Engine/Content/Editor/Slate/Common/Selection_16x.png
[2016.04.16-12.39.19:356][  0]LogStreaming:Warning: Failed to read file '../../../Engine/Content/Editor/Slate/Common/Selection_16x.png' error.
[2016.04.16-12.39.19:356][  0]LogSlate: Could not find file for Slate resource: ../../../Engine/Content/Editor/Slate/Common/Selection_16x.png
[2016.04.16-12.39.19:834][  0]LogUdpMessaging: Initializing bridge on interface 0.0.0.0:0 to multicast group 230.0.0.1:6666.
[2016.04.16-12.39.19:930][  0]LogAssetRegistry: FAssetRegistry took 0.0214 seconds to start up
[2016.04.16-12.39.20:045][  0]SourceControl: Info Source control is disabled
[2016.04.16-12.39.20:252][  0]LogEngine: Initializing Engine...
[2016.04.16-12.39.20:268][  0]LogHMD: SteamVR initialized.  Driver: lighthouse  Display: LHR-031B5D7F
[2016.04.16-12.39.20:283][  0]LogHMD: SteamVR initialized.  Driver: lighthouse  Display: LHR-031B5D7F
[2016.04.16-12.39.20:299][  0]LogHMD: SteamVR initialized.  Driver: lighthouse  Display: LHR-031B5D7F
[2016.04.16-12.39.20:433][  0]LogAIModule: Creating AISystem for world NewWorld
[2016.04.16-12.39.20:450][  0]LogInit: XAudio2 using 'Speakers (Realtek High Definition Audio)' : 2 channels at 48 kHz using 32 bits per sample (channel mask 0x3)
[2016.04.16-12.39.20:464][  0]LogInit: FAudioDevice initialized.
[2016.04.16-12.39.20:495][  0]LogDerivedDataCache: Saved boot cache 0.03s 58MB C:/Users/AdamEdinburgh/AppData/Local/UnrealEngine/4.11/DerivedDataCache/Boot.ddc.
[2016.04.16-12.39.20:502][  0]LogInit: Texture streaming: Enabled
[2016.04.16-12.39.20:583][  0]LogInit: Transaction tracking system initialized
[2016.04.16-12.39.20:605][  0]BlueprintLog: New page: Editor Load
[2016.04.16-12.39.20:665][  0]LocalizationService: Info Localization service is disabled
[2016.04.16-12.39.20:714][  0]LogLinker:Warning: Can't find file '/Game/FirstPersonBP/FirstPersonOverview'
[2016.04.16-12.39.20:714][  0]LogLinker:Warning: Can't find file '/Game/FirstPersonBP/FirstPersonOverview'
[2016.04.16-12.39.20:714][  0]LogUObjectGlobals:Warning: Failed to find object 'Class /Game/FirstPersonBP/FirstPersonOverview.FirstPersonOverview_C'
[2016.04.16-12.39.20:726][  0]LogConsoleResponse:Display: 
[2016.04.16-12.39.21:592][  0]LogCook:Display: Max memory allowance for cook 8192mb
[2016.04.16-12.39.21:592][  0]LogCook:Display: Mobile HDR setting 1
[2016.04.16-12.39.21:592][  0]LogCook:Display: Done creating registry. It took  0.00s.
[2016.04.16-12.39.21:632][  0]LogFileCache: Scanning file cache for directory 'C:/Users/AdamEdinburgh/Documents/GitHub/WorldShiftBase/WorldShiftBase/Content/' took 0.01s
[2016.04.16-12.39.21:632][  0]Cmd: MAP LOAD FILE="../../../Engine/Content/Maps/Templates/Template_Default.umap" TEMPLATE=1 SHOWPROGRESS=1 FEATURELEVEL=3
[2016.04.16-12.39.21:632][  0]LightingResults: New page: Lighting Build
[2016.04.16-12.39.21:635][  0]MapCheck: New page: Map Check
[2016.04.16-12.39.21:635][  0]LightingResults: New page: Lighting Build
[2016.04.16-12.39.21:830][  0]LogAIModule: Creating AISystem for world Untitled_1
[2016.04.16-12.39.21:834][  0]LogEditorServer: Finished looking for orphan Actors (0.000 secs)
[2016.04.16-12.39.21:838][  0]Cmd: MAP CHECKDEP NOCLEARLOG
[2016.04.16-12.39.21:866][  0]MapCheck: Info Map check complete: 0 Error(s), 0 Warning(s), took 28.497ms to complete.
[2016.04.16-12.39.21:866][  0]LogFileHelpers: Loading map 'Template_Default' took 0.235
[2016.04.16-12.39.23:273][  0]LogCollectionManager: Loaded 0 collections in 0.001421 seconds
[2016.04.16-12.39.23:570][  0]LogFileCache: Scanning file cache for directory 'C:/Users/AdamEdinburgh/Documents/GitHub/WorldShiftBase/WorldShiftBase/Saved/Collections/' took 0.01s
[2016.04.16-12.39.23:570][  0]LogFileCache: Scanning file cache for directory 'C:/Users/AdamEdinburgh/Documents/GitHub/WorldShiftBase/WorldShiftBase/Content/Developers/AdamEdinburgh/Collections/' took 0.01s
[2016.04.16-12.39.23:570][  0]LogFileCache: Scanning file cache for directory 'C:/Users/AdamEdinburgh/Documents/GitHub/WorldShiftBase/WorldShiftBase/Content/Collections/' took 0.01s
[2016.04.16-12.39.23:570][  0]LogCollectionManager: Rebuilt the GUID cache for 0 collections in 0.000003 seconds
[2016.04.16-12.39.23:599][  0]LogContentBrowser: Native class hierarchy populated in 0.0294 seconds. Added 1979 classes and 343 folders.
[2016.04.16-12.39.23:749][  0]LogStats: UGameplayTagsManager::ConstructGameplayTagTree: Construct from data asset -  0.000 s
[2016.04.16-12.39.23:749][  0]LogStats: UGameplayTagsManager::ConstructGameplayTagTree: GameplayTagTreeChangedEvent.Broadcast -  0.000 s
[2016.04.16-12.39.23:749][  0]LogContentBrowser: Native class hierarchy updated for 'GameplayTags' in 0.0004 seconds. Added 12 classes and 0 folders.
[2016.04.16-12.39.23:771][  0]LogContentBrowser: Native class hierarchy updated for 'WidgetCarousel' in 0.0005 seconds. Added 0 classes and 0 folders.
[2016.04.16-12.39.24:070][  0]LogContentBrowser: Native class hierarchy updated for 'SuperSearch' in 0.0004 seconds. Added 1 classes and 2 folders.
[2016.04.16-12.39.26:406][  0]LogContentBrowser: Native class hierarchy updated for 'AddContentDialog' in 0.0003 seconds. Added 0 classes and 0 folders.
[2016.04.16-12.39.26:488][  0]LogContentBrowser: Native class hierarchy updated for 'SceneOutliner' in 0.0004 seconds. Added 1 classes and 2 folders.
[2016.04.16-12.39.28:351][  0]LogCrashTracker: Crashtracker disabled due to settings.
[2016.04.16-12.39.28:712][  0]LogUObjectGlobals:Warning: Failed to find object 'Class None.'
[2016.04.16-12.39.28:777][  0]LogContentBrowser: Native class hierarchy updated for 'HierarchicalLODOutliner' in 0.0003 seconds. Added 1 classes and 2 folders.
[2016.04.16-12.39.28:777][  0]LogLoad: Full Startup: 13.38 seconds (BP compile: 0.03 seconds)
[2016.04.16-12.39.28:777][  0]LogExternalProfiler:Warning: No registered external profiler was matched with a command-line switch (or the DLL could not be loaded).  External profiling features will not be available.
[2016.04.16-12.39.28:786][  0]LogOcInput: OculusInput pre-init called
[2016.04.16-12.39.28:795][  0]LogOcInput: OculusInput is initialized. Init status 0. Runtime version: 1.3.1
[2016.04.16-12.39.28:839][  0]LogAssetRegistry: Asset discovery search completed in 8.9297 seconds
[2016.04.16-12.39.28:839][  0]LogCollectionManager: Rebuilt the object cache for 0 collections in 0.000001 seconds (found 0 objects)
[2016.04.16-12.39.28:839][  0]LogCollectionManager: Fixed up redirectors for 0 collections in 0.000016 seconds (updated 0 objects)
[2016.04.16-12.39.29:288][  0]LogContentStreaming: Texture pool size now 1000 MB
[2016.04.16-12.39.29:587][  0]LogTexture:Display: Building textures: LevelGrid1DStripes (BGRA8)
[2016.04.16-12.39.30:654][  0]LogRenderer: Reallocating scene render targets to support 752x308 (Frame:2).
[2016.04.16-12.40.31:746][661]SourceControl:Error: Error Failed to enable Git source control. You need to initialize the project as a Git repository first.
[2016.04.16-12.40.42:331][905]SourceControl: Info Source control is disabled
[2016.04.16-12.40.55:306][988]SourceControl:Error: Error Failed to enable Git source control. You need to initialize the project as a Git repository first.
[2016.04.16-12.40.56:202][ 76]SourceControl:Error: Error Failed to enable Git source control. You need to initialize the project as a Git repository first.
[2016.04.16-12.40.56:394][ 99]SourceControl:Error: Error Failed to enable Git source control. You need to initialize the project as a Git repository first.
[2016.04.16-12.40.59:821][461]SourceControl: Info Source control is disabled
[2016.04.16-12.49.47:955][627]LogLinker:Warning: Can't find file '/Game/Blueprints/EActivePower'
[2016.04.16-12.49.47:956][627]LogLinker:Warning: Can't find file for asset '/Game/Blueprints/EActivePower' while loading ../../../../../../Users/AdamEdinburgh/Documents/GitHub/WorldShiftBase/WorldShiftBase/Content/FromPrototype/Blueprints/PlayerDummy.uasset.
[2016.04.16-12.49.47:956][627]LoadErrors:Error: Error /Game/FromPrototype/Blueprints/PlayerDummy : Can't find file for asset. /Game/Blueprints/EActivePower
[2016.04.16-12.49.47:956][627]LogLinker:Warning: Can't find file '/Game/Blueprints/EPlayerStates'
[2016.04.16-12.49.47:956][627]LogLinker:Warning: Can't find file for asset '/Game/Blueprints/EPlayerStates' while loading ../../../../../../Users/AdamEdinburgh/Documents/GitHub/WorldShiftBase/WorldShiftBase/Content/FromPrototype/Blueprints/PlayerDummy.uasset.
[2016.04.16-12.49.47:956][627]LoadErrors:Error: Error /Game/FromPrototype/Blueprints/PlayerDummy : Can't find file for asset. /Game/Blueprints/EPlayerStates
[2016.04.16-12.49.47:956][627]LogLinker:Warning: Can't find file '/Game/Blueprints/InventoryItem'
[2016.04.16-12.49.47:956][627]LogLinker:Warning: Can't find file for asset '/Game/Blueprints/InventoryItem' while loading ../../../../../../Users/AdamEdinburgh/Documents/GitHub/WorldShiftBase/WorldShiftBase/Content/FromPrototype/Blueprints/PlayerDummy.uasset.
[2016.04.16-12.49.47:956][627]LoadErrors:Error: Error /Game/FromPrototype/Blueprints/PlayerDummy : Can't find file for asset. /Game/Blueprints/InventoryItem
[2016.04.16-12.49.47:956][627]LogLinker:Warning: Can't find file '/Game/Blueprints/EActivePower'
[2016.04.16-12.49.47:956][627]LogLinker:Warning: Can't find file for asset '/Game/Blueprints/EActivePower' while loading ../../../../../../Users/AdamEdinburgh/Documents/GitHub/WorldShiftBase/WorldShiftBase/Content/FromPrototype/Blueprints/PlayerDummy.uasset.
[2016.04.16-12.49.47:956][627]LogLinker:Warning: Can't find file '/Game/Blueprints/EPlayerStates'
[2016.04.16-12.49.47:957][627]LogLinker:Warning: Can't find file for asset '/Game/Blueprints/EPlayerStates' while loading ../../../../../../Users/AdamEdinburgh/Documents/GitHub/WorldShiftBase/WorldShiftBase/Content/FromPrototype/Blueprints/PlayerDummy.uasset.
[2016.04.16-12.49.47:957][627]LogLinker:Warning: Can't find file '/Game/Blueprints/InventoryItem'
[2016.04.16-12.49.47:957][627]LogLinker:Warning: Can't find file for asset '/Game/Blueprints/InventoryItem' while loading ../../../../../../Users/AdamEdinburgh/Documents/GitHub/WorldShiftBase/WorldShiftBase/Content/FromPrototype/Blueprints/PlayerDummy.uasset.
[2016.04.16-12.49.47:957][627]LogLinker:Warning: Can't find file '/Game/Blueprints/InventoryItem'
[2016.04.16-12.49.47:957][627]LoadErrors: Info Failed to load /Game/Blueprints/InventoryItem.InventoryItem Referenced by CallFunc_Array_Get_Item
[2016.04.16-12.49.47:957][627]LogLinker:Warning: Can't find file for asset '/Game/Blueprints/InventoryItem' while loading NULL.
[2016.04.16-12.49.47:958][627]LogProperty:Error: UStructProperty::Serialize Loading: Property 'StructProperty /Game/FromPrototype/Blueprints/PlayerDummy.PlayerDummy_C:ExecuteUbergraph_PlayerDummy.CallFunc_Array_Get_Item'. Unknown structure.
[2016.04.16-12.49.47:958][627]LogLinker:Warning: Can't find file '/Game/Blueprints/EPlayerStates'
[2016.04.16-12.49.47:958][627]LoadErrors: Info Failed to load /Game/Blueprints/EPlayerStates.EPlayerStates Referenced by Player_State
[2016.04.16-12.49.47:958][627]LogLinker:Warning: Can't find file for asset '/Game/Blueprints/EPlayerStates' while loading NULL.
[2016.04.16-12.49.47:958][627]LogLinker:Warning: Can't find file '/Game/Blueprints/EActivePower'
[2016.04.16-12.49.47:958][627]LoadErrors: Info Failed to load /Game/Blueprints/EActivePower.EActivePower Referenced by PlayerActivePower
[2016.04.16-12.49.47:958][627]LogLinker:Warning: Can't find file for asset '/Game/Blueprints/EActivePower' while loading NULL.
[2016.04.16-12.49.47:958][627]LogLinker:Warning: Can't find file '/Game/Blueprints/InventoryItem'
[2016.04.16-12.49.47:958][627]LoadErrors: Info Failed to load /Game/Blueprints/InventoryItem.InventoryItem Referenced by Inventory
[2016.04.16-12.49.47:959][627]LogLinker:Warning: Can't find file for asset '/Game/Blueprints/InventoryItem' while loading NULL.
[2016.04.16-12.49.47:959][627]LogProperty:Error: UStructProperty::Serialize Loading: Property 'StructProperty /Game/FromPrototype/Blueprints/PlayerDummy.PlayerDummy_C:Inventory.Inventory'. Unknown structure.
[2016.04.16-12.49.47:959][627]LogLinker:Warning: Can't find file '/Game/Blueprints/EActivePower'
[2016.04.16-12.49.47:959][627]LogLinker:Warning: Can't find file for asset '/Game/Blueprints/EActivePower' while loading NULL.
[2016.04.16-12.49.47:959][627]LogLinker:Warning: Can't find file '/Game/Blueprints/EPlayerStates'
[2016.04.16-12.49.47:959][627]LogLinker:Warning: Can't find file for asset '/Game/Blueprints/EPlayerStates' while loading NULL.
[2016.04.16-12.49.47:959][627]LogLinker:Warning: Can't find file '/Game/Blueprints/InventoryItem'
[2016.04.16-12.49.47:959][627]LogLinker:Warning: Can't find file for asset '/Game/Blueprints/InventoryItem' while loading NULL.
[2016.04.16-12.49.47:959][627]LogLinker:Warning: Can't find file '/Game/Blueprints/EActivePower'
[2016.04.16-12.49.47:959][627]LogLinker:Warning: Can't find file for asset '/Game/Blueprints/EActivePower' while loading NULL.
[2016.04.16-12.49.47:959][627]LogLinker:Warning: Can't find file '/Game/Blueprints/EPlayerStates'
[2016.04.16-12.49.47:959][627]LogLinker:Warning: Can't find file for asset '/Game/Blueprints/EPlayerStates' while loading NULL.
[2016.04.16-12.49.47:960][627]LogLinker:Warning: Can't find file '/Game/Blueprints/InventoryItem'
[2016.04.16-12.49.47:960][627]LogLinker:Warning: Can't find file for asset '/Game/Blueprints/InventoryItem' while loading NULL.
[2016.04.16-12.49.47:960][627]LogLinker:Warning: Can't find file '/Game/Blueprints/EPlayerStates'
[2016.04.16-12.49.47:960][627]LoadErrors: Info Failed to load /Game/Blueprints/EPlayerStates.EPlayerStates Referenced by PlayerDummy
[2016.04.16-12.49.47:960][627]LogLinker:Warning: Can't find file for asset '/Game/Blueprints/EPlayerStates' while loading NULL.
[2016.04.16-12.49.47:960][627]LogLinker:Warning: Can't find file '/Game/Blueprints/EActivePower'
[2016.04.16-12.49.47:960][627]LoadErrors: Info Failed to load /Game/Blueprints/EActivePower.EActivePower Referenced by PlayerDummy
[2016.04.16-12.49.47:960][627]LogLinker:Warning: Can't find file for asset '/Game/Blueprints/EActivePower' while loading NULL.
[2016.04.16-12.49.47:960][627]LogLinker:Warning: Can't find file '/Game/Blueprints/InventoryItem'
[2016.04.16-12.49.47:961][627]LoadErrors: Info Failed to load /Game/Blueprints/InventoryItem.InventoryItem Referenced by PlayerDummy
[2016.04.16-12.49.47:961][627]LogLinker:Warning: Can't find file for asset '/Game/Blueprints/InventoryItem' while loading NULL.
[2016.04.16-12.49.47:962][627]LogLinker:Warning: Can't find file '/Game/Blueprints/EPlayerStates'
[2016.04.16-12.49.47:962][627]LoadErrors: Info Failed to load /Game/Blueprints/EPlayerStates.EPlayerStates Referenced by K2Node_SwitchEnum_203
[2016.04.16-12.49.47:962][627]LogLinker:Warning: Can't find file for asset '/Game/Blueprints/EPlayerStates' while loading NULL.
[2016.04.16-12.49.47:962][627]LogLinker:Warning: Can't find file '/Game/Blueprints/EPlayerStates'
[2016.04.16-12.49.47:962][627]LoadErrors: Info Failed to load /Game/Blueprints/EPlayerStates.EPlayerStates Referenced by EdGraphPin_11396
[2016.04.16-12.49.47:962][627]LogLinker:Warning: Can't find file for asset '/Game/Blueprints/EPlayerStates' while loading NULL.
[2016.04.16-12.49.47:963][627]LogLinker:Warning: Can't find file '/Game/Blueprints/EPlayerStates'
[2016.04.16-12.49.47:963][627]LoadErrors: Info Failed to load /Game/Blueprints/EPlayerStates.EPlayerStates Referenced by EdGraphPin_11389
[2016.04.16-12.49.47:963][627]LogLinker:Warning: Can't find file for asset '/Game/Blueprints/EPlayerStates' while loading NULL.
[2016.04.16-12.49.47:965][627]LogLinker:Warning: Can't find file '/Game/Blueprints/InventoryItem'
[2016.04.16-12.49.47:965][627]LoadErrors: Info Failed to load /Game/Blueprints/InventoryItem.InventoryItem Referenced by K2Node_MacroInstance_46
[2016.04.16-12.49.47:965][627]LogLinker:Warning: Can't find file for asset '/Game/Blueprints/InventoryItem' while loading NULL.
[2016.04.16-12.49.47:966][627]LogLinker:Warning: Can't find file '/Game/Blueprints/InventoryItem'
[2016.04.16-12.49.47:966][627]LoadErrors: Info Failed to load /Game/Blueprints/InventoryItem.InventoryItem Referenced by EdGraphPin_30212
[2016.04.16-12.49.47:966][627]LogLinker:Warning: Can't find file for asset '/Game/Blueprints/InventoryItem' while loading NULL.
[2016.04.16-12.49.47:966][627]LogLinker:Warning: Can't find file '/Game/Blueprints/InventoryItem'
[2016.04.16-12.49.47:966][627]LoadErrors: Info Failed to load /Game/Blueprints/InventoryItem.InventoryItem Referenced by EdGraphPin_30214
[2016.04.16-12.49.47:966][627]LogLinker:Warning: Can't find file for asset '/Game/Blueprints/InventoryItem' while loading NULL.
[2016.04.16-12.49.47:966][627]LogLinker:Warning: Can't find file '/Game/Blueprints/InventoryItem'
[2016.04.16-12.49.47:966][627]LoadErrors: Info Failed to load /Game/Blueprints/InventoryItem.InventoryItem Referenced by EdGraphPin_30209
[2016.04.16-12.49.47:967][627]LogLinker:Warning: Can't find file for asset '/Game/Blueprints/InventoryItem' while loading NULL.
[2016.04.16-12.49.47:982][627]LogBlueprint:Warning: [PlayerDummy] CreatePinForVariable: 'Inventory' variable not found. Base class was probably changed.
[2016.04.16-12.49.47:983][627]LogBlueprint:Error: [compiler PlayerDummy] Error The variable Inventory declared in  PlayerDummy  has an invalid type Array of Structures
[2016.04.16-12.49.47:987][627]LogBlueprint:Warning: [compiler PlayerDummy] Warning Could not find a variable named "Inventory" in 'PlayerDummy_C'.
Make sure 'PlayerDummy_C' has been compiled for  Get Inventory 
[2016.04.16-12.49.47:988][627]LogBlueprint:Error: [compiler PlayerDummy] Error The property associated with  Inventory  could not be found
[2016.04.16-12.49.47:988][627]LogBlueprint:Error: [compiler PlayerDummy] Error Failed to create property CallFunc_Array_Length_TargetArray from  Target Array  due to a bad or unknown type (Array of Structures)
[2016.04.16-12.49.47:988][627]LogBlueprint:Error: [compiler PlayerDummy] Error Failed to create property CallFunc_Array_Get_TargetArray from  Target Array  due to a bad or unknown type (Array of Structures)
[2016.04.16-12.49.47:988][627]LogBlueprint:Error: [compiler PlayerDummy] Error Failed to create property CallFunc_Array_Get_Item from  Item  due to a bad or unknown type (Structure)
[2016.04.16-12.49.47:992][627]LogBlueprint:Warning: [compiler PlayerDummy] Warning [0632.60] Compile of PlayerDummy failed. 5 Fatal Issue(s) 1 Warning(s) [in 8 ms]
[2016.04.16-12.49.47:992][627]LogBlueprint:Warning: [compiler PlayerDummy] Warning [0632.60] Compile of PlayerDummy failed. 5 Fatal Issue(s) 2 Warning(s) [in 0 ms]
[2016.04.16-12.49.47:992][627]LogBlueprint:Warning: [compiler PlayerDummy] Warning [0632.60] Compile of PlayerDummy failed. 5 Fatal Issue(s) 3 Warning(s) [in 0 ms]
[2016.04.16-12.49.52:772][627]LogEnum:Warning: Enum name collision: 'EFloorAngles::NewEnumerator0' is in both '/Game/FromPrototype/WorldRip/Blueprints/teleport/EFloorAngles.EFloorAngles' and '/Game/FromPrototype/Blueprints/teleport/EFloorAngles.EFloorAngles'
[2016.04.16-12.49.52:772][627]LogEnum:Warning: Enum name collision: 'EFloorAngles::NewEnumerator1' is in both '/Game/FromPrototype/WorldRip/Blueprints/teleport/EFloorAngles.EFloorAngles' and '/Game/FromPrototype/Blueprints/teleport/EFloorAngles.EFloorAngles'
[2016.04.16-12.49.52:772][627]LogEnum:Warning: Enum name collision: 'EFloorAngles::NewEnumerator2' is in both '/Game/FromPrototype/WorldRip/Blueprints/teleport/EFloorAngles.EFloorAngles' and '/Game/FromPrototype/Blueprints/teleport/EFloorAngles.EFloorAngles'
[2016.04.16-12.49.52:772][627]LogEnum:Warning: Enum name collision: 'EFloorAngles::NewEnumerator3' is in both '/Game/FromPrototype/WorldRip/Blueprints/teleport/EFloorAngles.EFloorAngles' and '/Game/FromPrototype/Blueprints/teleport/EFloorAngles.EFloorAngles'
[2016.04.16-12.49.52:772][627]LogEnum:Warning: Enum name collision: 'EFloorAngles::NewEnumerator4' is in both '/Game/FromPrototype/WorldRip/Blueprints/teleport/EFloorAngles.EFloorAngles' and '/Game/FromPrototype/Blueprints/teleport/EFloorAngles.EFloorAngles'
[2016.04.16-12.49.52:772][627]LogEnum:Warning: Enum name collision: 'EFloorAngles::NewEnumerator5' is in both '/Game/FromPrototype/WorldRip/Blueprints/teleport/EFloorAngles.EFloorAngles' and '/Game/FromPrototype/Blueprints/teleport/EFloorAngles.EFloorAngles'
[2016.04.16-12.49.52:772][627]LogEnum:Warning: Enum name collision: 'EFloorAngles::EFloorAngles_MAX' is in both '/Game/FromPrototype/WorldRip/Blueprints/teleport/EFloorAngles.EFloorAngles' and '/Game/FromPrototype/Blueprints/teleport/EFloorAngles.EFloorAngles'
[2016.04.16-12.49.52:772][627]LogEnum:Warning: Enum name collision: 'EFloorAngles::NewEnumerator0' is in both '/Game/FromPrototype/WorldRip/Blueprints/teleport/EFloorAngles.EFloorAngles' and '/Game/FromPrototype/Blueprints/teleport/EFloorAngles.EFloorAngles'
[2016.04.16-12.49.52:772][627]LogEnum:Warning: Enum name collision: 'EFloorAngles::NewEnumerator1' is in both '/Game/FromPrototype/WorldRip/Blueprints/teleport/EFloorAngles.EFloorAngles' and '/Game/FromPrototype/Blueprints/teleport/EFloorAngles.EFloorAngles'
[2016.04.16-12.49.52:772][627]LogEnum:Warning: Enum name collision: 'EFloorAngles::NewEnumerator2' is in both '/Game/FromPrototype/WorldRip/Blueprints/teleport/EFloorAngles.EFloorAngles' and '/Game/FromPrototype/Blueprints/teleport/EFloorAngles.EFloorAngles'
[2016.04.16-12.49.52:772][627]LogEnum:Warning: Enum name collision: 'EFloorAngles::NewEnumerator3' is in both '/Game/FromPrototype/WorldRip/Blueprints/teleport/EFloorAngles.EFloorAngles' and '/Game/FromPrototype/Blueprints/teleport/EFloorAngles.EFloorAngles'
[2016.04.16-12.49.52:772][627]LogEnum:Warning: Enum name collision: 'EFloorAngles::NewEnumerator4' is in both '/Game/FromPrototype/WorldRip/Blueprints/teleport/EFloorAngles.EFloorAngles' and '/Game/FromPrototype/Blueprints/teleport/EFloorAngles.EFloorAngles'
[2016.04.16-12.49.52:772][627]LogEnum:Warning: Enum name collision: 'EFloorAngles::NewEnumerator5' is in both '/Game/FromPrototype/WorldRip/Blueprints/teleport/EFloorAngles.EFloorAngles' and '/Game/FromPrototype/Blueprints/teleport/EFloorAngles.EFloorAngles'
[2016.04.16-12.49.52:864][627]LogContentBrowser: Native class hierarchy updated for 'BlueprintGraph' in 0.0007 seconds. Added 108 classes and 0 folders.
[2016.04.16-12.49.53:465][627]LogTexture:Display: Building textures: TilePatine_N (BC5)
[2016.04.16-12.49.53:514][627]LogTexture:Display: Building textures: TilePatine_D (AutoDXT)
[2016.04.16-12.49.53:975][627]LogTexture:Display: Building textures: BadBlueprintSprite (BGRA8)
[2016.04.16-12.49.54:000][627]LogTexture:Display: Building textures: Blueprint_64x (BGRA8)
[2016.04.16-12.49.59:674][129]BlueprintLog: New page: Compile PlayerDummy
[2016.04.16-12.49.59:695][129]LogBlueprint:Error: [compiler PlayerDummy] Error Failed to create property K2Node_MakeArray_Array from  ForEachLoop  due to a bad or unknown type (Array of Structures)
[2016.04.16-12.49.59:695][129]LogBlueprint:Error: [compiler PlayerDummy] Error Failed to create property CallFunc_Array_Get_Item from  Item  due to a bad or unknown type (Structure)
[2016.04.16-12.49.59:879][129]LogBlueprint:Warning: [compiler PlayerDummy] Warning [0644.49] Compile of PlayerDummy failed. 2 Fatal Issue(s) 0 Warning(s) [in 205 ms]
[2016.04.16-12.49.59:879][129]BlueprintEditorCompileResults:Error: Error Failed to create property K2Node_MakeArray_Array from  ForEachLoop  due to a bad or unknown type (Array of Structures)
[2016.04.16-12.49.59:879][129]BlueprintEditorCompileResults:Error: Error Failed to create property CallFunc_Array_Get_Item from  Item  due to a bad or unknown type (Structure)
[2016.04.16-12.49.59:879][129]BlueprintEditorCompileResults:Warning: Warning [0644.49] Compile of PlayerDummy failed. 2 Fatal Issue(s) 0 Warning(s) [in 205 ms]
[2016.04.16-12.50.40:041][583]LogClass:Warning: Type mismatch in InventoryItems of SKEL_PlayerDummy_C - Previous (StructProperty) Current(ArrayProperty) for package:  FObjectReader
[2016.04.16-12.51.17:368][743]BlueprintLog: New page: Compile PlayerDummy
[2016.04.16-12.51.17:520][743]BlueprintEditorCompileResults: Info [0722.13] Compile of PlayerDummy successful! [in 151 ms]
[2016.04.16-12.51.18:183][802]LogSavePackage: Save=59.64ms
[2016.04.16-12.51.18:183][802]LogSavePackage: Moving '../../../../../../Users/AdamEdinburgh/Documents/GitHub/WorldShiftBase/WorldShiftBase/Saved/PlayerDummyBCFAA457411D46E705C60EABB59D9FDB.tmp' to '../../../../../../Users/AdamEdinburgh/Documents/GitHub/WorldShiftBase/WorldShiftBase/Content/FromPrototype/Blueprints/PlayerDummy.uasset'
[2016.04.16-12.51.18:187][802]LogSavePackage: Total save time: 83.74ms
[2016.04.16-12.51.18:187][802]LogSavePackage:Display: Finished SavePackage ../../../../../../Users/AdamEdinburgh/Documents/GitHub/WorldShiftBase/WorldShiftBase/Content/FromPrototype/Blueprints/PlayerDummy.uasset
[2016.04.16-12.51.31:279][235]BlueprintLog: New page: Compile PlayerDummy
[2016.04.16-12.51.31:360][235]BlueprintEditorCompileResults: Info [0735.97] Compile of PlayerDummy successful! [in 80 ms]
[2016.04.16-12.51.31:914][288]LogSavePackage: Save=49.92ms
[2016.04.16-12.51.31:914][288]LogSavePackage: Moving '../../../../../../Users/AdamEdinburgh/Documents/GitHub/WorldShiftBase/WorldShiftBase/Saved/PlayerDummyE8A0717446C52BA31E7563B9FFF046F6.tmp' to '../../../../../../Users/AdamEdinburgh/Documents/GitHub/WorldShiftBase/WorldShiftBase/Content/FromPrototype/Blueprints/PlayerDummy.uasset'
[2016.04.16-12.51.31:916][288]LogSavePackage: Total save time: 52.23ms
[2016.04.16-12.51.31:916][288]LogSavePackage:Display: Finished SavePackage ../../../../../../Users/AdamEdinburgh/Documents/GitHub/WorldShiftBase/WorldShiftBase/Content/FromPrototype/Blueprints/PlayerDummy.uasset
[2016.04.16-12.52.01:981][865]LogFileHelpers: Editor autosave (incl. sublevels) for '/Temp/Untitled_1' took 0.015
[2016.04.16-12.56.40:611][949]BlueprintLog: New page: Compile PlayerDummy
[2016.04.16-12.56.40:691][949]BlueprintEditorCompileResults: Info [1045.30] Compile of PlayerDummy successful! [in 80 ms]
[2016.04.16-12.56.41:149][990]LogSavePackage: Save=48.47ms
[2016.04.16-12.56.41:149][990]LogSavePackage: Moving '../../../../../../Users/AdamEdinburgh/Documents/GitHub/WorldShiftBase/WorldShiftBase/Saved/PlayerDummyFC1DD18D49B5F46CEF045DA6D6A07CA3.tmp' to '../../../../../../Users/AdamEdinburgh/Documents/GitHub/WorldShiftBase/WorldShiftBase/Content/FromPrototype/Blueprints/PlayerDummy.uasset'
[2016.04.16-12.56.41:152][990]LogSavePackage: Total save time: 54.54ms
[2016.04.16-12.56.41:152][990]LogSavePackage:Display: Finished SavePackage ../../../../../../Users/AdamEdinburgh/Documents/GitHub/WorldShiftBase/WorldShiftBase/Content/FromPrototype/Blueprints/PlayerDummy.uasset
[2016.04.16-12.57.19:087][500]SourceControl:Error: Error Failed to enable Git source control. You need to initialize the project as a Git repository first.
[2016.04.16-12.58.10:648][ 94]BlueprintLog: New page: Compile PlayerDummy
[2016.04.16-12.58.10:665][ 94]LogBlueprint:Warning: [compiler PlayerDummy] Warning Can't parse default value 'False' for  Trigger Pressed . Property: TriggerPressed.
[2016.04.16-12.58.10:771][ 94]LogBlueprint:Warning: [compiler PlayerDummy] Warning [1135.38] Compile of PlayerDummy successful, but with 1 Warning(s) [in 122 ms]
[2016.04.16-12.58.10:771][ 94]BlueprintEditorCompileResults:Warning: Warning Can't parse default value 'False' for  Trigger Pressed . Property: TriggerPressed.
[2016.04.16-12.58.10:771][ 94]BlueprintEditorCompileResults:Warning: Warning [1135.38] Compile of PlayerDummy successful, but with 1 Warning(s) [in 122 ms]
[2016.04.16-12.58.11:240][138]LogSavePackage: Save=51.63ms
[2016.04.16-12.58.11:240][138]LogSavePackage: Moving '../../../../../../Users/AdamEdinburgh/Documents/GitHub/WorldShiftBase/WorldShiftBase/Saved/PlayerDummy83652AF8482EDDC93AFD8F96D84278D6.tmp' to '../../../../../../Users/AdamEdinburgh/Documents/GitHub/WorldShiftBase/WorldShiftBase/Content/FromPrototype/Blueprints/PlayerDummy.uasset'
[2016.04.16-12.58.11:243][138]LogSavePackage: Total save time: 54.97ms
[2016.04.16-12.58.11:243][138]LogSavePackage:Display: Finished SavePackage ../../../../../../Users/AdamEdinburgh/Documents/GitHub/WorldShiftBase/WorldShiftBase/Content/FromPrototype/Blueprints/PlayerDummy.uasset
[2016.04.16-12.58.21:548][281]BlueprintLog: New page: Compile PlayerDummy
[2016.04.16-12.58.21:626][281]BlueprintEditorCompileResults: Info [1146.23] Compile of PlayerDummy successful! [in 78 ms]
[2016.04.16-12.58.22:170][331]LogSavePackage: Save=51.64ms
[2016.04.16-12.58.22:170][331]LogSavePackage: Moving '../../../../../../Users/AdamEdinburgh/Documents/GitHub/WorldShiftBase/WorldShiftBase/Saved/PlayerDummyF3D48F754B8571BEF886AFA6E76E973C.tmp' to '../../../../../../Users/AdamEdinburgh/Documents/GitHub/WorldShiftBase/WorldShiftBase/Content/FromPrototype/Blueprints/PlayerDummy.uasset'
[2016.04.16-12.58.22:172][331]LogSavePackage: Total save time: 54.28ms
[2016.04.16-12.58.22:172][331]LogSavePackage:Display: Finished SavePackage ../../../../../../Users/AdamEdinburgh/Documents/GitHub/WorldShiftBase/WorldShiftBase/Content/FromPrototype/Blueprints/PlayerDummy.uasset
[2016.04.16-12.58.36:343][849]BlueprintLog: New page: Compile PlayerDummy
[2016.04.16-12.58.36:422][849]BlueprintEditorCompileResults: Info [1161.03] Compile of PlayerDummy successful! [in 78 ms]
[2016.04.16-12.58.36:835][884]LogSavePackage: Save=54.19ms
[2016.04.16-12.58.36:835][884]LogSavePackage: Moving '../../../../../../Users/AdamEdinburgh/Documents/GitHub/WorldShiftBase/WorldShiftBase/Saved/PlayerDummyA043BB3C49A02FE2ADE0B3AA3DF9F1E8.tmp' to '../../../../../../Users/AdamEdinburgh/Documents/GitHub/WorldShiftBase/WorldShiftBase/Content/FromPrototype/Blueprints/PlayerDummy.uasset'
[2016.04.16-12.58.36:837][884]LogSavePackage: Total save time: 56.61ms
[2016.04.16-12.58.36:837][884]LogSavePackage:Display: Finished SavePackage ../../../../../../Users/AdamEdinburgh/Documents/GitHub/WorldShiftBase/WorldShiftBase/Content/FromPrototype/Blueprints/PlayerDummy.uasset
[2016.04.16-12.59.43:944][ 60]LogTemp: Dropped InventoryItems on Category Inventory
[2016.04.16-13.00.02:416][920]BlueprintLog: New page: Compile PlayerDummy
[2016.04.16-13.00.02:541][920]BlueprintEditorCompileResults: Info [1247.15] Compile of PlayerDummy successful! [in 125 ms]
[2016.04.16-13.00.03:043][961]LogSavePackage: Save=52.85ms
[2016.04.16-13.00.03:043][961]LogSavePackage: Moving '../../../../../../Users/AdamEdinburgh/Documents/GitHub/WorldShiftBase/WorldShiftBase/Saved/PlayerDummy0C6F7689475F4ACF691B9CAC0FA45C4D.tmp' to '../../../../../../Users/AdamEdinburgh/Documents/GitHub/WorldShiftBase/WorldShiftBase/Content/FromPrototype/Blueprints/PlayerDummy.uasset'
[2016.04.16-13.00.03:045][961]LogSavePackage: Total save time: 55.64ms
[2016.04.16-13.00.03:045][961]LogSavePackage:Display: Finished SavePackage ../../../../../../Users/AdamEdinburgh/Documents/GitHub/WorldShiftBase/WorldShiftBase/Content/FromPrototype/Blueprints/PlayerDummy.uasset
[2016.04.16-13.00.09:484][568]LogRenderer: Reallocating scene render targets to support 752x480 (Frame:34957).
[2016.04.16-13.00.14:179][ 82]LogRenderer: Reallocating scene render targets to support 752x496 (Frame:35732).
[2016.04.16-13.00.18:252][570]SourceControl: Info Source control is disabled
[2016.04.16-13.02.02:755][ 89]LogFileHelpers: Editor autosave (incl. sublevels) for '/Temp/Untitled_1' took 0.017
[2016.04.16-13.02.48:914][403]LogEditorViewport: Clicking on Actor (LMB): PlayerStart (Player Start)
[2016.04.16-13.05.04:011][923]LogMetaData: Removing '/Game/FromPrototype/Blueprints/WSPlayerCameraManager.WSPlayerCameraManager:UserConstructionScript.K2Node_FunctionEntry_159' ref from Metadata '/Game/FromPrototype/Blueprints/PlayerCameraManager.PackageMetaData'
[2016.04.16-13.05.04:011][923]LogMetaData: Removing '/Game/FromPrototype/Blueprints/WSPlayerCameraManager.SKEL_WSPlayerCameraManager_C' ref from Metadata '/Game/FromPrototype/Blueprints/PlayerCameraManager.PackageMetaData'
[2016.04.16-13.05.04:011][923]LogMetaData: Removing '/Game/FromPrototype/Blueprints/WSPlayerCameraManager.WSPlayerCameraManager_C' ref from Metadata '/Game/FromPrototype/Blueprints/PlayerCameraManager.PackageMetaData'
[2016.04.16-13.05.04:011][923]LogMetaData: Removing '/Game/FromPrototype/Blueprints/WSPlayerCameraManager.WSPlayerCameraManager:EventGraph.K2Node_Event_206' ref from Metadata '/Game/FromPrototype/Blueprints/PlayerCameraManager.PackageMetaData'
[2016.04.16-13.05.04:011][923]LogMetaData: Removing '/Game/FromPrototype/Blueprints/WSPlayerCameraManager.WSPlayerCameraManager:EventGraph.K2Node_Event_207' ref from Metadata '/Game/FromPrototype/Blueprints/PlayerCameraManager.PackageMetaData'
[2016.04.16-13.05.04:011][923]LogMetaData: Removing '/Game/FromPrototype/Blueprints/WSPlayerCameraManager.WSPlayerCameraManager:EventGraph.K2Node_Event_208' ref from Metadata '/Game/FromPrototype/Blueprints/PlayerCameraManager.PackageMetaData'
[2016.04.16-13.05.04:056][923]LogSavePackage: Save=12.32ms
[2016.04.16-13.05.04:056][923]LogSavePackage: Moving '../../../../../../Users/AdamEdinburgh/Documents/GitHub/WorldShiftBase/WorldShiftBase/Saved/WSPlayerCameraManagerC693FFC147F9E2154900D3B9A0B51D60.tmp' to '../../../../../../Users/AdamEdinburgh/Documents/GitHub/WorldShiftBase/WorldShiftBase/Content/FromPrototype/Blueprints/WSPlayerCameraManager.uasset'
[2016.04.16-13.05.04:057][923]LogSavePackage: Total save time: 14.43ms
[2016.04.16-13.05.04:057][923]LogSavePackage:Display: Finished SavePackage ../../../../../../Users/AdamEdinburgh/Documents/GitHub/WorldShiftBase/WorldShiftBase/Content/FromPrototype/Blueprints/WSPlayerCameraManager.uasset
[2016.04.16-13.05.23:424][196]LogSlate:Warning: Prevented a slow task dialog from being summoned while a context menu was open
[2016.04.16-13.06.40:064][369]LogSavePackage: Save=11.28ms
[2016.04.16-13.06.40:064][369]LogSavePackage: Moving '../../../../../../Users/AdamEdinburgh/Documents/GitHub/WorldShiftBase/WorldShiftBase/Saved/WSPlayerCameraManagerD804A10F4DD36249103C419C7B3E62F3.tmp' to '../../../../../../Users/AdamEdinburgh/Documents/GitHub/WorldShiftBase/WorldShiftBase/Content/FromPrototype/Blueprints/WSPlayerCameraManager.uasset'
[2016.04.16-13.06.40:065][369]LogSavePackage: Total save time: 15.99ms
[2016.04.16-13.06.40:065][369]LogSavePackage:Display: Finished SavePackage ../../../../../../Users/AdamEdinburgh/Documents/GitHub/WorldShiftBase/WorldShiftBase/Content/FromPrototype/Blueprints/WSPlayerCameraManager.uasset
[2016.04.16-13.07.21:319][706]LogSavePackage: Save=14.72ms
[2016.04.16-13.07.21:319][706]LogSavePackage: Moving '../../../../../../Users/AdamEdinburgh/Documents/GitHub/WorldShiftBase/WorldShiftBase/Saved/WSPlayerController8A1995904B9278296B380698051953FB.tmp' to '../../../../../../Users/AdamEdinburgh/Documents/GitHub/WorldShiftBase/WorldShiftBase/Content/FromPrototype/Blueprints/WSPlayerController.uasset'
[2016.04.16-13.07.21:321][706]LogSavePackage: Total save time: 16.88ms
[2016.04.16-13.07.21:321][706]LogSavePackage:Display: Finished SavePackage ../../../../../../Users/AdamEdinburgh/Documents/GitHub/WorldShiftBase/WorldShiftBase/Content/FromPrototype/Blueprints/WSPlayerController.uasset
[2016.04.16-13.07.31:620][936]BlueprintLog: New page: Compile WSPlayerController
[2016.04.16-13.07.31:739][936]BlueprintEditorCompileResults: Info [1696.35] Compile of WSPlayerController successful! [in 118 ms]
[2016.04.16-13.07.32:180][983]LogSavePackage: Save=10.24ms
[2016.04.16-13.07.32:180][983]LogSavePackage: Moving '../../../../../../Users/AdamEdinburgh/Documents/GitHub/WorldShiftBase/WorldShiftBase/Saved/WSPlayerController4EA25BA0444ADAEA04E26EB4D0DB6A68.tmp' to '../../../../../../Users/AdamEdinburgh/Documents/GitHub/WorldShiftBase/WorldShiftBase/Content/FromPrototype/Blueprints/WSPlayerController.uasset'
[2016.04.16-13.07.32:182][983]LogSavePackage: Total save time: 15.91ms
[2016.04.16-13.07.32:182][983]LogSavePackage:Display: Finished SavePackage ../../../../../../Users/AdamEdinburgh/Documents/GitHub/WorldShiftBase/WorldShiftBase/Content/FromPrototype/Blueprints/WSPlayerController.uasset
[2016.04.16-13.10.03:418][903]LogInit:Warning: CVar named 'vr.InstancedStereo' marked up in RendererSettings was not found or is set to read-only
[2016.04.16-13.10.14:332][172]Cmd: CLOSE_SLATE_MAINFRAME
[2016.04.16-13.10.16:725][172]LogSavePackage: Save=3.18ms
[2016.04.16-13.10.16:725][172]LogSavePackage: Moving '../../../../../../Users/AdamEdinburgh/Documents/GitHub/WorldShiftBase/WorldShiftBase/Saved/PlayerCameraManager33E84F744B5D98F416EC1686D29E00E4.tmp' to '../../../../../../Users/AdamEdinburgh/Documents/GitHub/WorldShiftBase/WorldShiftBase/Content/FromPrototype/Blueprints/PlayerCameraManager.uasset'
[2016.04.16-13.10.16:727][172]LogSavePackage: Total save time: 5.11ms
[2016.04.16-13.10.16:727][172]LogSavePackage:Display: Finished SavePackage ../../../../../../Users/AdamEdinburgh/Documents/GitHub/WorldShiftBase/WorldShiftBase/Content/FromPrototype/Blueprints/PlayerCameraManager.uasset
[2016.04.16-13.10.16:812][172]LogActorComponent: UnregisterComponent: (/Engine/Transient.EditorFloorComp) Not registered. Aborting.
[2016.04.16-13.10.17:111][173]Cmd: QUIT_EDITOR
[2016.04.16-13.10.17:181][173]LogWindowsTextInputMethodSystem:Display: IME system now deactivated.
[2016.04.16-13.10.17:221][173]LogExit: Preparing to exit.
[2016.04.16-13.10.18:543][173]LogExit: Editor shut down
[2016.04.16-13.10.18:544][173]LogExit: Transaction tracking system shut down
[2016.04.16-13.10.18:759][173]LogObj: Freed 0b from 0 cluster array pools.
[2016.04.16-13.10.18:760][173]LogExit: Object subsystem successfully closed.
[2016.04.16-13.10.18:787][173]LogD3D11RHI: Shutdown
[2016.04.16-13.10.18:787][173]LogD3D11RHI: CleanupD3DDevice
[2016.04.16-13.10.18:855][173]LogD3D11RHI: ~FD3D11DynamicRHI
[2016.04.16-13.10.18:873][173]LogDerivedDataCache: Shutdown
[2016.04.16-13.10.18:873][173]LogModuleManager: Shutting down and abandoning module ExternalImagePicker (205)
[2016.04.16-13.10.18:873][173]LogModuleManager: Shutting down and abandoning module BlueprintGraph (204)
[2016.04.16-13.10.18:873][173]LogModuleManager: Shutting down and abandoning module HierarchicalLODOutliner (203)
[2016.04.16-13.10.18:873][173]LogModuleManager: Shutting down and abandoning module CrashTracker (202)
[2016.04.16-13.10.18:873][173]LogModuleManager: Shutting down and abandoning module SceneOutliner (201)
[2016.04.16-13.10.18:874][173]LogModuleManager: Shutting down and abandoning module SuperSearch (200)
[2016.04.16-13.10.18:874][173]LogModuleManager: Shutting down and abandoning module WidgetCarousel (199)
[2016.04.16-13.10.18:874][173]LogModuleManager: Shutting down and abandoning module AddContentDialog (198)
[2016.04.16-13.10.18:881][173]LogModuleManager: Shutting down and abandoning module GameplayTags (197)
[2016.04.16-13.10.18:881][173]LogModuleManager: Shutting down and abandoning module EditorWidgets (196)
[2016.04.16-13.10.18:881][173]LogModuleManager: Shutting down and abandoning module CollectionManager (195)
[2016.04.16-13.10.18:881][173]LogModuleManager: Shutting down and abandoning module StatsViewer (194)
[2016.04.16-13.10.18:881][173]LogModuleManager: Shutting down and abandoning module FoliageEdit (193)
[2016.04.16-13.10.18:881][173]LogModuleManager: Shutting down and abandoning module LandscapeEditor (192)
[2016.04.16-13.10.18:881][173]LogModuleManager: Shutting down and abandoning module ActorPickerMode (191)
[2016.04.16-13.10.18:881][173]LogModuleManager: Shutting down and abandoning module GeometryMode (190)
[2016.04.16-13.10.18:881][173]LogModuleManager: Shutting down and abandoning module TextureAlignMode (189)
[2016.04.16-13.10.18:881][173]LogModuleManager: Shutting down and abandoning module BspMode (188)
[2016.04.16-13.10.18:881][173]LogModuleManager: Shutting down and abandoning module PlacementMode (187)
[2016.04.16-13.10.18:881][173]LogModuleManager: Shutting down and abandoning module AutomationWorker (186)
[2016.04.16-13.10.18:881][173]LogModuleManager: Shutting down and abandoning module CharacterAI (185)
[2016.04.16-13.10.18:881][173]LogModuleManager: Shutting down and abandoning module SmartSnapping (184)
[2016.04.16-13.10.18:881][173]LogModuleManager: Shutting down and abandoning module ViewportSnapping (183)
[2016.04.16-13.10.18:881][173]LogModuleManager: Shutting down and abandoning module LogVisualizer (182)
[2016.04.16-13.10.18:881][173]LogModuleManager: Shutting down and abandoning module GameProjectGeneration (181)
[2016.04.16-13.10.18:882][173]LogModuleManager: Shutting down and abandoning module IntroTutorials (180)
[2016.04.16-13.10.18:882][173]LogModuleManager: Shutting down and abandoning module EditorLiveStreaming (179)
[2016.04.16-13.10.18:882][173]LogModuleManager: Shutting down and abandoning module IOSPlatformEditor (178)
[2016.04.16-13.10.18:882][173]LogModuleManager: Shutting down and abandoning module HTML5PlatformEditor (177)
[2016.04.16-13.10.18:882][173]LogModuleManager: Shutting down and abandoning module AndroidDeviceDetection (176)
[2016.04.16-13.10.19:207][173]LogModuleManager: Shutting down and abandoning module AndroidPlatformEditor (175)
[2016.04.16-13.10.19:207][173]LogModuleManager: Shutting down and abandoning module IOSRuntimeSettings (174)
[2016.04.16-13.10.19:207][173]LogModuleManager: Shutting down and abandoning module AndroidRuntimeSettings (173)
[2016.04.16-13.10.19:207][173]LogModuleManager: Shutting down and abandoning module MergeActors (172)
[2016.04.16-13.10.19:207][173]LogModuleManager: Shutting down and abandoning module SizeMap (171)
[2016.04.16-13.10.19:207][173]LogModuleManager: Shutting down and abandoning module TreeMap (170)
[2016.04.16-13.10.19:207][173]LogModuleManager: Shutting down and abandoning module ReferenceViewer (169)
[2016.04.16-13.10.19:207][173]LogModuleManager: Shutting down and abandoning module LocalizationService (168)
[2016.04.16-13.10.19:207][173]LogModuleManager: Shutting down and abandoning module LocalizationDashboard (167)
[2016.04.16-13.10.19:207][173]LogModuleManager: Shutting down and abandoning module HardwareTargeting (166)
[2016.04.16-13.10.19:207][173]LogModuleManager: Shutting down and abandoning module DeviceProfileEditor (165)
[2016.04.16-13.10.19:207][173]LogModuleManager: Shutting down and abandoning module UndoHistory (164)
[2016.04.16-13.10.19:207][173]LogModuleManager: Shutting down and abandoning module UserFeedback (163)
[2016.04.16-13.10.19:207][173]LogModuleManager: Shutting down and abandoning module XmlParser (162)
[2016.04.16-13.10.19:207][173]LogModuleManager: Shutting down and abandoning module Blutility (161)
[2016.04.16-13.10.19:207][173]LogModuleManager: Shutting down and abandoning module ProjectTargetPlatformEditor (160)
[2016.04.16-13.10.19:208][173]LogModuleManager: Shutting down and abandoning module ProjectSettingsViewer (159)
[2016.04.16-13.10.19:208][173]LogModuleManager: Shutting down and abandoning module InputBindingEditor (158)
[2016.04.16-13.10.19:208][173]LogModuleManager: Shutting down and abandoning module EditorSettingsViewer (157)
[2016.04.16-13.10.19:208][173]LogModuleManager: Shutting down and abandoning module SettingsEditor (156)
[2016.04.16-13.10.19:208][173]LogModuleManager: Shutting down and abandoning module ProjectLauncher (155)
[2016.04.16-13.10.19:208][173]LogModuleManager: Shutting down and abandoning module SessionFrontend (154)
[2016.04.16-13.10.19:208][173]LogModuleManager: Shutting down and abandoning module ProfilerClient (153)
[2016.04.16-13.10.19:208][173]LogModuleManager: Shutting down and abandoning module TargetDeviceServices (152)
[2016.04.16-13.10.19:208][173]LogModuleManager: Shutting down and abandoning module DeviceManager (151)
[2016.04.16-13.10.19:240][173]LogModuleManager: Shutting down and abandoning module AutomationController (150)
[2016.04.16-13.10.19:240][173]LogModuleManager: Shutting down and abandoning module AutomationWindow (149)
[2016.04.16-13.10.19:240][173]LogModuleManager: Shutting down and abandoning module Layers (148)
[2016.04.16-13.10.19:240][173]LogModuleManager: Shutting down and abandoning module ComponentVisualizers (147)
[2016.04.16-13.10.19:240][173]LogModuleManager: Shutting down and abandoning module DetailCustomizations (146)
[2016.04.16-13.10.19:240][173]LogModuleManager: Shutting down and abandoning module PackagesDialog (145)
[2016.04.16-13.10.19:240][173]LogModuleManager: Shutting down and abandoning module Persona (144)
[2016.04.16-13.10.19:240][173]LogModuleManager: Shutting down and abandoning module Kismet (143)
[2016.04.16-13.10.19:240][173]LogModuleManager: Shutting down and abandoning module GraphEditor (142)
[2016.04.16-13.10.19:240][173]LogModuleManager: Shutting down and abandoning module ClassViewer (141)
[2016.04.16-13.10.19:241][173]LogModuleManager: Shutting down and abandoning module Toolbox (140)
[2016.04.16-13.10.19:241][173]LogModuleManager: Shutting down and abandoning module ModuleUI (139)
[2016.04.16-13.10.19:241][173]LogModuleManager: Shutting down and abandoning module MovieSceneTools (138)
[2016.04.16-13.10.19:241][173]LogModuleManager: Shutting down and abandoning module OutputLog (137)
[2016.04.16-13.10.19:241][173]LogModuleManager: Shutting down and abandoning module GammaUI (136)
[2016.04.16-13.10.19:241][173]LogModuleManager: Shutting down and abandoning module Documentation (135)
[2016.04.16-13.10.19:241][173]LogModuleManager: Shutting down and abandoning module StreamingPauseRendering (134)
[2016.04.16-13.10.19:241][173]LogModuleManager: Shutting down and abandoning module AnalyticsET (133)
[2016.04.16-13.10.19:241][173]LogModuleManager: Shutting down and abandoning module Analytics (132)
[2016.04.16-13.10.19:241][173]LogModuleManager: Shutting down and abandoning module PortalServices (131)
[2016.04.16-13.10.19:241][173]LogModuleManager: Shutting down and abandoning module PortalRpc (130)
[2016.04.16-13.10.19:241][173]LogModuleManager: Shutting down and abandoning module MessagingRpc (129)
[2016.04.16-13.10.19:241][173]LogModuleManager: Shutting down and abandoning module AITestSuite (128)
[2016.04.16-13.10.19:241][173]LogModuleManager: Shutting down and abandoning module GameplayDebugger (127)
[2016.04.16-13.10.19:241][173]LogModuleManager: Shutting down and abandoning module AIModule (126)
[2016.04.16-13.10.19:241][173]LogModuleManager: Shutting down and abandoning module ProfilerService (125)
[2016.04.16-13.10.19:429][173]LogModuleManager: Shutting down and abandoning module TaskGraph (124)
[2016.04.16-13.10.19:429][173]LogModuleManager: Shutting down and abandoning module SlateRemote (123)
[2016.04.16-13.10.19:429][173]LogModuleManager: Shutting down and abandoning module SteamVRController (122)
[2016.04.16-13.10.19:429][173]LogModuleManager: Shutting down and abandoning module SteamVR (121)
[2016.04.16-13.10.19:429][173]LogModuleManager: Shutting down and abandoning module ProceduralMeshComponent (120)
[2016.04.16-13.10.19:429][173]LogModuleManager: Shutting down and abandoning module OculusLibrary (119)
[2016.04.16-13.10.19:429][173]LogModuleManager: Shutting down and abandoning module OculusInput (118)
[2016.04.16-13.10.19:429][173]LogModuleManager: Shutting down and abandoning module CustomMeshComponent (117)
[2016.04.16-13.10.19:429][173]LogModuleManager: Shutting down and abandoning module CableComponent (116)
[2016.04.16-13.10.19:429][173]LogModuleManager: Shutting down and abandoning module ArchVisCharacter (115)
[2016.04.16-13.10.19:429][173]LogModuleManager: Shutting down and abandoning module MediaPlayerEditor (114)
[2016.04.16-13.10.19:429][173]LogModuleManager: Shutting down and abandoning module HTML5Networking (113)
[2016.04.16-13.10.19:429][173]LogModuleManager: Shutting down and abandoning module SpeedTreeImporter (112)
[2016.04.16-13.10.19:429][173]LogModuleManager: Shutting down and abandoning module PluginBrowser (111)
[2016.04.16-13.10.19:429][173]LogModuleManager: Shutting down and abandoning module EpicSurvey (110)
[2016.04.16-13.10.19:429][173]LogModuleManager: Shutting down and abandoning module DesktopPlatform (109)
[2016.04.16-13.10.19:429][173]LogModuleManager: Shutting down and abandoning module VisualStudioSourceCodeAccess (108)
[2016.04.16-13.10.19:429][173]LogModuleManager: Shutting down and abandoning module UObjectPlugin (107)
[2016.04.16-13.10.19:429][173]LogModuleManager: Shutting down and abandoning module SubversionSourceControl (106)
[2016.04.16-13.10.19:429][173]LogModuleManager: Shutting down and abandoning module PerforceSourceControl (105)
[2016.04.16-13.10.19:429][173]LogModuleManager: Shutting down and abandoning module SourceControl (104)
[2016.04.16-13.10.19:429][173]LogModuleManager: Shutting down and abandoning module GitSourceControl (103)
[2016.04.16-13.10.19:429][173]LogModuleManager: Shutting down and abandoning module LightPropagationVolumeEditor (102)
[2016.04.16-13.10.19:429][173]LogModuleManager: Shutting down and abandoning module PaperTiledImporter (101)
[2016.04.16-13.10.19:429][173]LogModuleManager: Shutting down and abandoning module PaperSpriteSheetImporter (100)
[2016.04.16-13.10.19:429][173]LogModuleManager: Shutting down and abandoning module MeshPaint (99)
[2016.04.16-13.10.19:429][173]LogModuleManager: Shutting down and abandoning module HotReload (98)
[2016.04.16-13.10.19:430][173]LogModuleManager: Shutting down and abandoning module MainFrame (97)
[2016.04.16-13.10.19:430][173]LogModuleManager: Shutting down and abandoning module LevelEditor (96)
[2016.04.16-13.10.19:431][173]LogModuleManager: Shutting down and abandoning module DirectoryWatcher (95)
[2016.04.16-13.10.19:443][173]LogModuleManager: Shutting down and abandoning module AssetRegistry (94)
[2016.04.16-13.10.19:702][173]LogModuleManager: Shutting down and abandoning module ContentBrowser (93)
[2016.04.16-13.10.19:703][173]LogModuleManager: Shutting down and abandoning module Paper2DEditor (92)
[2016.04.16-13.10.19:703][173]LogModuleManager: Shutting down and abandoning module UdpMessaging (91)
[2016.04.16-13.10.19:803][173]LogModuleManager: Shutting down and abandoning module LightPropagationVolumeRuntime (90)
[2016.04.16-13.10.19:803][173]LogModuleManager: Shutting down and abandoning module Paper2D (89)
[2016.04.16-13.10.19:803][173]LogModuleManager: Shutting down and abandoning module WindowsMoviePlayer (88)
[2016.04.16-13.10.19:803][173]LogModuleManager: Shutting down and abandoning module Media (87)
[2016.04.16-13.10.19:803][173]LogModuleManager: Shutting down and abandoning module WmfMedia (86)
[2016.04.16-13.10.19:803][173]LogModuleManager: Shutting down and abandoning module GameLiveStreaming (85)
[2016.04.16-13.10.19:803][173]LogModuleManager: Shutting down and abandoning module GameplayTagsEditor (84)
[2016.04.16-13.10.19:803][173]LogModuleManager: Shutting down and abandoning module OnlineBlueprintSupport (83)
[2016.04.16-13.10.19:803][173]LogModuleManager: Shutting down and abandoning module GameplayTasksEditor (82)
[2016.04.16-13.10.19:803][173]LogModuleManager: Shutting down and abandoning module PropertyEditor (81)
[2016.04.16-13.10.19:803][173]LogModuleManager: Shutting down and abandoning module BehaviorTreeEditor (80)
[2016.04.16-13.10.19:803][173]LogModuleManager: Shutting down and abandoning module FunctionalTesting (79)
[2016.04.16-13.10.19:803][173]LogModuleManager: Shutting down and abandoning module CollisionAnalyzer (78)
[2016.04.16-13.10.19:804][173]LogModuleManager: Shutting down and abandoning module WorkspaceMenuStructure (77)
[2016.04.16-13.10.19:804][173]LogModuleManager: Shutting down and abandoning module MessageLog (76)
[2016.04.16-13.10.19:804][173]LogModuleManager: Shutting down and abandoning module Sequencer (75)
[2016.04.16-13.10.19:804][173]LogModuleManager: Shutting down and abandoning module AssetTools (74)
[2016.04.16-13.10.19:804][173]LogModuleManager: Shutting down and abandoning module UMGEditor (73)
[2016.04.16-13.10.19:804][173]LogModuleManager: Shutting down and abandoning module UMG (72)
[2016.04.16-13.10.19:804][173]LogModuleManager: Shutting down and abandoning module SlateReflector (71)
[2016.04.16-13.10.19:804][173]LogModuleManager: Shutting down and abandoning module Slate (70)
[2016.04.16-13.10.19:804][173]LogModuleManager: Shutting down and abandoning module EditorStyle (69)
[2016.04.16-13.10.19:807][173]LogModuleManager: Shutting down and abandoning module SessionServices (68)
[2016.04.16-13.10.19:807][173]LogModuleManager: Shutting down and abandoning module SourceCodeAccess (67)
[2016.04.16-13.10.19:807][173]LogModuleManager: Shutting down and abandoning module HeadMountedDisplay (66)
[2016.04.16-13.10.19:807][173]LogModuleManager: Shutting down and abandoning module XAudio2 (65)
[2016.04.16-13.10.19:807][173]LogModuleManager: Shutting down and abandoning module Networking (63)
[2016.04.16-13.10.19:807][173]LogModuleManager: Shutting down and abandoning module Core (62)
[2016.04.16-13.10.19:807][173]LogModuleManager: Shutting down and abandoning module KismetCompiler (61)
[2016.04.16-13.10.19:807][173]LogModuleManager: Shutting down and abandoning module PhysXFormats (60)
[2016.04.16-13.10.19:807][173]LogModuleManager: Shutting down and abandoning module MeshUtilities (59)
[2016.04.16-13.10.19:807][173]LogModuleManager: Shutting down and abandoning module CookingStats (58)
[2016.04.16-13.10.19:807][173]LogModuleManager: Shutting down and abandoning module DerivedDataCache (57)
[2016.04.16-13.10.19:807][173]LogDerivedDataCache: Shutdown
[2016.04.16-13.10.19:807][173]LogModuleManager: Shutting down and abandoning module ShaderFormatOpenGL (56)
[2016.04.16-13.10.19:807][173]LogModuleManager: Shutting down and abandoning module ShaderFormatD3D (55)
[2016.04.16-13.10.19:807][173]LogModuleManager: Shutting down and abandoning module MetalShaderFormat (54)
[2016.04.16-13.10.19:807][173]LogModuleManager: Shutting down and abandoning module TextureFormatUncompressed (53)
[2016.04.16-13.10.19:807][173]LogModuleManager: Shutting down and abandoning module TextureFormatPVR (52)
[2016.04.16-13.10.19:807][173]LogModuleManager: Shutting down and abandoning module TextureFormatIntelISPCTexComp (51)
[2016.04.16-13.10.19:807][173]LogModuleManager: Shutting down and abandoning module TextureFormatDXT (50)
[2016.04.16-13.10.19:807][173]LogModuleManager: Shutting down and abandoning module ImageWrapper (49)
[2016.04.16-13.10.19:807][173]LogModuleManager: Shutting down and abandoning module TextureFormatASTC (48)
[2016.04.16-13.10.19:807][173]LogModuleManager: Shutting down and abandoning module TextureFormatAndroid (47)
[2016.04.16-13.10.19:807][173]LogModuleManager: Shutting down and abandoning module AudioFormatOpus (46)
[2016.04.16-13.10.19:807][173]LogModuleManager: Shutting down and abandoning module AudioFormatOgg (45)
[2016.04.16-13.10.19:807][173]LogModuleManager: Shutting down and abandoning module AudioFormatADPCM (44)
[2016.04.16-13.10.19:807][173]LogModuleManager: Shutting down and abandoning module LinuxTargetPlatform (43)
[2016.04.16-13.10.19:807][173]LogModuleManager: Shutting down and abandoning module LinuxServerTargetPlatform (42)
[2016.04.16-13.10.19:807][173]LogModuleManager: Shutting down and abandoning module LinuxNoEditorTargetPlatform (41)
[2016.04.16-13.10.19:807][173]LogModuleManager: Shutting down and abandoning module TVOSTargetPlatform (40)
[2016.04.16-13.10.19:807][173]LogModuleManager: Shutting down and abandoning module Messaging (39)
[2016.04.16-13.10.19:807][173]LogModuleManager: Shutting down and abandoning module IOSTargetPlatform (38)
[2016.04.16-13.10.19:807][173]LogModuleManager: Shutting down and abandoning module HTML5TargetPlatform (37)
[2016.04.16-13.10.19:807][173]LogModuleManager: Shutting down and abandoning module Android_PVRTCTargetPlatform (36)
[2016.04.16-13.10.19:807][173]LogModuleManager: Shutting down and abandoning module Android_MultiTargetPlatform (35)
[2016.04.16-13.10.19:807][173]LogModuleManager: Shutting down and abandoning module Android_ETC2TargetPlatform (34)
[2016.04.16-13.10.19:807][173]LogModuleManager: Shutting down and abandoning module Android_ETC1TargetPlatform (33)
[2016.04.16-13.10.19:807][173]LogModuleManager: Shutting down and abandoning module Android_DXTTargetPlatform (32)
[2016.04.16-13.10.19:807][173]LogModuleManager: Shutting down and abandoning module Android_ATCTargetPlatform (31)
[2016.04.16-13.10.19:807][173]LogModuleManager: Shutting down and abandoning module Android_ASTCTargetPlatform (30)
[2016.04.16-13.10.19:807][173]LogModuleManager: Shutting down and abandoning module AndroidTargetPlatform (29)
[2016.04.16-13.10.19:807][173]LogModuleManager: Shutting down and abandoning module WindowsTargetPlatform (28)
[2016.04.16-13.10.19:807][173]LogModuleManager: Shutting down and abandoning module WindowsServerTargetPlatform (27)
[2016.04.16-13.10.19:807][173]LogModuleManager: Shutting down and abandoning module WindowsNoEditorTargetPlatform (26)
[2016.04.16-13.10.19:808][173]LogModuleManager: Shutting down and abandoning module WindowsClientTargetPlatform (25)
[2016.04.16-13.10.19:808][173]LogModuleManager: Shutting down and abandoning module AllDesktopTargetPlatform (24)
[2016.04.16-13.10.19:808][173]LogModuleManager: Shutting down and abandoning module TargetPlatform (23)
[2016.04.16-13.10.19:808][173]LogModuleManager: Shutting down and abandoning module InputCore (22)
[2016.04.16-13.10.19:808][173]LogModuleManager: Shutting down and abandoning module Settings (21)
[2016.04.16-13.10.19:808][173]LogModuleManager: Shutting down and abandoning module OnlineSubsystem (19)
[2016.04.16-13.10.19:808][173]LogModuleManager: Shutting down and abandoning module HTTP (18)
[2016.04.16-13.10.20:809][173]LogModuleManager: Shutting down and abandoning module XMPP (17)
[2016.04.16-13.10.20:809][173]LogModuleManager: Shutting down and abandoning module OculusRift (16)
[2016.04.16-13.10.20:811][173]LogHMD: Oculus shutdown.
[2016.04.16-13.10.20:811][173]LogModuleManager: Shutting down and abandoning module ExampleDeviceProfileSelector (15)
[2016.04.16-13.10.20:811][173]LogModuleManager: Shutting down and abandoning module TextureCompressor (14)
[2016.04.16-13.10.20:811][173]LogModuleManager: Shutting down and abandoning module ShaderCore (13)
[2016.04.16-13.10.20:811][173]LogModuleManager: Shutting down and abandoning module Landscape (12)
[2016.04.16-13.10.20:811][173]LogModuleManager: Shutting down and abandoning module SlateRHIRenderer (11)
[2016.04.16-13.10.20:819][173]LogModuleManager: Shutting down and abandoning module OpenGLDrv (10)
[2016.04.16-13.10.20:819][173]LogModuleManager: Shutting down and abandoning module D3D11RHI (9)
[2016.04.16-13.10.20:819][173]LogModuleManager: Shutting down and abandoning module AnimGraphRuntime (8)
[2016.04.16-13.10.20:819][173]LogModuleManager: Shutting down and abandoning module Renderer (7)
[2016.04.16-13.10.20:819][173]LogModuleManager: Shutting down and abandoning module Engine (6)
[2016.04.16-13.10.20:819][173]LogModuleManager: Shutting down and abandoning module CoreUObject (5)
[2016.04.16-13.10.20:819][173]LogModuleManager: Shutting down and abandoning module NetworkFile (4)
[2016.04.16-13.10.20:819][173]LogModuleManager: Shutting down and abandoning module StreamingFile (3)
[2016.04.16-13.10.20:819][173]LogModuleManager: Shutting down and abandoning module SandboxFile (2)
[2016.04.16-13.10.20:819][173]LogModuleManager: Shutting down and abandoning module PakFile (1)
[2016.04.16-13.10.20:820][173]LogExit: Exiting.
[2016.04.16-13.10.20:833][173]Log file closed, 04/16/16 14:10:20
