Log file open, 04/16/16 16:18:18
LogInit:Display: Running engine for game: WorldShiftBase
LogPlatformFile: Not using cached read wrapper
LogInit:Display: RandInit(293037019) SRandInit(293037020).
LogTaskGraph: Started task graph with 4 named threads and 7 total threads.
LogStats: Stats thread started at 0.066859
OCULUS: Info: [CAPI] LibOVR module is located at C:\Program Files (x86)\Oculus\Support\oculus-runtime\LibOVRRT64_1.dll
LogInit: Version: 4.11.1-2934540+++UE4+Release-4.11
LogInit: API Version: 2927265
LogInit: Compiled (64-bit): Apr  6 2016 02:14:16
LogInit: Compiled with Visual C++: 19.00.23026.00
LogInit: Build Configuration: Development
LogInit: Branch Name: ++UE4+Release-4.11
LogInit: Command line:  
LogInit: Base directory: C:/Program Files (x86)/Epic Games/4.11/Engine/Binaries/Win64/
LogInit: Installed Engine Build: 1
LogInit: Using libcurl 7.41.0
LogInit:  - built for x86_64-pc-win32
LogInit:  - supports SSL with WinSSL
LogInit:  - other features:
LogInit:      CURL_VERSION_SSL
LogInit:      CURL_VERSION_IPV6
LogInit:      CURL_VERSION_ASYNCHDNS
LogInit:      CURL_VERSION_LARGEFILE
LogInit:      CURL_VERSION_IDN
LogInit:  CurlRequestOptions (configurable via config and command line):
LogInit:  - bVerifyPeer = true  - Libcurl will verify peer certificate
LogInit:  - bUseHttpProxy = false  - Libcurl will NOT use HTTP proxy
LogInit:  - bDontReuseConnections = false  - Libcurl will reuse connections
LogInit:  - CertBundlePath = nullptr  - Libcurl will use whatever was configured at build time.
LogInit: Presizing for max 16777216 objects, including 0 objects not considered by GC, pre-allocating 0 bytes for permanent pool.
LogInit: Object subsystem initialized
[2016.04.16-15.18.19:047][  0]LogInit: Selected Device Profile: [Windows]
[2016.04.16-15.18.19:047][  0]LogInit: Applying CVar settings loaded from the selected device profile: [Windows]
[2016.04.16-15.18.19:054][  0]LogInit: Computer: UNICRON
[2016.04.16-15.18.19:054][  0]LogInit: User: AdamEdinburgh
[2016.04.16-15.18.19:054][  0]LogInit: CPU Page size=65536, Cores=4
[2016.04.16-15.18.19:054][  0]LogInit: High frequency timer resolution =3.312638 MHz
[2016.04.16-15.18.19:055][  0]LogMemory: Memory total: Physical=7.9GB (8GB approx)
[2016.04.16-15.18.19:055][  0]LogMemory: Platform Memory Stats for Windows
[2016.04.16-15.18.19:055][  0]LogMemory: Process Physical Memory: 318.29 MB used, 318.29 MB peak
[2016.04.16-15.18.19:055][  0]LogMemory: Process Virtual Memory: 317.69 MB used, 317.69 MB peak
[2016.04.16-15.18.19:055][  0]LogMemory: Physical Memory: 4788.95 MB used, 8072.55 MB total
[2016.04.16-15.18.19:055][  0]LogMemory: Virtual Memory: 696.63 MB used, 134217728.00 MB total
[2016.04.16-15.18.19:080][  0]LogTextLocalizationManager: No specific translations for ('en-GB') exist, so ('en') translations will be used.
[2016.04.16-15.18.19:424][  0]LogD3D11RHI: D3D11 adapters:
[2016.04.16-15.18.19:449][  0]LogD3D11RHI:    0. 'NVIDIA GeForce GTX 970' (Feature Level 11_0)
[2016.04.16-15.18.19:449][  0]LogD3D11RHI:       4007MB of dedicated video memory, 0MB of dedicated system memory, and 4036MB of shared system memory, 1 output[s]
[2016.04.16-15.18.19:454][  0]LogD3D11RHI:    1. 'Intel(R) HD Graphics 4600' (Feature Level 11_0)
[2016.04.16-15.18.19:454][  0]LogD3D11RHI:       112MB of dedicated video memory, 0MB of dedicated system memory, and 4036MB of shared system memory, 0 output[s]
[2016.04.16-15.18.19:455][  0]LogD3D11RHI:    2. 'Microsoft Basic Render Driver' (Feature Level 11_0)
[2016.04.16-15.18.19:455][  0]LogD3D11RHI:       0MB of dedicated video memory, 0MB of dedicated system memory, and 4036MB of shared system memory, 0 output[s]
[2016.04.16-15.18.19:455][  0]LogD3D11RHI: Chosen D3D11 Adapter: 0
[2016.04.16-15.18.19:459][  0]LogD3D11RHI: Creating new Direct3DDevice
[2016.04.16-15.18.19:459][  0]LogD3D11RHI:     Adapter Name: NVIDIA GeForce GTX 970
[2016.04.16-15.18.19:459][  0]LogD3D11RHI:   Driver Version: Unknown (internal Unknown)
[2016.04.16-15.18.19:459][  0]LogD3D11RHI:      Driver Date: Unknown
[2016.04.16-15.18.19:459][  0]LogRHI: Texture pool is 1361 MB (70% of 1945 MB)
[2016.04.16-15.18.19:469][  0]LogD3D11RHI: Async texture creation enabled
[2016.04.16-15.18.19:478][  0]LogShaderCompilers: Guid format shader working directory is -35 characters bigger than the processId version (../../../../../../Users/AdamEdinburgh/Documents/GitHub/WorldShiftBase/WorldShiftBase/Intermediate/Shaders/WorkingDirectory/3472/).
[2016.04.16-15.18.19:479][  0]LogShaderCompilers: Cleaned the shader compiler working directory 'C:/Users/ADAMED~1/AppData/Local/Temp/UnrealShaderWorkingDir/AC140FFA4CDD57F2862C989FC6689F2A/'.
[2016.04.16-15.18.19:479][  0]LogShaderCompilers:Display: Using Local Shader Compiler.
[2016.04.16-15.18.20:268][  0]LogTemp:Display: Loaded TP AllDesktopTargetPlatform
[2016.04.16-15.18.20:272][  0]LogTemp:Display: Loaded TP WindowsClientTargetPlatform
[2016.04.16-15.18.20:276][  0]LogTemp:Display: Loaded TP WindowsNoEditorTargetPlatform
[2016.04.16-15.18.20:280][  0]LogTemp:Display: Loaded TP WindowsServerTargetPlatform
[2016.04.16-15.18.20:283][  0]LogTemp:Display: Loaded TP WindowsTargetPlatform
[2016.04.16-15.18.20:286][  0]LogTemp:Display: Loaded TP AndroidTargetPlatform
[2016.04.16-15.18.20:289][  0]OCULUS: Info: [HMDState] Requested to SetForegroundWindow(70552ll)
[2016.04.16-15.18.20:289][  0]LogTemp:Display: Loaded TP Android_ASTCTargetPlatform
[2016.04.16-15.18.20:292][  0]LogTemp:Display: Loaded TP Android_ATCTargetPlatform
[2016.04.16-15.18.20:295][  0]LogTemp:Display: Loaded TP Android_DXTTargetPlatform
[2016.04.16-15.18.20:298][  0]LogTemp:Display: Loaded TP Android_ETC1TargetPlatform
[2016.04.16-15.18.20:301][  0]LogTemp:Display: Loaded TP Android_ETC2TargetPlatform
[2016.04.16-15.18.20:307][  0]LogTemp:Display: Loaded TP Android_MultiTargetPlatform
[2016.04.16-15.18.20:307][  0]LogTemp:Display: Loaded TP Android_PVRTCTargetPlatform
[2016.04.16-15.18.20:307][  0]LogTemp:Display: Loaded TP HTML5TargetPlatform
[2016.04.16-15.18.20:323][  0]LogTemp:Display: Loaded TP IOSTargetPlatform
[2016.04.16-15.18.20:326][  0]LogTemp:Display: Loaded TP TVOSTargetPlatform
[2016.04.16-15.18.20:328][  0]LogTemp:Display: Loaded TP LinuxNoEditorTargetPlatform
[2016.04.16-15.18.20:331][  0]LogTemp:Display: Loaded TP LinuxServerTargetPlatform
[2016.04.16-15.18.20:333][  0]LogTemp:Display: Loaded TP LinuxTargetPlatform
[2016.04.16-15.18.20:333][  0]LogTargetPlatformManager:Display: Building Assets For Windows
[2016.04.16-15.18.20:399][  0]LogDerivedDataCache:Display: Max Cache Size: 512 MB
[2016.04.16-15.18.20:479][  0]LogDerivedDataCache: Loaded boot cache 0.07s 50MB C:/Users/AdamEdinburgh/AppData/Local/UnrealEngine/4.11/DerivedDataCache/Boot.ddc.
[2016.04.16-15.18.20:479][  0]LogDerivedDataCache:Display: Loaded Boot cache: C:/Users/AdamEdinburgh/AppData/Local/UnrealEngine/4.11/DerivedDataCache/Boot.ddc
[2016.04.16-15.18.20:479][  0]LogDerivedDataCache: FDerivedDataBackendGraph:  Pak pak cache file ../../../../../../Users/AdamEdinburgh/Documents/GitHub/WorldShiftBase/WorldShiftBase/DerivedDataCache/DDC.ddp not found, will not use a pak cache.
[2016.04.16-15.18.20:479][  0]LogDerivedDataCache: Unable to find inner node Pak for hierarchical cache Hierarchy.
[2016.04.16-15.18.20:479][  0]LogDerivedDataCache: FDerivedDataBackendGraph:  CompressedPak pak cache file ../../../../../../Users/AdamEdinburgh/Documents/GitHub/WorldShiftBase/WorldShiftBase/DerivedDataCache/Compressed.ddp not found, will not use a pak cache.
[2016.04.16-15.18.20:479][  0]LogDerivedDataCache: Unable to find inner node CompressedPak for hierarchical cache Hierarchy.
[2016.04.16-15.18.20:493][  0]LogDerivedDataCache:Display: Pak cache opened for reading ../../../Engine/DerivedDataCache/Compressed.ddp.
[2016.04.16-15.18.20:505][  0]LogDerivedDataCache: Using Local data cache path C:/Users/AdamEdinburgh/AppData/Local/UnrealEngine/Common/DerivedDataCache: Writable
[2016.04.16-15.18.20:636][  0]LogInit: Selected Device Profile: [Windows]
[2016.04.16-15.18.20:636][  0]LogContentStreaming: Texture pool size is 0.00 MB
[2016.04.16-15.18.20:665][  0]LogMaterial: Uniform references updated for custom material expression Custom.
[2016.04.16-15.18.20:768][  0]LogMeshUtilities: No automatic mesh reduction module available
[2016.04.16-15.18.20:768][  0]LogMeshUtilities: No automatic mesh merging module available
[2016.04.16-15.18.20:768][  0]LogMeshUtilities: No distributed automatic mesh merging module available
[2016.04.16-15.18.20:956][  0]LogUObjectArray: 27678 objects as part of root set at end of initial load.
[2016.04.16-15.18.20:956][  0]LogUObjectAllocator: 5591384 out of 0 bytes used by permanent object pool.
[2016.04.16-15.18.20:956][  0]LogUObjectArray: CloseDisregardForGC: 0/0 objects in disregard for GC pool
[2016.04.16-15.18.20:962][  0]LogInit: WinSock: version 1.1 (2.2), MaxSocks=32767, MaxUdp=65467
[2016.04.16-15.18.21:029][  0]LogSlate: SlateFontCache - WITH_FREETYPE: 1, WITH_HARFBUZZ: 1
[2016.04.16-15.18.21:029][  0]LogSlate: SlateFontCache - WITH_FREETYPE: 1, WITH_HARFBUZZ: 1
[2016.04.16-15.18.21:106][  0]LogStreaming:Warning: Failed to read file '../../../Engine/Content/Editor/Slate/Common/Selection_16x.png' error.
[2016.04.16-15.18.21:106][  0]LogSlate: Could not find file for Slate resource: ../../../Engine/Content/Editor/Slate/Common/Selection_16x.png
[2016.04.16-15.18.21:106][  0]LogStreaming:Warning: Failed to read file '../../../Engine/Content/Editor/Slate/Common/Selection_16x.png' error.
[2016.04.16-15.18.21:106][  0]LogSlate: Could not find file for Slate resource: ../../../Engine/Content/Editor/Slate/Common/Selection_16x.png
[2016.04.16-15.18.21:107][  0]LogStreaming:Warning: Failed to read file '../../../Engine/Content/Editor/Slate/Common/Selection_16x.png' error.
[2016.04.16-15.18.21:107][  0]LogSlate: Could not find file for Slate resource: ../../../Engine/Content/Editor/Slate/Common/Selection_16x.png
[2016.04.16-15.18.21:553][  0]LogUdpMessaging: Initializing bridge on interface 0.0.0.0:0 to multicast group 230.0.0.1:6666.
[2016.04.16-15.18.21:650][  0]LogAssetRegistry: FAssetRegistry took 0.0215 seconds to start up
[2016.04.16-15.18.21:764][  0]SourceControl: Info Source control is disabled
[2016.04.16-15.18.21:764][  0]SourceControl: Info Source control is disabled
[2016.04.16-15.18.21:771][  0]SourceControl: Info Source control is disabled
[2016.04.16-15.18.21:777][  0]SourceControl: Info Source control is disabled
[2016.04.16-15.18.21:941][  0]LogEngine: Initializing Engine...
[2016.04.16-15.18.24:344][  0]LogHMD: SteamVR initialized.  Driver: lighthouse  Display: LHR-031B5D7F
[2016.04.16-15.18.29:866][  0]LogHMD: SteamVR failed to initialize.  Err: 301
[2016.04.16-15.18.29:866][  0]LogHMD: Oculus plugin initialized. Version: 4.11.1-2934540+++UE4+Release-4.11, LibOVR: 1.3.1, SDK: 1.3.0, built Apr  6 2016, 02:14:55
[2016.04.16-15.18.29:989][  0]LogAIModule: Creating AISystem for world NewWorld
[2016.04.16-15.18.30:003][  0]LogInit: XAudio2 using 'Speakers (Realtek High Definition Audio)' : 2 channels at 48 kHz using 32 bits per sample (channel mask 0x3)
[2016.04.16-15.18.30:023][  0]LogInit: FAudioDevice initialized.
[2016.04.16-15.18.30:046][  0]LogDerivedDataCache: Saved boot cache 0.02s 50MB C:/Users/AdamEdinburgh/AppData/Local/UnrealEngine/4.11/DerivedDataCache/Boot.ddc.
[2016.04.16-15.18.30:052][  0]LogInit: Texture streaming: Enabled
[2016.04.16-15.18.30:069][  0]LogInit: Transaction tracking system initialized
[2016.04.16-15.18.30:087][  0]BlueprintLog: New page: Editor Load
[2016.04.16-15.18.30:141][  0]LocalizationService: Info Localization service is disabled
[2016.04.16-15.18.30:186][  0]LogLinker:Warning: Can't find file '/Game/FirstPersonBP/FirstPersonOverview'
[2016.04.16-15.18.30:186][  0]LogLinker:Warning: Can't find file '/Game/FirstPersonBP/FirstPersonOverview'
[2016.04.16-15.18.30:186][  0]LogUObjectGlobals:Warning: Failed to find object 'Class /Game/FirstPersonBP/FirstPersonOverview.FirstPersonOverview_C'
[2016.04.16-15.18.30:196][  0]LogConsoleResponse:Display: 
[2016.04.16-15.18.30:275][  0]LogCook:Display: Max memory allowance for cook 8192mb
[2016.04.16-15.18.30:275][  0]LogCook:Display: Mobile HDR setting 1
[2016.04.16-15.18.30:275][  0]LogCook:Display: Done creating registry. It took  0.00s.
[2016.04.16-15.18.30:315][  0]LogFileCache: Scanning file cache for directory 'C:/Users/AdamEdinburgh/Documents/GitHub/WorldShiftBase/WorldShiftBase/Content/' took 0.01s
[2016.04.16-15.18.30:315][  0]SourceControl: Info Source control is disabled
[2016.04.16-15.18.30:315][  0]Cmd: MAP LOAD FILE="../../../../../../Users/AdamEdinburgh/Documents/GitHub/WorldShiftBase/WorldShiftBase/Content/Levels/MainLevel.umap" TEMPLATE=0 SHOWPROGRESS=1 FEATURELEVEL=3
[2016.04.16-15.18.30:315][  0]LightingResults: New page: Lighting Build
[2016.04.16-15.18.30:318][  0]MapCheck: New page: Map Check
[2016.04.16-15.18.30:318][  0]LightingResults: New page: Lighting Build
[2016.04.16-15.18.30:570][  0]LogAIModule: Creating AISystem for world MainLevel
[2016.04.16-15.18.30:575][  0]LogEditorServer: Finished looking for orphan Actors (0.000 secs)
[2016.04.16-15.18.30:575][  0]Cmd: MAP CHECKDEP NOCLEARLOG
[2016.04.16-15.18.30:606][  0]MapCheck: Info Map check complete: 0 Error(s), 0 Warning(s), took 30.564ms to complete.
[2016.04.16-15.18.30:606][  0]LogFileHelpers: Loading map 'MainLevel' took 0.290
[2016.04.16-15.18.30:694][  0]LogCollectionManager: Loaded 0 collections in 0.001556 seconds
[2016.04.16-15.18.30:731][  0]LogFileCache: Scanning file cache for directory 'C:/Users/AdamEdinburgh/Documents/GitHub/WorldShiftBase/WorldShiftBase/Saved/Collections/' took 0.01s
[2016.04.16-15.18.30:731][  0]LogFileCache: Scanning file cache for directory 'C:/Users/AdamEdinburgh/Documents/GitHub/WorldShiftBase/WorldShiftBase/Content/Developers/AdamEdinburgh/Collections/' took 0.01s
[2016.04.16-15.18.30:731][  0]LogFileCache: Scanning file cache for directory 'C:/Users/AdamEdinburgh/Documents/GitHub/WorldShiftBase/WorldShiftBase/Content/Collections/' took 0.01s
[2016.04.16-15.18.30:731][  0]LogCollectionManager: Rebuilt the GUID cache for 0 collections in 0.000002 seconds
[2016.04.16-15.18.30:737][  0]LogContentBrowser: Native class hierarchy populated in 0.0058 seconds. Added 1979 classes and 343 folders.
[2016.04.16-15.18.30:740][  0]LogStats: UGameplayTagsManager::ConstructGameplayTagTree: Construct from data asset -  0.000 s
[2016.04.16-15.18.30:740][  0]LogStats: UGameplayTagsManager::ConstructGameplayTagTree: GameplayTagTreeChangedEvent.Broadcast -  0.000 s
[2016.04.16-15.18.30:740][  0]LogContentBrowser: Native class hierarchy updated for 'GameplayTags' in 0.0003 seconds. Added 12 classes and 0 folders.
[2016.04.16-15.18.30:744][  0]LogContentBrowser: Native class hierarchy updated for 'WidgetCarousel' in 0.0003 seconds. Added 0 classes and 0 folders.
[2016.04.16-15.18.30:749][  0]LogContentBrowser: Native class hierarchy updated for 'SuperSearch' in 0.0003 seconds. Added 1 classes and 2 folders.
[2016.04.16-15.18.30:780][  0]LogContentBrowser: Native class hierarchy updated for 'AddContentDialog' in 0.0003 seconds. Added 0 classes and 0 folders.
[2016.04.16-15.18.30:783][  0]LogContentBrowser: Native class hierarchy updated for 'SceneOutliner' in 0.0003 seconds. Added 1 classes and 2 folders.
[2016.04.16-15.18.30:825][  0]LogCrashTracker: Crashtracker disabled due to settings.
[2016.04.16-15.18.30:829][  0]LogUObjectGlobals:Warning: Failed to find object 'Class None.'
[2016.04.16-15.18.30:854][  0]LogContentBrowser: Native class hierarchy updated for 'HierarchicalLODOutliner' in 0.0003 seconds. Added 1 classes and 2 folders.
[2016.04.16-15.18.30:854][  0]LogLoad: Full Startup: 12.93 seconds (BP compile: 0.06 seconds)
[2016.04.16-15.18.30:854][  0]LogExternalProfiler:Warning: No registered external profiler was matched with a command-line switch (or the DLL could not be loaded).  External profiling features will not be available.
[2016.04.16-15.18.30:863][  0]LogOcInput: OculusInput pre-init called
[2016.04.16-15.18.30:871][  0]LogOcInput: OculusInput is initialized. Init status 0. Runtime version: 1.3.1
[2016.04.16-15.18.30:888][  0]LogAssetRegistry: Asset discovery search completed in 9.2588 seconds
[2016.04.16-15.18.30:888][  0]LogCollectionManager: Rebuilt the object cache for 0 collections in 0.000001 seconds (found 0 objects)
[2016.04.16-15.18.30:888][  0]LogCollectionManager: Fixed up redirectors for 0 collections in 0.000016 seconds (updated 0 objects)
[2016.04.16-15.18.30:912][  0]LogContentStreaming: Texture pool size now 1000 MB
[2016.04.16-15.18.31:032][  0]LogRenderer: Reallocating scene render targets to support 712x308 (Frame:2).
[2016.04.16-15.18.33:840][323]LogEditorViewport: Clicking on Actor (LMB): PlayerDummy_C (PlayerDummy)
[2016.04.16-15.18.34:428][388]LogEditorViewport: Clicking on Actor (context menu): PlayerDummy_C (PlayerDummy)
[2016.04.16-15.18.37:549][721]LogEnum:Warning: Enum name collision: 'EFloorAngles::NewEnumerator0' is in both '/Game/FromPrototype/WorldRip/Blueprints/teleport/EFloorAngles.EFloorAngles' and '/Game/FromPrototype/Blueprints/teleport/EFloorAngles.EFloorAngles'
[2016.04.16-15.18.37:549][721]LogEnum:Warning: Enum name collision: 'EFloorAngles::NewEnumerator1' is in both '/Game/FromPrototype/WorldRip/Blueprints/teleport/EFloorAngles.EFloorAngles' and '/Game/FromPrototype/Blueprints/teleport/EFloorAngles.EFloorAngles'
[2016.04.16-15.18.37:549][721]LogEnum:Warning: Enum name collision: 'EFloorAngles::NewEnumerator2' is in both '/Game/FromPrototype/WorldRip/Blueprints/teleport/EFloorAngles.EFloorAngles' and '/Game/FromPrototype/Blueprints/teleport/EFloorAngles.EFloorAngles'
[2016.04.16-15.18.37:549][721]LogEnum:Warning: Enum name collision: 'EFloorAngles::NewEnumerator3' is in both '/Game/FromPrototype/WorldRip/Blueprints/teleport/EFloorAngles.EFloorAngles' and '/Game/FromPrototype/Blueprints/teleport/EFloorAngles.EFloorAngles'
[2016.04.16-15.18.37:549][721]LogEnum:Warning: Enum name collision: 'EFloorAngles::NewEnumerator4' is in both '/Game/FromPrototype/WorldRip/Blueprints/teleport/EFloorAngles.EFloorAngles' and '/Game/FromPrototype/Blueprints/teleport/EFloorAngles.EFloorAngles'
[2016.04.16-15.18.37:549][721]LogEnum:Warning: Enum name collision: 'EFloorAngles::NewEnumerator5' is in both '/Game/FromPrototype/WorldRip/Blueprints/teleport/EFloorAngles.EFloorAngles' and '/Game/FromPrototype/Blueprints/teleport/EFloorAngles.EFloorAngles'
[2016.04.16-15.18.37:549][721]LogEnum:Warning: Enum name collision: 'EFloorAngles::EFloorAngles_MAX' is in both '/Game/FromPrototype/WorldRip/Blueprints/teleport/EFloorAngles.EFloorAngles' and '/Game/FromPrototype/Blueprints/teleport/EFloorAngles.EFloorAngles'
[2016.04.16-15.18.37:549][721]LogEnum:Warning: Enum name collision: 'EFloorAngles::NewEnumerator0' is in both '/Game/FromPrototype/WorldRip/Blueprints/teleport/EFloorAngles.EFloorAngles' and '/Game/FromPrototype/Blueprints/teleport/EFloorAngles.EFloorAngles'
[2016.04.16-15.18.37:549][721]LogEnum:Warning: Enum name collision: 'EFloorAngles::NewEnumerator1' is in both '/Game/FromPrototype/WorldRip/Blueprints/teleport/EFloorAngles.EFloorAngles' and '/Game/FromPrototype/Blueprints/teleport/EFloorAngles.EFloorAngles'
[2016.04.16-15.18.37:549][721]LogEnum:Warning: Enum name collision: 'EFloorAngles::NewEnumerator2' is in both '/Game/FromPrototype/WorldRip/Blueprints/teleport/EFloorAngles.EFloorAngles' and '/Game/FromPrototype/Blueprints/teleport/EFloorAngles.EFloorAngles'
[2016.04.16-15.18.37:549][721]LogEnum:Warning: Enum name collision: 'EFloorAngles::NewEnumerator3' is in both '/Game/FromPrototype/WorldRip/Blueprints/teleport/EFloorAngles.EFloorAngles' and '/Game/FromPrototype/Blueprints/teleport/EFloorAngles.EFloorAngles'
[2016.04.16-15.18.37:549][721]LogEnum:Warning: Enum name collision: 'EFloorAngles::NewEnumerator4' is in both '/Game/FromPrototype/WorldRip/Blueprints/teleport/EFloorAngles.EFloorAngles' and '/Game/FromPrototype/Blueprints/teleport/EFloorAngles.EFloorAngles'
[2016.04.16-15.18.37:549][721]LogEnum:Warning: Enum name collision: 'EFloorAngles::NewEnumerator5' is in both '/Game/FromPrototype/WorldRip/Blueprints/teleport/EFloorAngles.EFloorAngles' and '/Game/FromPrototype/Blueprints/teleport/EFloorAngles.EFloorAngles'
[2016.04.16-15.18.37:555][721]LogContentBrowser: Native class hierarchy updated for 'BlueprintGraph' in 0.0006 seconds. Added 108 classes and 0 folders.
[2016.04.16-15.18.45:775][623]LogLinker:Warning: Can't find file '/Game/Blueprints/WorldShifterComponent'
[2016.04.16-15.18.45:775][623]LogLinker:Warning: Can't find file for asset '/Game/Blueprints/WorldShifterComponent' while loading ../../../../../../Users/AdamEdinburgh/Documents/GitHub/WorldShiftBase/WorldShiftBase/Content/FromPrototype/Blueprints/WorldShiftManager.uasset.
[2016.04.16-15.18.45:776][623]LoadErrors:Error: Error /Game/FromPrototype/Blueprints/WorldShiftManager : Can't find file for asset. /Game/Blueprints/WorldShifterComponent
[2016.04.16-15.18.45:776][623]LogLinker:Warning: Can't find file '/Game/FirstPersonBP/Blueprints/FirstPersonCharacter'
[2016.04.16-15.18.45:776][623]LogLinker:Warning: Can't find file for asset '/Game/FirstPersonBP/Blueprints/FirstPersonCharacter' while loading ../../../../../../Users/AdamEdinburgh/Documents/GitHub/WorldShiftBase/WorldShiftBase/Content/FromPrototype/Blueprints/WorldShiftManager.uasset.
[2016.04.16-15.18.45:776][623]LoadErrors:Error: Error /Game/FromPrototype/Blueprints/WorldShiftManager : Can't find file for asset. /Game/FirstPersonBP/Blueprints/FirstPersonCharacter
[2016.04.16-15.18.45:776][623]LogLinker:Warning: Can't find file '/Game/FirstPersonBP/Blueprints/FirstPersonCharacter'
[2016.04.16-15.18.45:776][623]LogLinker:Warning: Can't find file for asset '/Game/FirstPersonBP/Blueprints/FirstPersonCharacter' while loading ../../../../../../Users/AdamEdinburgh/Documents/GitHub/WorldShiftBase/WorldShiftBase/Content/FromPrototype/Blueprints/WorldShiftManager.uasset.
[2016.04.16-15.18.45:777][623]LogLinker:Warning: Can't find file '/Game/Blueprints/WorldShifterComponent'
[2016.04.16-15.18.45:777][623]LogLinker:Warning: Can't find file for asset '/Game/Blueprints/WorldShifterComponent' while loading ../../../../../../Users/AdamEdinburgh/Documents/GitHub/WorldShiftBase/WorldShiftBase/Content/FromPrototype/Blueprints/WorldShiftManager.uasset.
[2016.04.16-15.18.45:777][623]LogLinker:Warning: Can't find file '/Game/FirstPersonBP/Blueprints/FirstPersonCharacter'
[2016.04.16-15.18.45:777][623]LogLinker:Warning: Can't find file for asset '/Game/FirstPersonBP/Blueprints/FirstPersonCharacter' while loading ../../../../../../Users/AdamEdinburgh/Documents/GitHub/WorldShiftBase/WorldShiftBase/Content/FromPrototype/Blueprints/WorldShiftManager.uasset.
[2016.04.16-15.18.45:778][623]LogLinker:Warning: Can't find file '/Game/FirstPersonBP/Blueprints/FirstPersonCharacter'
[2016.04.16-15.18.45:778][623]LogLinker:Warning: Can't find file for asset '/Game/FirstPersonBP/Blueprints/FirstPersonCharacter' while loading NULL.
[2016.04.16-15.18.45:778][623]LogLinker:Warning: Can't find file '/Game/Blueprints/WorldShifterComponent'
[2016.04.16-15.18.45:778][623]LogLinker:Warning: Can't find file for asset '/Game/Blueprints/WorldShifterComponent' while loading NULL.
[2016.04.16-15.18.45:778][623]LogLinker:Warning: Can't find file '/Game/FirstPersonBP/Blueprints/FirstPersonCharacter'
[2016.04.16-15.18.45:778][623]LogLinker:Warning: Can't find file for asset '/Game/FirstPersonBP/Blueprints/FirstPersonCharacter' while loading NULL.
[2016.04.16-15.18.45:778][623]LogLinker:Warning: Can't find file '/Game/FirstPersonBP/Blueprints/FirstPersonCharacter'
[2016.04.16-15.18.45:778][623]LogLinker:Warning: Can't find file for asset '/Game/FirstPersonBP/Blueprints/FirstPersonCharacter' while loading NULL.
[2016.04.16-15.18.45:778][623]LogLinker:Warning: Can't find file '/Game/Blueprints/WorldShifterComponent'
[2016.04.16-15.18.45:778][623]LogLinker:Warning: Can't find file for asset '/Game/Blueprints/WorldShifterComponent' while loading NULL.
[2016.04.16-15.18.45:778][623]LogLinker:Warning: Can't find file '/Game/FirstPersonBP/Blueprints/FirstPersonCharacter'
[2016.04.16-15.18.45:778][623]LogLinker:Warning: Can't find file for asset '/Game/FirstPersonBP/Blueprints/FirstPersonCharacter' while loading NULL.
[2016.04.16-15.18.45:779][623]LogLinker:Warning: Can't find file '/Game/FirstPersonBP/Blueprints/FirstPersonCharacter'
[2016.04.16-15.18.45:779][623]LoadErrors: Info Failed to load /Game/FirstPersonBP/Blueprints/FirstPersonCharacter.FirstPersonCharacter_C Referenced by WorldShiftManager
[2016.04.16-15.18.45:779][623]LogLinker:Warning: Can't find file for asset '/Game/FirstPersonBP/Blueprints/FirstPersonCharacter' while loading NULL.
[2016.04.16-15.18.45:780][623]LogLinker:Warning: Can't find file '/Game/FirstPersonBP/Blueprints/FirstPersonCharacter'
[2016.04.16-15.18.45:780][623]LoadErrors: Info Failed to load /Game/FirstPersonBP/Blueprints/FirstPersonCharacter.FirstPersonCharacter_C Referenced by K2Node_DynamicCast_515
[2016.04.16-15.18.45:780][623]LogLinker:Warning: Can't find file for asset '/Game/FirstPersonBP/Blueprints/FirstPersonCharacter' while loading NULL.
[2016.04.16-15.18.45:780][623]LogLinker:Warning: Can't find file '/Game/FirstPersonBP/Blueprints/FirstPersonCharacter'
[2016.04.16-15.18.45:780][623]LoadErrors: Info Failed to load /Game/FirstPersonBP/Blueprints/FirstPersonCharacter.FirstPersonCharacter_C Referenced by EdGraphPin_11167
[2016.04.16-15.18.45:780][623]LogLinker:Warning: Can't find file for asset '/Game/FirstPersonBP/Blueprints/FirstPersonCharacter' while loading NULL.
[2016.04.16-15.18.45:781][623]LogLinker:Warning: Can't find file '/Game/FirstPersonBP/Blueprints/FirstPersonCharacter'
[2016.04.16-15.18.45:781][623]LoadErrors: Info Failed to load /Game/FirstPersonBP/Blueprints/FirstPersonCharacter.FirstPersonCharacter_C Referenced by K2Node_DynamicCast_514
[2016.04.16-15.18.45:781][623]LogLinker:Warning: Can't find file for asset '/Game/FirstPersonBP/Blueprints/FirstPersonCharacter' while loading NULL.
[2016.04.16-15.18.45:781][623]LogLinker:Warning: Can't find file '/Game/FirstPersonBP/Blueprints/FirstPersonCharacter'
[2016.04.16-15.18.45:781][623]LoadErrors: Info Failed to load /Game/FirstPersonBP/Blueprints/FirstPersonCharacter.FirstPersonCharacter_C Referenced by EdGraphPin_11185
[2016.04.16-15.18.45:781][623]LogLinker:Warning: Can't find file for asset '/Game/FirstPersonBP/Blueprints/FirstPersonCharacter' while loading NULL.
[2016.04.16-15.18.45:781][623]LogLinker:Warning: Can't find file '/Game/FirstPersonBP/Blueprints/FirstPersonCharacter'
[2016.04.16-15.18.45:781][623]LoadErrors: Info Failed to load /Game/FirstPersonBP/Blueprints/FirstPersonCharacter.FirstPersonCharacter_C Referenced by EdGraphPin_11010
[2016.04.16-15.18.45:782][623]LogLinker:Warning: Can't find file for asset '/Game/FirstPersonBP/Blueprints/FirstPersonCharacter' while loading NULL.
[2016.04.16-15.18.45:782][623]LogLinker:Warning: Can't find file '/Game/FirstPersonBP/Blueprints/FirstPersonCharacter'
[2016.04.16-15.18.45:782][623]LoadErrors: Info Failed to load /Game/FirstPersonBP/Blueprints/FirstPersonCharacter.FirstPersonCharacter_C Referenced by EdGraphPin_11011
[2016.04.16-15.18.45:782][623]LogLinker:Warning: Can't find file for asset '/Game/FirstPersonBP/Blueprints/FirstPersonCharacter' while loading NULL.
[2016.04.16-15.18.45:782][623]LogLinker:Warning: Can't find file '/Game/FirstPersonBP/Blueprints/FirstPersonCharacter'
[2016.04.16-15.18.45:782][623]LoadErrors: Info Failed to load /Game/FirstPersonBP/Blueprints/FirstPersonCharacter.FirstPersonCharacter_C Referenced by EdGraphPin_11025
[2016.04.16-15.18.45:782][623]LogLinker:Warning: Can't find file for asset '/Game/FirstPersonBP/Blueprints/FirstPersonCharacter' while loading NULL.
[2016.04.16-15.18.45:782][623]LogLinker:Warning: Can't find file '/Game/FirstPersonBP/Blueprints/FirstPersonCharacter'
[2016.04.16-15.18.45:782][623]LoadErrors: Info Failed to load /Game/FirstPersonBP/Blueprints/FirstPersonCharacter.FirstPersonCharacter_C Referenced by EdGraphPin_11026
[2016.04.16-15.18.45:783][623]LogLinker:Warning: Can't find file for asset '/Game/FirstPersonBP/Blueprints/FirstPersonCharacter' while loading NULL.
[2016.04.16-15.18.45:783][623]LogLinker:Warning: Can't find file '/Game/Blueprints/WorldShifterComponent'
[2016.04.16-15.18.45:783][623]LoadErrors: Info Failed to load /Game/Blueprints/WorldShifterComponent.WorldShifterComponent_C Referenced by K2Node_CallFunction_6426
[2016.04.16-15.18.45:783][623]LogLinker:Warning: Can't find file for asset '/Game/Blueprints/WorldShifterComponent' while loading NULL.
[2016.04.16-15.18.45:783][623]LogLinker:Warning: Can't find file '/Game/Blueprints/WorldShifterComponent'
[2016.04.16-15.18.45:783][623]LoadErrors: Info Failed to load /Game/Blueprints/WorldShifterComponent.WorldShifterComponent_C Referenced by EdGraphPin_11201
[2016.04.16-15.18.45:783][623]LogLinker:Warning: Can't find file for asset '/Game/Blueprints/WorldShifterComponent' while loading NULL.
[2016.04.16-15.18.45:783][623]LogLinker:Warning: Can't find file '/Game/FirstPersonBP/Blueprints/FirstPersonCharacter'
[2016.04.16-15.18.45:783][623]LoadErrors: Info Failed to load /Game/FirstPersonBP/Blueprints/FirstPersonCharacter.FirstPersonCharacter_C Referenced by K2Node_VariableGet_1319
[2016.04.16-15.18.45:784][623]LogLinker:Warning: Can't find file for asset '/Game/FirstPersonBP/Blueprints/FirstPersonCharacter' while loading NULL.
[2016.04.16-15.18.45:784][623]LogLinker:Warning: Can't find file '/Game/Blueprints/WorldShifterComponent'
[2016.04.16-15.18.45:784][623]LoadErrors: Info Failed to load /Game/Blueprints/WorldShifterComponent.WorldShifterComponent_C Referenced by EdGraphPin_11211
[2016.04.16-15.18.45:784][623]LogLinker:Warning: Can't find file for asset '/Game/Blueprints/WorldShifterComponent' while loading NULL.
[2016.04.16-15.18.45:784][623]LogLinker:Warning: Can't find file '/Game/FirstPersonBP/Blueprints/FirstPersonCharacter'
[2016.04.16-15.18.45:784][623]LoadErrors: Info Failed to load /Game/FirstPersonBP/Blueprints/FirstPersonCharacter.FirstPersonCharacter_C Referenced by EdGraphPin_11212
[2016.04.16-15.18.45:784][623]LogLinker:Warning: Can't find file for asset '/Game/FirstPersonBP/Blueprints/FirstPersonCharacter' while loading NULL.
[2016.04.16-15.18.45:784][623]LogLinker:Warning: Can't find file '/Game/Blueprints/WorldShifterComponent'
[2016.04.16-15.18.45:784][623]LoadErrors: Info Failed to load /Game/Blueprints/WorldShifterComponent.WorldShifterComponent_C Referenced by K2Node_CallFunction_6425
[2016.04.16-15.18.45:784][623]LogLinker:Warning: Can't find file for asset '/Game/Blueprints/WorldShifterComponent' while loading NULL.
[2016.04.16-15.18.45:785][623]LogLinker:Warning: Can't find file '/Game/Blueprints/WorldShifterComponent'
[2016.04.16-15.18.45:785][623]LoadErrors: Info Failed to load /Game/Blueprints/WorldShifterComponent.WorldShifterComponent_C Referenced by EdGraphPin_11219
[2016.04.16-15.18.45:785][623]LogLinker:Warning: Can't find file for asset '/Game/Blueprints/WorldShifterComponent' while loading NULL.
[2016.04.16-15.18.45:785][623]LogLinker:Warning: Can't find file '/Game/Blueprints/WorldShifterComponent'
[2016.04.16-15.18.45:785][623]LoadErrors: Info Failed to load /Game/Blueprints/WorldShifterComponent.WorldShifterComponent_C Referenced by K2Node_CallFunction_6424
[2016.04.16-15.18.45:785][623]LogLinker:Warning: Can't find file for asset '/Game/Blueprints/WorldShifterComponent' while loading NULL.
[2016.04.16-15.18.45:785][623]LogLinker:Warning: Can't find file '/Game/Blueprints/WorldShifterComponent'
[2016.04.16-15.18.45:785][623]LoadErrors: Info Failed to load /Game/Blueprints/WorldShifterComponent.WorldShifterComponent_C Referenced by EdGraphPin_11231
[2016.04.16-15.18.45:785][623]LogLinker:Warning: Can't find file for asset '/Game/Blueprints/WorldShifterComponent' while loading NULL.
[2016.04.16-15.18.45:786][623]LogLinker:Warning: Can't find file '/Game/Blueprints/WorldShifterComponent'
[2016.04.16-15.18.45:786][623]LoadErrors: Info Failed to load /Game/Blueprints/WorldShifterComponent.WorldShifterComponent_C Referenced by K2Node_CallFunction_6423
[2016.04.16-15.18.45:786][623]LogLinker:Warning: Can't find file for asset '/Game/Blueprints/WorldShifterComponent' while loading NULL.
[2016.04.16-15.18.45:786][623]LogLinker:Warning: Can't find file '/Game/Blueprints/WorldShifterComponent'
[2016.04.16-15.18.45:786][623]LoadErrors: Info Failed to load /Game/Blueprints/WorldShifterComponent.WorldShifterComponent_C Referenced by EdGraphPin_11243
[2016.04.16-15.18.45:786][623]LogLinker:Warning: Can't find file for asset '/Game/Blueprints/WorldShifterComponent' while loading NULL.
[2016.04.16-15.18.45:786][623]LogLinker:Warning: Can't find file '/Game/FirstPersonBP/Blueprints/FirstPersonCharacter'
[2016.04.16-15.18.45:786][623]LoadErrors: Info Failed to load /Game/FirstPersonBP/Blueprints/FirstPersonCharacter.FirstPersonCharacter_C Referenced by K2Node_VariableGet_1313
[2016.04.16-15.18.45:786][623]LogLinker:Warning: Can't find file for asset '/Game/FirstPersonBP/Blueprints/FirstPersonCharacter' while loading NULL.
[2016.04.16-15.18.45:787][623]LogLinker:Warning: Can't find file '/Game/Blueprints/WorldShifterComponent'
[2016.04.16-15.18.45:787][623]LoadErrors: Info Failed to load /Game/Blueprints/WorldShifterComponent.WorldShifterComponent_C Referenced by EdGraphPin_11253
[2016.04.16-15.18.45:787][623]LogLinker:Warning: Can't find file for asset '/Game/Blueprints/WorldShifterComponent' while loading NULL.
[2016.04.16-15.18.45:787][623]LogLinker:Warning: Can't find file '/Game/FirstPersonBP/Blueprints/FirstPersonCharacter'
[2016.04.16-15.18.45:787][623]LoadErrors: Info Failed to load /Game/FirstPersonBP/Blueprints/FirstPersonCharacter.FirstPersonCharacter_C Referenced by EdGraphPin_11254
[2016.04.16-15.18.45:787][623]LogLinker:Warning: Can't find file for asset '/Game/FirstPersonBP/Blueprints/FirstPersonCharacter' while loading NULL.
[2016.04.16-15.18.45:790][623]LogBlueprint:Warning: [WorldShiftManager] CreatePinForVariable: 'WorldShifterComponent' variable not found. Base class was probably changed.
[2016.04.16-15.18.45:790][623]LogBlueprint:Warning: [WorldShiftManager] CreatePinForVariable: 'WorldShifterComponent' variable not found. Base class was probably changed.
[2016.04.16-15.18.45:792][623]LogBlueprint:Warning: [compiler WorldShiftManager] Warning Could not find a variable named "WorldShifterComponent" in 'WorldShiftManager'.
Make sure 'WorldShiftManager' has been compiled for  Get WorldShifterComponent 
[2016.04.16-15.18.45:792][623]LogBlueprint:Error: [compiler WorldShiftManager] Error Could not find a function named "SetCanWorldShift" in 'WorldShiftManager'.
Make sure 'WorldShiftManager' has been compiled for  Set Can World Shift 
[2016.04.16-15.18.45:792][623]LogBlueprint:Error: [compiler WorldShiftManager] Error Could not find a function named "SetCanWorldUnshift" in 'WorldShiftManager'.
Make sure 'WorldShiftManager' has been compiled for  Set Can World Unshift 
[2016.04.16-15.18.45:792][623]LogBlueprint:Error: [compiler WorldShiftManager] Error Could not find a function named "SetCanWorldUnshift" in 'WorldShiftManager'.
Make sure 'WorldShiftManager' has been compiled for  Set Can World Unshift 
[2016.04.16-15.18.45:792][623]LogBlueprint:Warning: [compiler WorldShiftManager] Warning Could not find a variable named "WorldShifterComponent" in 'WorldShiftManager'.
Make sure 'WorldShiftManager' has been compiled for  Get WorldShifterComponent 
[2016.04.16-15.18.45:792][623]LogBlueprint:Error: [compiler WorldShiftManager] Error Could not find a function named "SetCanWorldShift" in 'WorldShiftManager'.
Make sure 'WorldShiftManager' has been compiled for  Set Can World Shift 
[2016.04.16-15.18.45:792][623]LogBlueprint:Warning: [compiler WorldShiftManager] Warning Can't connect pins  Object  and  Other Actor : This cast has an invalid target type (was the class deleted without a redirect?).
[2016.04.16-15.18.45:792][623]LogBlueprint:Warning: [compiler WorldShiftManager] Warning Can't connect pins  Object  and  Other Actor : This cast has an invalid target type (was the class deleted without a redirect?).
[2016.04.16-15.18.45:792][623]LogBlueprint:Warning: [compiler WorldShiftManager] Warning Can't connect pins  Other Actor  and  Object : This cast has an invalid target type (was the class deleted without a redirect?).
[2016.04.16-15.18.45:792][623]LogBlueprint:Warning: [compiler WorldShiftManager] Warning Can't connect pins  Other Actor  and  Object : This cast has an invalid target type (was the class deleted without a redirect?).
[2016.04.16-15.18.45:793][623]LogBlueprint:Error: [compiler WorldShiftManager] Error This blueprint (self) is not compatible with ' Target ', therefore that pin must have a connection.
[2016.04.16-15.18.45:793][623]LogBlueprint:Error: [compiler WorldShiftManager] Error This blueprint (self) is not compatible with ' Target ', therefore that pin must have a connection.
[2016.04.16-15.18.45:793][623]LogBlueprint:Error: [compiler WorldShiftManager] Error The property associated with  World Shifter Component  could not be found
[2016.04.16-15.18.45:793][623]LogBlueprint:Error: [compiler WorldShiftManager] Error The property associated with  World Shifter Component  could not be found
[2016.04.16-15.18.45:795][623]LogBlueprint:Warning: [compiler WorldShiftManager] Warning [0027.88] Compile of WorldShiftManager failed. 8 Fatal Issue(s) 6 Warning(s) [in 4 ms]
[2016.04.16-15.18.45:795][623]LogBlueprint:Warning: [compiler WorldShiftManager] Warning [0027.88] Compile of WorldShiftManager failed. 8 Fatal Issue(s) 7 Warning(s) [in 0 ms]
[2016.04.16-15.18.45:795][623]LogBlueprint:Warning: [compiler WorldShiftManager] Warning [0027.88] Compile of WorldShiftManager failed. 8 Fatal Issue(s) 8 Warning(s) [in 0 ms]
[2016.04.16-15.18.49:366][ 39]LogEditorViewport: Clicking on Actor (context menu): WorldShiftManager_C (WorldShiftManager)
[2016.04.16-15.19.10:796][447]BlueprintLog: New page: Compile WorldShiftManager
[2016.04.16-15.19.10:804][447]LogBlueprint:Warning: [compiler WorldShiftManager] Warning Could not find a variable named "WorldShifterComponent" in 'WorldShiftManager'.
Make sure 'WorldShiftManager' has been compiled for  Get WorldShifterComponent 
[2016.04.16-15.19.10:804][447]LogBlueprint:Error: [compiler WorldShiftManager] Error Could not find a function named "SetCanWorldShift" in 'WorldShiftManager'.
Make sure 'WorldShiftManager' has been compiled for  Set Can World Shift 
[2016.04.16-15.19.10:804][447]LogBlueprint:Error: [compiler WorldShiftManager] Error Could not find a function named "SetCanWorldUnshift" in 'WorldShiftManager'.
Make sure 'WorldShiftManager' has been compiled for  Set Can World Unshift 
[2016.04.16-15.19.10:804][447]LogBlueprint:Error: [compiler WorldShiftManager] Error Could not find a function named "SetCanWorldUnshift" in 'WorldShiftManager'.
Make sure 'WorldShiftManager' has been compiled for  Set Can World Unshift 
[2016.04.16-15.19.10:804][447]LogBlueprint:Error: [compiler WorldShiftManager] Error Could not find a function named "SetCanWorldShift" in 'WorldShiftManager'.
Make sure 'WorldShiftManager' has been compiled for  Set Can World Shift 
[2016.04.16-15.19.10:804][447]LogBlueprint:Warning: [compiler WorldShiftManager] Warning Can't connect pins  Object  and  Other Actor : This cast has an invalid target type (was the class deleted without a redirect?).
[2016.04.16-15.19.10:804][447]LogBlueprint:Warning: [compiler WorldShiftManager] Warning Can't connect pins  Other Actor  and  Object : This cast has an invalid target type (was the class deleted without a redirect?).
[2016.04.16-15.19.10:804][447]LogBlueprint:Error: [compiler WorldShiftManager] Error This blueprint (self) is not compatible with ' Target ', therefore that pin must have a connection.
[2016.04.16-15.19.10:804][447]LogBlueprint:Error: [compiler WorldShiftManager] Error The property associated with  World Shifter Component  could not be found
[2016.04.16-15.19.10:944][447]LogBlueprint:Warning: [compiler WorldShiftManager] Warning [0053.02] Compile of WorldShiftManager failed. 6 Fatal Issue(s) 3 Warning(s) [in 148 ms]
[2016.04.16-15.19.10:945][447]BlueprintEditorCompileResults:Warning: Warning Could not find a variable named "WorldShifterComponent" in 'WorldShiftManager'.
Make sure 'WorldShiftManager' has been compiled for  Get WorldShifterComponent 
[2016.04.16-15.19.10:945][447]BlueprintEditorCompileResults:Error: Error Could not find a function named "SetCanWorldShift" in 'WorldShiftManager'.
Make sure 'WorldShiftManager' has been compiled for  Set Can World Shift 
[2016.04.16-15.19.10:945][447]BlueprintEditorCompileResults:Error: Error Could not find a function named "SetCanWorldUnshift" in 'WorldShiftManager'.
Make sure 'WorldShiftManager' has been compiled for  Set Can World Unshift 
[2016.04.16-15.19.10:945][447]BlueprintEditorCompileResults:Error: Error Could not find a function named "SetCanWorldUnshift" in 'WorldShiftManager'.
Make sure 'WorldShiftManager' has been compiled for  Set Can World Unshift 
[2016.04.16-15.19.10:945][447]BlueprintEditorCompileResults:Error: Error Could not find a function named "SetCanWorldShift" in 'WorldShiftManager'.
Make sure 'WorldShiftManager' has been compiled for  Set Can World Shift 
[2016.04.16-15.19.10:945][447]BlueprintEditorCompileResults:Warning: Warning Can't connect pins  Object  and  Other Actor : This cast has an invalid target type (was the class deleted without a redirect?).
[2016.04.16-15.19.10:945][447]BlueprintEditorCompileResults:Warning: Warning Can't connect pins  Other Actor  and  Object : This cast has an invalid target type (was the class deleted without a redirect?).
[2016.04.16-15.19.10:945][447]BlueprintEditorCompileResults:Error: Error This blueprint (self) is not compatible with ' Target ', therefore that pin must have a connection.
[2016.04.16-15.19.10:945][447]BlueprintEditorCompileResults:Error: Error The property associated with  World Shifter Component  could not be found
[2016.04.16-15.19.10:945][447]BlueprintEditorCompileResults:Warning: Warning [0053.02] Compile of WorldShiftManager failed. 6 Fatal Issue(s) 3 Warning(s) [in 148 ms]
[2016.04.16-15.19.22:395][791]LogTemp: Dropped CanWorldShift on Category World Shift
[2016.04.16-15.21.12:889][842]BlueprintLog: New page: Compile PlayerDummy
[2016.04.16-15.21.12:924][842]LogBlueprint:Warning: [compiler WorldShiftManager] Warning Could not find a variable named "WorldShifterComponent" in 'WorldShiftManager'.
Make sure 'WorldShiftManager' has been compiled for  Get WorldShifterComponent 
[2016.04.16-15.21.12:924][842]LogBlueprint:Error: [compiler WorldShiftManager] Error Could not find a function named "SetCanWorldShift" in 'WorldShiftManager'.
Make sure 'WorldShiftManager' has been compiled for  Set Can World Shift 
[2016.04.16-15.21.12:924][842]LogBlueprint:Error: [compiler WorldShiftManager] Error Could not find a function named "SetCanWorldUnshift" in 'WorldShiftManager'.
Make sure 'WorldShiftManager' has been compiled for  Set Can World Unshift 
[2016.04.16-15.21.12:924][842]LogBlueprint:Error: [compiler WorldShiftManager] Error Could not find a function named "SetCanWorldUnshift" in 'WorldShiftManager'.
Make sure 'WorldShiftManager' has been compiled for  Set Can World Unshift 
[2016.04.16-15.21.12:924][842]LogBlueprint:Warning: [compiler WorldShiftManager] Warning Can't connect pins  Object  and  Other Actor : This cast has an invalid target type (was the class deleted without a redirect?).
[2016.04.16-15.21.12:924][842]LogBlueprint:Warning: [compiler WorldShiftManager] Warning Can't connect pins  Other Actor  and  Object : This cast has an invalid target type (was the class deleted without a redirect?).
[2016.04.16-15.21.12:924][842]LogBlueprint:Error: [compiler WorldShiftManager] Error This blueprint (self) is not compatible with ' Target ', therefore that pin must have a connection.
[2016.04.16-15.21.12:924][842]LogBlueprint:Error: [compiler WorldShiftManager] Error The property associated with  World Shifter Component  could not be found
[2016.04.16-15.21.13:143][842]BlueprintEditorCompileResults: Info [0175.22] Compile of PlayerDummy successful! [in 253 ms]
[2016.04.16-15.21.13:699][894]LogSavePackage: Save=71.60ms
[2016.04.16-15.21.13:699][894]LogSavePackage: Moving '../../../../../../Users/AdamEdinburgh/Documents/GitHub/WorldShiftBase/WorldShiftBase/Saved/PlayerDummyFF5BF62B4AB2E11BE724C0891B600C30.tmp' to '../../../../../../Users/AdamEdinburgh/Documents/GitHub/WorldShiftBase/WorldShiftBase/Content/FromPrototype/Blueprints/PlayerDummy.uasset'
[2016.04.16-15.21.13:701][894]LogSavePackage: Total save time: 79.13ms
[2016.04.16-15.21.13:701][894]LogSavePackage:Display: Finished SavePackage ../../../../../../Users/AdamEdinburgh/Documents/GitHub/WorldShiftBase/WorldShiftBase/Content/FromPrototype/Blueprints/PlayerDummy.uasset
[2016.04.16-15.21.56:635][999]BlueprintLog: New page: Compile PlayerDummy
[2016.04.16-15.21.56:669][999]LogBlueprint:Warning: [compiler WorldShiftManager] Warning Could not find a variable named "WorldShifterComponent" in 'WorldShiftManager'.
Make sure 'WorldShiftManager' has been compiled for  Get WorldShifterComponent 
[2016.04.16-15.21.56:669][999]LogBlueprint:Error: [compiler WorldShiftManager] Error Could not find a function named "SetCanWorldShift" in 'WorldShiftManager'.
Make sure 'WorldShiftManager' has been compiled for  Set Can World Shift 
[2016.04.16-15.21.56:669][999]LogBlueprint:Error: [compiler WorldShiftManager] Error Could not find a function named "SetCanWorldUnshift" in 'WorldShiftManager'.
Make sure 'WorldShiftManager' has been compiled for  Set Can World Unshift 
[2016.04.16-15.21.56:669][999]LogBlueprint:Error: [compiler WorldShiftManager] Error Could not find a function named "SetCanWorldUnshift" in 'WorldShiftManager'.
Make sure 'WorldShiftManager' has been compiled for  Set Can World Unshift 
[2016.04.16-15.21.56:669][999]LogBlueprint:Warning: [compiler WorldShiftManager] Warning Can't connect pins  Object  and  Other Actor : This cast has an invalid target type (was the class deleted without a redirect?).
[2016.04.16-15.21.56:669][999]LogBlueprint:Warning: [compiler WorldShiftManager] Warning Can't connect pins  Other Actor  and  Object : This cast has an invalid target type (was the class deleted without a redirect?).
[2016.04.16-15.21.56:670][999]LogBlueprint:Error: [compiler WorldShiftManager] Error This blueprint (self) is not compatible with ' Target ', therefore that pin must have a connection.
[2016.04.16-15.21.56:670][999]LogBlueprint:Error: [compiler WorldShiftManager] Error The property associated with  World Shifter Component  could not be found
[2016.04.16-15.21.56:806][999]BlueprintEditorCompileResults: Info [0218.89] Compile of PlayerDummy successful! [in 171 ms]
[2016.04.16-15.21.57:181][ 30]LogSavePackage: Save=73.24ms
[2016.04.16-15.21.57:181][ 30]LogSavePackage: Moving '../../../../../../Users/AdamEdinburgh/Documents/GitHub/WorldShiftBase/WorldShiftBase/Saved/PlayerDummy047BA35341B36215308155B36B8945E7.tmp' to '../../../../../../Users/AdamEdinburgh/Documents/GitHub/WorldShiftBase/WorldShiftBase/Content/FromPrototype/Blueprints/PlayerDummy.uasset'
[2016.04.16-15.21.57:184][ 30]LogSavePackage: Total save time: 77.21ms
[2016.04.16-15.21.57:184][ 30]LogSavePackage:Display: Finished SavePackage ../../../../../../Users/AdamEdinburgh/Documents/GitHub/WorldShiftBase/WorldShiftBase/Content/FromPrototype/Blueprints/PlayerDummy.uasset
[2016.04.16-15.22.29:346][858]BlueprintLog: New page: Compile WorldShiftManager
[2016.04.16-15.22.29:354][858]LogBlueprint:Warning: [compiler WorldShiftManager] Warning Could not find a variable named "WorldShifterComponent" in 'WorldShiftManager'.
Make sure 'WorldShiftManager' has been compiled for  Get WorldShifterComponent 
[2016.04.16-15.22.29:354][858]LogBlueprint:Error: [compiler WorldShiftManager] Error Could not find a function named "SetCanWorldShift" in 'WorldShiftManager'.
Make sure 'WorldShiftManager' has been compiled for  Set Can World Shift 
[2016.04.16-15.22.29:354][858]LogBlueprint:Error: [compiler WorldShiftManager] Error Could not find a function named "SetCanWorldUnshift" in 'WorldShiftManager'.
Make sure 'WorldShiftManager' has been compiled for  Set Can World Unshift 
[2016.04.16-15.22.29:354][858]LogBlueprint:Error: [compiler WorldShiftManager] Error Could not find a function named "SetCanWorldUnshift" in 'WorldShiftManager'.
Make sure 'WorldShiftManager' has been compiled for  Set Can World Unshift 
[2016.04.16-15.22.29:354][858]LogBlueprint:Warning: [compiler WorldShiftManager] Warning Can't connect pins  Object  and  Other Actor : This cast has an invalid target type (was the class deleted without a redirect?).
[2016.04.16-15.22.29:354][858]LogBlueprint:Warning: [compiler WorldShiftManager] Warning Can't connect pins  Other Actor  and  Object : This cast has an invalid target type (was the class deleted without a redirect?).
[2016.04.16-15.22.29:354][858]LogBlueprint:Error: [compiler WorldShiftManager] Error This blueprint (self) is not compatible with ' Target ', therefore that pin must have a connection.
[2016.04.16-15.22.29:354][858]LogBlueprint:Error: [compiler WorldShiftManager] Error The property associated with  World Shifter Component  could not be found
[2016.04.16-15.22.29:476][858]LogBlueprint:Warning: [compiler WorldShiftManager] Warning [0251.56] Compile of WorldShiftManager failed. 5 Fatal Issue(s) 3 Warning(s) [in 129 ms]
[2016.04.16-15.22.29:476][858]BlueprintEditorCompileResults:Warning: Warning Could not find a variable named "WorldShifterComponent" in 'WorldShiftManager'.
Make sure 'WorldShiftManager' has been compiled for  Get WorldShifterComponent 
[2016.04.16-15.22.29:476][858]BlueprintEditorCompileResults:Error: Error Could not find a function named "SetCanWorldShift" in 'WorldShiftManager'.
Make sure 'WorldShiftManager' has been compiled for  Set Can World Shift 
[2016.04.16-15.22.29:476][858]BlueprintEditorCompileResults:Error: Error Could not find a function named "SetCanWorldUnshift" in 'WorldShiftManager'.
Make sure 'WorldShiftManager' has been compiled for  Set Can World Unshift 
[2016.04.16-15.22.29:476][858]BlueprintEditorCompileResults:Error: Error Could not find a function named "SetCanWorldUnshift" in 'WorldShiftManager'.
Make sure 'WorldShiftManager' has been compiled for  Set Can World Unshift 
[2016.04.16-15.22.29:476][858]BlueprintEditorCompileResults:Warning: Warning Can't connect pins  Object  and  Other Actor : This cast has an invalid target type (was the class deleted without a redirect?).
[2016.04.16-15.22.29:476][858]BlueprintEditorCompileResults:Warning: Warning Can't connect pins  Other Actor  and  Object : This cast has an invalid target type (was the class deleted without a redirect?).
[2016.04.16-15.22.29:476][858]BlueprintEditorCompileResults:Error: Error This blueprint (self) is not compatible with ' Target ', therefore that pin must have a connection.
[2016.04.16-15.22.29:476][858]BlueprintEditorCompileResults:Error: Error The property associated with  World Shifter Component  could not be found
[2016.04.16-15.22.29:476][858]BlueprintEditorCompileResults:Warning: Warning [0251.56] Compile of WorldShiftManager failed. 5 Fatal Issue(s) 3 Warning(s) [in 129 ms]
[2016.04.16-15.22.49:917][288]LogSavePackage: Save=73.17ms
[2016.04.16-15.22.49:917][288]LogSavePackage: Moving '../../../../../../Users/AdamEdinburgh/Documents/GitHub/WorldShiftBase/WorldShiftBase/Saved/PlayerDummyB04CA82549CFF04BF16996ACCD8B6ED3.tmp' to '../../../../../../Users/AdamEdinburgh/Documents/GitHub/WorldShiftBase/WorldShiftBase/Content/FromPrototype/Blueprints/PlayerDummy.uasset'
[2016.04.16-15.22.49:919][288]LogSavePackage: Total save time: 76.27ms
[2016.04.16-15.22.49:919][288]LogSavePackage:Display: Finished SavePackage ../../../../../../Users/AdamEdinburgh/Documents/GitHub/WorldShiftBase/WorldShiftBase/Content/FromPrototype/Blueprints/PlayerDummy.uasset
[2016.04.16-15.24.32:951][629]LogTemp: Dropped CanWorldUnshift on Category World Shift
[2016.04.16-15.25.11:904][280]BlueprintLog: New page: Compile PlayerDummy
[2016.04.16-15.25.11:942][280]LogBlueprint:Warning: [compiler WorldShiftManager] Warning Could not find a variable named "WorldShifterComponent" in 'WorldShiftManager'.
Make sure 'WorldShiftManager' has been compiled for  Get WorldShifterComponent 
[2016.04.16-15.25.11:942][280]LogBlueprint:Error: [compiler WorldShiftManager] Error Could not find a function named "SetCanWorldShift" in 'WorldShiftManager'.
Make sure 'WorldShiftManager' has been compiled for  Set Can World Shift 
[2016.04.16-15.25.11:942][280]LogBlueprint:Error: [compiler WorldShiftManager] Error Could not find a function named "SetCanWorldUnshift" in 'WorldShiftManager'.
Make sure 'WorldShiftManager' has been compiled for  Set Can World Unshift 
[2016.04.16-15.25.11:942][280]LogBlueprint:Warning: [compiler WorldShiftManager] Warning Can't connect pins  Object  and  Other Actor : This cast has an invalid target type (was the class deleted without a redirect?).
[2016.04.16-15.25.11:942][280]LogBlueprint:Warning: [compiler WorldShiftManager] Warning Can't connect pins  Other Actor  and  Object : This cast has an invalid target type (was the class deleted without a redirect?).
[2016.04.16-15.25.11:942][280]LogBlueprint:Error: [compiler WorldShiftManager] Error This blueprint (self) is not compatible with ' Target ', therefore that pin must have a connection.
[2016.04.16-15.25.11:942][280]LogBlueprint:Error: [compiler WorldShiftManager] Error The property associated with  World Shifter Component  could not be found
[2016.04.16-15.25.12:182][280]BlueprintEditorCompileResults: Info [0414.26] Compile of PlayerDummy successful! [in 278 ms]
[2016.04.16-15.25.12:691][323]LogSavePackage: Save=104.34ms
[2016.04.16-15.25.12:691][323]LogSavePackage: Moving '../../../../../../Users/AdamEdinburgh/Documents/GitHub/WorldShiftBase/WorldShiftBase/Saved/PlayerDummy043AAA364D923C06DA5E55BDFA20B9C8.tmp' to '../../../../../../Users/AdamEdinburgh/Documents/GitHub/WorldShiftBase/WorldShiftBase/Content/FromPrototype/Blueprints/PlayerDummy.uasset'
[2016.04.16-15.25.12:693][323]LogSavePackage: Total save time: 107.95ms
[2016.04.16-15.25.12:693][323]LogSavePackage:Display: Finished SavePackage ../../../../../../Users/AdamEdinburgh/Documents/GitHub/WorldShiftBase/WorldShiftBase/Content/FromPrototype/Blueprints/PlayerDummy.uasset
[2016.04.16-15.27.45:917][187]LogProperty:Warning: ObjectProperty /Script/Engine.EdGraphPin:LinkedTo.LinkedTo: unresolved reference to 'EdGraphPin'K2Node_CallFunction_2798.EdGraphPin_31851''
[2016.04.16-15.27.59:014][754]BlueprintLog: New page: Compile WorldShiftManager
[2016.04.16-15.27.59:188][754]BlueprintEditorCompileResults: Info [0581.27] Compile of WorldShiftManager successful! [in 174 ms]
[2016.04.16-15.28.01:112][977]LogSavePackage: Save=30.20ms
[2016.04.16-15.28.01:112][977]LogSavePackage: Moving '../../../../../../Users/AdamEdinburgh/Documents/GitHub/WorldShiftBase/WorldShiftBase/Saved/WorldShiftManager1009188E4A2A20C55CAD4D9634E70158.tmp' to '../../../../../../Users/AdamEdinburgh/Documents/GitHub/WorldShiftBase/WorldShiftBase/Content/FromPrototype/Blueprints/WorldShiftManager.uasset'
[2016.04.16-15.28.01:114][977]LogSavePackage: Total save time: 38.45ms
[2016.04.16-15.28.01:114][977]LogSavePackage:Display: Finished SavePackage ../../../../../../Users/AdamEdinburgh/Documents/GitHub/WorldShiftBase/WorldShiftBase/Content/FromPrototype/Blueprints/WorldShiftManager.uasset
[2016.04.16-15.28.08:659][875]LogActorComponent: UnregisterComponent: (/Engine/Transient.EditorFloorComp) Not registered. Aborting.
[2016.04.16-15.28.18:195][  0]LogRenderer: Reallocating scene render targets to support 712x496 (Frame:5551).
[2016.04.16-15.29.23:098][753]LogEditorViewport: Clicking on Actor (LMB): PlayerDummy_C (PlayerDummy)
[2016.04.16-15.30.32:303][979]BlueprintLog: New page: Compile PlayerDummy
[2016.04.16-15.30.32:326][979]LogBlueprint:Error: [compiler PlayerDummy] Error Found more than one function with the same name ReceiveTick; second occurance at  Event Tick 
[2016.04.16-15.30.32:592][979]LogBlueprint:Warning: [compiler PlayerDummy] Warning [0734.67] Compile of PlayerDummy failed. 1 Fatal Issue(s) 0 Warning(s) [in 288 ms]
[2016.04.16-15.30.32:592][979]BlueprintEditorCompileResults:Error: Error Found more than one function with the same name ReceiveTick; second occurance at  Event Tick 
[2016.04.16-15.30.32:592][979]BlueprintEditorCompileResults:Warning: Warning [0734.67] Compile of PlayerDummy failed. 1 Fatal Issue(s) 0 Warning(s) [in 288 ms]
[2016.04.16-15.30.57:559][957]BlueprintLog: New page: Compile PlayerDummy
[2016.04.16-15.30.57:673][957]BlueprintEditorCompileResults: Info [0759.75] Compile of PlayerDummy successful! [in 113 ms]
[2016.04.16-15.30.58:294][ 17]LogSavePackage: Save=81.02ms
[2016.04.16-15.30.58:294][ 17]LogSavePackage: Moving '../../../../../../Users/AdamEdinburgh/Documents/GitHub/WorldShiftBase/WorldShiftBase/Saved/PlayerDummy46EF6C534C334352823F01AEEE58AD16.tmp' to '../../../../../../Users/AdamEdinburgh/Documents/GitHub/WorldShiftBase/WorldShiftBase/Content/FromPrototype/Blueprints/PlayerDummy.uasset'
[2016.04.16-15.30.58:297][ 17]LogSavePackage: Total save time: 88.56ms
[2016.04.16-15.30.58:297][ 17]LogSavePackage:Display: Finished SavePackage ../../../../../../Users/AdamEdinburgh/Documents/GitHub/WorldShiftBase/WorldShiftBase/Content/FromPrototype/Blueprints/PlayerDummy.uasset
[2016.04.16-15.33.01:258][639]BlueprintLog: New page: Compile PlayerDummy
[2016.04.16-15.33.01:376][639]BlueprintEditorCompileResults: Info [0883.46] Compile of PlayerDummy successful! [in 117 ms]
[2016.04.16-15.33.01:945][692]LogSavePackage: Save=85.38ms
[2016.04.16-15.33.01:945][692]LogSavePackage: Moving '../../../../../../Users/AdamEdinburgh/Documents/GitHub/WorldShiftBase/WorldShiftBase/Saved/PlayerDummy69D8BD43460BFCDC855FFBBC6CBF5655.tmp' to '../../../../../../Users/AdamEdinburgh/Documents/GitHub/WorldShiftBase/WorldShiftBase/Content/FromPrototype/Blueprints/PlayerDummy.uasset'
[2016.04.16-15.33.01:947][692]LogSavePackage: Total save time: 88.92ms
[2016.04.16-15.33.01:947][692]LogSavePackage:Display: Finished SavePackage ../../../../../../Users/AdamEdinburgh/Documents/GitHub/WorldShiftBase/WorldShiftBase/Content/FromPrototype/Blueprints/PlayerDummy.uasset
[2016.04.16-15.33.05:419][864]LogSavePackage: Save=22.67ms
[2016.04.16-15.33.05:419][864]LogSavePackage: Moving '../../../../../../Users/AdamEdinburgh/Documents/GitHub/WorldShiftBase/WorldShiftBase/Saved/MainLevelE81E57744D2F4C937384D5A2D310AD22.tmp' to '../../../../../../Users/AdamEdinburgh/Documents/GitHub/WorldShiftBase/WorldShiftBase/Content/Levels/MainLevel.umap'
[2016.04.16-15.33.05:421][864]LogSavePackage: Total save time: 30.01ms
[2016.04.16-15.33.05:421][864]LogSavePackage:Display: Finished SavePackage ../../../../../../Users/AdamEdinburgh/Documents/GitHub/WorldShiftBase/WorldShiftBase/Content/Levels/MainLevel.umap
[2016.04.16-15.33.05:450][864]LogFileHelpers: Saving map 'MainLevel' took 0.112
[2016.04.16-15.33.05:524][864]LogActorComponent: UnregisterComponent: (/Engine/Transient.EditorFloorComp) Not registered. Aborting.
[2016.04.16-15.33.05:766][865]Cmd: QUIT_EDITOR
[2016.04.16-15.33.05:813][865]LogWindowsTextInputMethodSystem:Display: IME system now deactivated.
[2016.04.16-15.33.05:847][865]LogExit: Preparing to exit.
[2016.04.16-15.33.06:915][865]LogExit: Editor shut down
[2016.04.16-15.33.06:916][865]LogExit: Transaction tracking system shut down
[2016.04.16-15.33.07:048][865]LogObj: Freed 0b from 0 cluster array pools.
[2016.04.16-15.33.07:049][865]LogExit: Object subsystem successfully closed.
[2016.04.16-15.33.07:067][865]LogD3D11RHI: Shutdown
[2016.04.16-15.33.07:067][865]LogD3D11RHI: CleanupD3DDevice
[2016.04.16-15.33.07:120][865]LogD3D11RHI: ~FD3D11DynamicRHI
[2016.04.16-15.33.07:133][865]LogDerivedDataCache: Shutdown
[2016.04.16-15.33.07:134][865]LogModuleManager: Shutting down and abandoning module BlueprintGraph (204)
[2016.04.16-15.33.07:134][865]LogModuleManager: Shutting down and abandoning module HierarchicalLODOutliner (203)
[2016.04.16-15.33.07:134][865]LogModuleManager: Shutting down and abandoning module CrashTracker (202)
[2016.04.16-15.33.07:134][865]LogModuleManager: Shutting down and abandoning module SceneOutliner (201)
[2016.04.16-15.33.07:134][865]LogModuleManager: Shutting down and abandoning module SuperSearch (200)
[2016.04.16-15.33.07:134][865]LogModuleManager: Shutting down and abandoning module WidgetCarousel (199)
[2016.04.16-15.33.07:134][865]LogModuleManager: Shutting down and abandoning module AddContentDialog (198)
[2016.04.16-15.33.07:135][865]LogModuleManager: Shutting down and abandoning module GameplayTags (197)
[2016.04.16-15.33.07:135][865]LogModuleManager: Shutting down and abandoning module EditorWidgets (196)
[2016.04.16-15.33.07:135][865]LogModuleManager: Shutting down and abandoning module CollectionManager (195)
[2016.04.16-15.33.07:135][865]LogModuleManager: Shutting down and abandoning module StatsViewer (194)
[2016.04.16-15.33.07:135][865]LogModuleManager: Shutting down and abandoning module FoliageEdit (193)
[2016.04.16-15.33.07:135][865]LogModuleManager: Shutting down and abandoning module LandscapeEditor (192)
[2016.04.16-15.33.07:135][865]LogModuleManager: Shutting down and abandoning module ActorPickerMode (191)
[2016.04.16-15.33.07:135][865]LogModuleManager: Shutting down and abandoning module GeometryMode (190)
[2016.04.16-15.33.07:135][865]LogModuleManager: Shutting down and abandoning module TextureAlignMode (189)
[2016.04.16-15.33.07:135][865]LogModuleManager: Shutting down and abandoning module BspMode (188)
[2016.04.16-15.33.07:135][865]LogModuleManager: Shutting down and abandoning module PlacementMode (187)
[2016.04.16-15.33.07:135][865]LogModuleManager: Shutting down and abandoning module AutomationWorker (186)
[2016.04.16-15.33.07:135][865]LogModuleManager: Shutting down and abandoning module CharacterAI (185)
[2016.04.16-15.33.07:135][865]LogModuleManager: Shutting down and abandoning module SmartSnapping (184)
[2016.04.16-15.33.07:135][865]LogModuleManager: Shutting down and abandoning module ViewportSnapping (183)
[2016.04.16-15.33.07:135][865]LogModuleManager: Shutting down and abandoning module LogVisualizer (182)
[2016.04.16-15.33.07:135][865]LogModuleManager: Shutting down and abandoning module GameProjectGeneration (181)
[2016.04.16-15.33.07:135][865]LogModuleManager: Shutting down and abandoning module IntroTutorials (180)
[2016.04.16-15.33.07:135][865]LogModuleManager: Shutting down and abandoning module EditorLiveStreaming (179)
[2016.04.16-15.33.07:135][865]LogModuleManager: Shutting down and abandoning module IOSPlatformEditor (178)
[2016.04.16-15.33.07:135][865]LogModuleManager: Shutting down and abandoning module HTML5PlatformEditor (177)
[2016.04.16-15.33.07:135][865]LogModuleManager: Shutting down and abandoning module AndroidDeviceDetection (176)
[2016.04.16-15.33.07:403][865]LogModuleManager: Shutting down and abandoning module AndroidPlatformEditor (175)
[2016.04.16-15.33.07:404][865]LogModuleManager: Shutting down and abandoning module IOSRuntimeSettings (174)
[2016.04.16-15.33.07:404][865]LogModuleManager: Shutting down and abandoning module AndroidRuntimeSettings (173)
[2016.04.16-15.33.07:404][865]LogModuleManager: Shutting down and abandoning module MergeActors (172)
[2016.04.16-15.33.07:404][865]LogModuleManager: Shutting down and abandoning module SizeMap (171)
[2016.04.16-15.33.07:404][865]LogModuleManager: Shutting down and abandoning module TreeMap (170)
[2016.04.16-15.33.07:404][865]LogModuleManager: Shutting down and abandoning module ReferenceViewer (169)
[2016.04.16-15.33.07:404][865]LogModuleManager: Shutting down and abandoning module LocalizationService (168)
[2016.04.16-15.33.07:404][865]LogModuleManager: Shutting down and abandoning module LocalizationDashboard (167)
[2016.04.16-15.33.07:404][865]LogModuleManager: Shutting down and abandoning module HardwareTargeting (166)
[2016.04.16-15.33.07:404][865]LogModuleManager: Shutting down and abandoning module DeviceProfileEditor (165)
[2016.04.16-15.33.07:404][865]LogModuleManager: Shutting down and abandoning module UndoHistory (164)
[2016.04.16-15.33.07:404][865]LogModuleManager: Shutting down and abandoning module UserFeedback (163)
[2016.04.16-15.33.07:404][865]LogModuleManager: Shutting down and abandoning module XmlParser (162)
[2016.04.16-15.33.07:404][865]LogModuleManager: Shutting down and abandoning module Blutility (161)
[2016.04.16-15.33.07:404][865]LogModuleManager: Shutting down and abandoning module ProjectTargetPlatformEditor (160)
[2016.04.16-15.33.07:404][865]LogModuleManager: Shutting down and abandoning module ProjectSettingsViewer (159)
[2016.04.16-15.33.07:404][865]LogModuleManager: Shutting down and abandoning module InputBindingEditor (158)
[2016.04.16-15.33.07:404][865]LogModuleManager: Shutting down and abandoning module EditorSettingsViewer (157)
[2016.04.16-15.33.07:404][865]LogModuleManager: Shutting down and abandoning module SettingsEditor (156)
[2016.04.16-15.33.07:404][865]LogModuleManager: Shutting down and abandoning module ProjectLauncher (155)
[2016.04.16-15.33.07:404][865]LogModuleManager: Shutting down and abandoning module SessionFrontend (154)
[2016.04.16-15.33.07:404][865]LogModuleManager: Shutting down and abandoning module ProfilerClient (153)
[2016.04.16-15.33.07:404][865]LogModuleManager: Shutting down and abandoning module TargetDeviceServices (152)
[2016.04.16-15.33.07:404][865]LogModuleManager: Shutting down and abandoning module DeviceManager (151)
[2016.04.16-15.33.07:435][865]LogModuleManager: Shutting down and abandoning module AutomationController (150)
[2016.04.16-15.33.07:435][865]LogModuleManager: Shutting down and abandoning module AutomationWindow (149)
[2016.04.16-15.33.07:435][865]LogModuleManager: Shutting down and abandoning module Layers (148)
[2016.04.16-15.33.07:435][865]LogModuleManager: Shutting down and abandoning module ComponentVisualizers (147)
[2016.04.16-15.33.07:435][865]LogModuleManager: Shutting down and abandoning module DetailCustomizations (146)
[2016.04.16-15.33.07:435][865]LogModuleManager: Shutting down and abandoning module PackagesDialog (145)
[2016.04.16-15.33.07:435][865]LogModuleManager: Shutting down and abandoning module Persona (144)
[2016.04.16-15.33.07:435][865]LogModuleManager: Shutting down and abandoning module Kismet (143)
[2016.04.16-15.33.07:435][865]LogModuleManager: Shutting down and abandoning module GraphEditor (142)
[2016.04.16-15.33.07:435][865]LogModuleManager: Shutting down and abandoning module ClassViewer (141)
[2016.04.16-15.33.07:435][865]LogModuleManager: Shutting down and abandoning module Toolbox (140)
[2016.04.16-15.33.07:435][865]LogModuleManager: Shutting down and abandoning module ModuleUI (139)
[2016.04.16-15.33.07:435][865]LogModuleManager: Shutting down and abandoning module MovieSceneTools (138)
[2016.04.16-15.33.07:435][865]LogModuleManager: Shutting down and abandoning module OutputLog (137)
[2016.04.16-15.33.07:435][865]LogModuleManager: Shutting down and abandoning module GammaUI (136)
[2016.04.16-15.33.07:435][865]LogModuleManager: Shutting down and abandoning module Documentation (135)
[2016.04.16-15.33.07:435][865]LogModuleManager: Shutting down and abandoning module StreamingPauseRendering (134)
[2016.04.16-15.33.07:435][865]LogModuleManager: Shutting down and abandoning module AnalyticsET (133)
[2016.04.16-15.33.07:435][865]LogModuleManager: Shutting down and abandoning module Analytics (132)
[2016.04.16-15.33.07:435][865]LogModuleManager: Shutting down and abandoning module PortalServices (131)
[2016.04.16-15.33.07:435][865]LogModuleManager: Shutting down and abandoning module PortalRpc (130)
[2016.04.16-15.33.07:435][865]LogModuleManager: Shutting down and abandoning module MessagingRpc (129)
[2016.04.16-15.33.07:435][865]LogModuleManager: Shutting down and abandoning module AITestSuite (128)
[2016.04.16-15.33.07:435][865]LogModuleManager: Shutting down and abandoning module GameplayDebugger (127)
[2016.04.16-15.33.07:435][865]LogModuleManager: Shutting down and abandoning module AIModule (126)
[2016.04.16-15.33.07:435][865]LogModuleManager: Shutting down and abandoning module ProfilerService (125)
[2016.04.16-15.33.07:451][865]LogModuleManager: Shutting down and abandoning module TaskGraph (124)
[2016.04.16-15.33.07:451][865]LogModuleManager: Shutting down and abandoning module SlateRemote (123)
[2016.04.16-15.33.07:451][865]LogModuleManager: Shutting down and abandoning module SteamVRController (122)
[2016.04.16-15.33.07:451][865]LogModuleManager: Shutting down and abandoning module SteamVR (121)
[2016.04.16-15.33.07:451][865]LogModuleManager: Shutting down and abandoning module ProceduralMeshComponent (120)
[2016.04.16-15.33.07:451][865]LogModuleManager: Shutting down and abandoning module OculusLibrary (119)
[2016.04.16-15.33.07:451][865]LogModuleManager: Shutting down and abandoning module OculusInput (118)
[2016.04.16-15.33.07:451][865]LogModuleManager: Shutting down and abandoning module CustomMeshComponent (117)
[2016.04.16-15.33.07:451][865]LogModuleManager: Shutting down and abandoning module CableComponent (116)
[2016.04.16-15.33.07:451][865]LogModuleManager: Shutting down and abandoning module ArchVisCharacter (115)
[2016.04.16-15.33.07:451][865]LogModuleManager: Shutting down and abandoning module MediaPlayerEditor (114)
[2016.04.16-15.33.07:451][865]LogModuleManager: Shutting down and abandoning module HTML5Networking (113)
[2016.04.16-15.33.07:451][865]LogModuleManager: Shutting down and abandoning module SpeedTreeImporter (112)
[2016.04.16-15.33.07:451][865]LogModuleManager: Shutting down and abandoning module PluginBrowser (111)
[2016.04.16-15.33.07:451][865]LogModuleManager: Shutting down and abandoning module EpicSurvey (110)
[2016.04.16-15.33.07:451][865]LogModuleManager: Shutting down and abandoning module DesktopPlatform (109)
[2016.04.16-15.33.07:451][865]LogModuleManager: Shutting down and abandoning module VisualStudioSourceCodeAccess (108)
[2016.04.16-15.33.07:451][865]LogModuleManager: Shutting down and abandoning module UObjectPlugin (107)
[2016.04.16-15.33.07:451][865]LogModuleManager: Shutting down and abandoning module SubversionSourceControl (106)
[2016.04.16-15.33.07:451][865]LogModuleManager: Shutting down and abandoning module PerforceSourceControl (105)
[2016.04.16-15.33.07:452][865]LogModuleManager: Shutting down and abandoning module SourceControl (104)
[2016.04.16-15.33.07:452][865]LogModuleManager: Shutting down and abandoning module GitSourceControl (103)
[2016.04.16-15.33.07:452][865]LogModuleManager: Shutting down and abandoning module LightPropagationVolumeEditor (102)
[2016.04.16-15.33.07:452][865]LogModuleManager: Shutting down and abandoning module PaperTiledImporter (101)
[2016.04.16-15.33.07:452][865]LogModuleManager: Shutting down and abandoning module PaperSpriteSheetImporter (100)
[2016.04.16-15.33.07:452][865]LogModuleManager: Shutting down and abandoning module MeshPaint (99)
[2016.04.16-15.33.07:452][865]LogModuleManager: Shutting down and abandoning module HotReload (98)
[2016.04.16-15.33.07:452][865]LogModuleManager: Shutting down and abandoning module MainFrame (97)
[2016.04.16-15.33.07:452][865]LogModuleManager: Shutting down and abandoning module LevelEditor (96)
[2016.04.16-15.33.07:453][865]LogModuleManager: Shutting down and abandoning module DirectoryWatcher (95)
[2016.04.16-15.33.07:453][865]LogModuleManager: Shutting down and abandoning module AssetRegistry (94)
[2016.04.16-15.33.07:590][865]LogModuleManager: Shutting down and abandoning module ContentBrowser (93)
[2016.04.16-15.33.07:590][865]LogModuleManager: Shutting down and abandoning module Paper2DEditor (92)
[2016.04.16-15.33.07:590][865]LogModuleManager: Shutting down and abandoning module UdpMessaging (91)
[2016.04.16-15.33.07:692][865]LogModuleManager: Shutting down and abandoning module LightPropagationVolumeRuntime (90)
[2016.04.16-15.33.07:692][865]LogModuleManager: Shutting down and abandoning module Paper2D (89)
[2016.04.16-15.33.07:692][865]LogModuleManager: Shutting down and abandoning module WindowsMoviePlayer (88)
[2016.04.16-15.33.07:692][865]LogModuleManager: Shutting down and abandoning module Media (87)
[2016.04.16-15.33.07:692][865]LogModuleManager: Shutting down and abandoning module WmfMedia (86)
[2016.04.16-15.33.07:692][865]LogModuleManager: Shutting down and abandoning module GameLiveStreaming (85)
[2016.04.16-15.33.07:692][865]LogModuleManager: Shutting down and abandoning module GameplayTagsEditor (84)
[2016.04.16-15.33.07:692][865]LogModuleManager: Shutting down and abandoning module OnlineBlueprintSupport (83)
[2016.04.16-15.33.07:692][865]LogModuleManager: Shutting down and abandoning module GameplayTasksEditor (82)
[2016.04.16-15.33.07:692][865]LogModuleManager: Shutting down and abandoning module PropertyEditor (81)
[2016.04.16-15.33.07:692][865]LogModuleManager: Shutting down and abandoning module BehaviorTreeEditor (80)
[2016.04.16-15.33.07:692][865]LogModuleManager: Shutting down and abandoning module FunctionalTesting (79)
[2016.04.16-15.33.07:692][865]LogModuleManager: Shutting down and abandoning module CollisionAnalyzer (78)
[2016.04.16-15.33.07:692][865]LogModuleManager: Shutting down and abandoning module WorkspaceMenuStructure (77)
[2016.04.16-15.33.07:692][865]LogModuleManager: Shutting down and abandoning module MessageLog (76)
[2016.04.16-15.33.07:692][865]LogModuleManager: Shutting down and abandoning module Sequencer (75)
[2016.04.16-15.33.07:692][865]LogModuleManager: Shutting down and abandoning module AssetTools (74)
[2016.04.16-15.33.07:692][865]LogModuleManager: Shutting down and abandoning module UMGEditor (73)
[2016.04.16-15.33.07:692][865]LogModuleManager: Shutting down and abandoning module UMG (72)
[2016.04.16-15.33.07:692][865]LogModuleManager: Shutting down and abandoning module SlateReflector (71)
[2016.04.16-15.33.07:692][865]LogModuleManager: Shutting down and abandoning module Slate (70)
[2016.04.16-15.33.07:692][865]LogModuleManager: Shutting down and abandoning module EditorStyle (69)
[2016.04.16-15.33.07:694][865]LogModuleManager: Shutting down and abandoning module SessionServices (68)
[2016.04.16-15.33.07:694][865]LogModuleManager: Shutting down and abandoning module SourceCodeAccess (67)
[2016.04.16-15.33.07:694][865]LogModuleManager: Shutting down and abandoning module HeadMountedDisplay (66)
[2016.04.16-15.33.07:694][865]LogModuleManager: Shutting down and abandoning module XAudio2 (65)
[2016.04.16-15.33.07:694][865]LogModuleManager: Shutting down and abandoning module Networking (63)
[2016.04.16-15.33.07:694][865]LogModuleManager: Shutting down and abandoning module Core (62)
[2016.04.16-15.33.07:694][865]LogModuleManager: Shutting down and abandoning module KismetCompiler (61)
[2016.04.16-15.33.07:694][865]LogModuleManager: Shutting down and abandoning module PhysXFormats (60)
[2016.04.16-15.33.07:694][865]LogModuleManager: Shutting down and abandoning module MeshUtilities (59)
[2016.04.16-15.33.07:694][865]LogModuleManager: Shutting down and abandoning module CookingStats (58)
[2016.04.16-15.33.07:694][865]LogModuleManager: Shutting down and abandoning module DerivedDataCache (57)
[2016.04.16-15.33.07:694][865]LogDerivedDataCache: Shutdown
[2016.04.16-15.33.07:694][865]LogModuleManager: Shutting down and abandoning module ShaderFormatOpenGL (56)
[2016.04.16-15.33.07:694][865]LogModuleManager: Shutting down and abandoning module ShaderFormatD3D (55)
[2016.04.16-15.33.07:694][865]LogModuleManager: Shutting down and abandoning module MetalShaderFormat (54)
[2016.04.16-15.33.07:694][865]LogModuleManager: Shutting down and abandoning module TextureFormatUncompressed (53)
[2016.04.16-15.33.07:694][865]LogModuleManager: Shutting down and abandoning module TextureFormatPVR (52)
[2016.04.16-15.33.07:694][865]LogModuleManager: Shutting down and abandoning module TextureFormatIntelISPCTexComp (51)
[2016.04.16-15.33.07:694][865]LogModuleManager: Shutting down and abandoning module TextureFormatDXT (50)
[2016.04.16-15.33.07:694][865]LogModuleManager: Shutting down and abandoning module ImageWrapper (49)
[2016.04.16-15.33.07:694][865]LogModuleManager: Shutting down and abandoning module TextureFormatASTC (48)
[2016.04.16-15.33.07:694][865]LogModuleManager: Shutting down and abandoning module TextureFormatAndroid (47)
[2016.04.16-15.33.07:694][865]LogModuleManager: Shutting down and abandoning module AudioFormatOpus (46)
[2016.04.16-15.33.07:694][865]LogModuleManager: Shutting down and abandoning module AudioFormatOgg (45)
[2016.04.16-15.33.07:694][865]LogModuleManager: Shutting down and abandoning module AudioFormatADPCM (44)
[2016.04.16-15.33.07:694][865]LogModuleManager: Shutting down and abandoning module LinuxTargetPlatform (43)
[2016.04.16-15.33.07:694][865]LogModuleManager: Shutting down and abandoning module LinuxServerTargetPlatform (42)
[2016.04.16-15.33.07:694][865]LogModuleManager: Shutting down and abandoning module LinuxNoEditorTargetPlatform (41)
[2016.04.16-15.33.07:694][865]LogModuleManager: Shutting down and abandoning module TVOSTargetPlatform (40)
[2016.04.16-15.33.07:694][865]LogModuleManager: Shutting down and abandoning module Messaging (39)
[2016.04.16-15.33.07:694][865]LogModuleManager: Shutting down and abandoning module IOSTargetPlatform (38)
[2016.04.16-15.33.07:694][865]LogModuleManager: Shutting down and abandoning module HTML5TargetPlatform (37)
[2016.04.16-15.33.07:694][865]LogModuleManager: Shutting down and abandoning module Android_PVRTCTargetPlatform (36)
[2016.04.16-15.33.07:694][865]LogModuleManager: Shutting down and abandoning module Android_MultiTargetPlatform (35)
[2016.04.16-15.33.07:694][865]LogModuleManager: Shutting down and abandoning module Android_ETC2TargetPlatform (34)
[2016.04.16-15.33.07:694][865]LogModuleManager: Shutting down and abandoning module Android_ETC1TargetPlatform (33)
[2016.04.16-15.33.07:694][865]LogModuleManager: Shutting down and abandoning module Android_DXTTargetPlatform (32)
[2016.04.16-15.33.07:694][865]LogModuleManager: Shutting down and abandoning module Android_ATCTargetPlatform (31)
[2016.04.16-15.33.07:694][865]LogModuleManager: Shutting down and abandoning module Android_ASTCTargetPlatform (30)
[2016.04.16-15.33.07:694][865]LogModuleManager: Shutting down and abandoning module AndroidTargetPlatform (29)
[2016.04.16-15.33.07:694][865]LogModuleManager: Shutting down and abandoning module WindowsTargetPlatform (28)
[2016.04.16-15.33.07:694][865]LogModuleManager: Shutting down and abandoning module WindowsServerTargetPlatform (27)
[2016.04.16-15.33.07:694][865]LogModuleManager: Shutting down and abandoning module WindowsNoEditorTargetPlatform (26)
[2016.04.16-15.33.07:694][865]LogModuleManager: Shutting down and abandoning module WindowsClientTargetPlatform (25)
[2016.04.16-15.33.07:694][865]LogModuleManager: Shutting down and abandoning module AllDesktopTargetPlatform (24)
[2016.04.16-15.33.07:694][865]LogModuleManager: Shutting down and abandoning module TargetPlatform (23)
[2016.04.16-15.33.07:694][865]LogModuleManager: Shutting down and abandoning module InputCore (22)
[2016.04.16-15.33.07:694][865]LogModuleManager: Shutting down and abandoning module Settings (21)
[2016.04.16-15.33.07:694][865]LogModuleManager: Shutting down and abandoning module OnlineSubsystem (19)
[2016.04.16-15.33.07:694][865]LogModuleManager: Shutting down and abandoning module HTTP (18)
[2016.04.16-15.33.08:695][865]LogModuleManager: Shutting down and abandoning module XMPP (17)
[2016.04.16-15.33.08:695][865]LogModuleManager: Shutting down and abandoning module OculusRift (16)
[2016.04.16-15.33.08:696][865]LogHMD: Oculus shutdown.
[2016.04.16-15.33.08:696][865]LogModuleManager: Shutting down and abandoning module ExampleDeviceProfileSelector (15)
[2016.04.16-15.33.08:696][865]LogModuleManager: Shutting down and abandoning module TextureCompressor (14)
[2016.04.16-15.33.08:700][865]LogModuleManager: Shutting down and abandoning module ShaderCore (13)
[2016.04.16-15.33.08:700][865]LogModuleManager: Shutting down and abandoning module Landscape (12)
[2016.04.16-15.33.08:700][865]LogModuleManager: Shutting down and abandoning module SlateRHIRenderer (11)
[2016.04.16-15.33.08:702][865]LogModuleManager: Shutting down and abandoning module OpenGLDrv (10)
[2016.04.16-15.33.08:702][865]LogModuleManager: Shutting down and abandoning module D3D11RHI (9)
[2016.04.16-15.33.08:702][865]LogModuleManager: Shutting down and abandoning module AnimGraphRuntime (8)
[2016.04.16-15.33.08:702][865]LogModuleManager: Shutting down and abandoning module Renderer (7)
[2016.04.16-15.33.08:702][865]LogModuleManager: Shutting down and abandoning module Engine (6)
[2016.04.16-15.33.08:702][865]LogModuleManager: Shutting down and abandoning module CoreUObject (5)
[2016.04.16-15.33.08:702][865]LogModuleManager: Shutting down and abandoning module NetworkFile (4)
[2016.04.16-15.33.08:702][865]LogModuleManager: Shutting down and abandoning module StreamingFile (3)
[2016.04.16-15.33.08:703][865]LogModuleManager: Shutting down and abandoning module SandboxFile (2)
[2016.04.16-15.33.08:703][865]LogModuleManager: Shutting down and abandoning module PakFile (1)
[2016.04.16-15.33.08:704][865]LogExit: Exiting.
[2016.04.16-15.33.08:705][865]Log file closed, 04/16/16 16:33:08
