Log file open, 04/11/16 12:19:21
LogInit:Display: Running engine for game: WorldShiftBase
LogPlatformFile: Not using cached read wrapper
LogInit:Display: RandInit(1333782011) SRandInit(1333782013).
LogTaskGraph: Started task graph with 4 named threads and 7 total threads.
LogStats: Stats thread started at 0.069298
LogInit: Version: 4.11.1-2934540+++UE4+Release-4.11
LogInit: API Version: 2927265
LogInit: Compiled (64-bit): Apr  6 2016 02:14:16
LogInit: Compiled with Visual C++: 19.00.23026.00
LogInit: Build Configuration: Development
LogInit: Branch Name: ++UE4+Release-4.11
LogInit: Command line: -EpicPortal 
LogInit: Base directory: I:/Program Files (x86)/Epic Games/4.11/Engine/Binaries/Win64/
LogInit: Installed Engine Build: 1
LogInit: Using libcurl 7.41.0
LogInit:  - built for x86_64-pc-win32
LogInit:  - supports SSL with WinSSL
LogInit:  - other features:
LogInit:      CURL_VERSION_SSL
LogInit:      CURL_VERSION_IPV6
LogInit:      CURL_VERSION_ASYNCHDNS
LogInit:      CURL_VERSION_LARGEFILE
LogInit:      CURL_VERSION_IDN
LogInit:  CurlRequestOptions (configurable via config and command line):
LogInit:  - bVerifyPeer = true  - Libcurl will verify peer certificate
LogInit:  - bUseHttpProxy = false  - Libcurl will NOT use HTTP proxy
LogInit:  - bDontReuseConnections = false  - Libcurl will reuse connections
LogInit:  - CertBundlePath = nullptr  - Libcurl will use whatever was configured at build time.
LogInit: Presizing for max 16777216 objects, including 0 objects not considered by GC, pre-allocating 0 bytes for permanent pool.
LogInit: Object subsystem initialized
[2016.04.11-11.19.21:657][  0]LogInit: Selected Device Profile: [Windows]
[2016.04.11-11.19.21:657][  0]LogInit: Applying CVar settings loaded from the selected device profile: [Windows]
[2016.04.11-11.19.21:665][  0]LogInit: Computer: HYDAELIN
[2016.04.11-11.19.21:665][  0]LogInit: User: Kat
[2016.04.11-11.19.21:665][  0]LogInit: CPU Page size=65536, Cores=4
[2016.04.11-11.19.21:665][  0]LogInit: High frequency timer resolution =3.319339 MHz
[2016.04.11-11.19.21:665][  0]LogMemory: Memory total: Physical=12.0GB (12GB approx)
[2016.04.11-11.19.21:665][  0]LogMemory: Platform Memory Stats for Windows
[2016.04.11-11.19.21:665][  0]LogMemory: Process Physical Memory: 312.09 MB used, 312.09 MB peak
[2016.04.11-11.19.21:665][  0]LogMemory: Process Virtual Memory: 315.54 MB used, 315.54 MB peak
[2016.04.11-11.19.21:665][  0]LogMemory: Physical Memory: 5305.10 MB used, 12270.31 MB total
[2016.04.11-11.19.21:665][  0]LogMemory: Virtual Memory: 652.49 MB used, 134217728.00 MB total
[2016.04.11-11.19.21:693][  0]LogTextLocalizationManager: No specific translations for ('en-GB') exist, so ('en') translations will be used.
[2016.04.11-11.19.22:098][  0]LogD3D11RHI: D3D11 adapters:
[2016.04.11-11.19.22:127][  0]LogD3D11RHI:    0. 'NVIDIA GeForce GTX 970' (Feature Level 11_0)
[2016.04.11-11.19.22:127][  0]LogD3D11RHI:       4007MB of dedicated video memory, 0MB of dedicated system memory, and 6135MB of shared system memory, 1 output[s]
[2016.04.11-11.19.22:129][  0]LogD3D11RHI:    1. 'Microsoft Basic Render Driver' (Feature Level 11_0)
[2016.04.11-11.19.22:129][  0]LogD3D11RHI:       0MB of dedicated video memory, 0MB of dedicated system memory, and 6135MB of shared system memory, 0 output[s]
[2016.04.11-11.19.22:129][  0]LogD3D11RHI: Chosen D3D11 Adapter: 0
[2016.04.11-11.19.22:133][  0]LogD3D11RHI: Creating new Direct3DDevice
[2016.04.11-11.19.22:133][  0]LogD3D11RHI:     Adapter Name: NVIDIA GeForce GTX 970
[2016.04.11-11.19.22:133][  0]LogD3D11RHI:   Driver Version: 10.18.13.6143 (internal 10.18.13.6143)
[2016.04.11-11.19.22:133][  0]LogD3D11RHI:      Driver Date: 12-16-2015
[2016.04.11-11.19.22:133][  0]LogRHI: Texture pool is 1361 MB (70% of 1945 MB)
[2016.04.11-11.19.22:147][  0]LogD3D11RHI: Async texture creation enabled
[2016.04.11-11.19.22:163][  0]LogShaderCompilers: Guid format shader working directory is -35 characters bigger than the processId version (../../../../../../Win10Users/Kat/Documents/GitHub/WorldShiftBase/WorldShiftBase/Intermediate/Shaders/WorkingDirectory/5936/).
[2016.04.11-11.19.22:163][  0]LogShaderCompilers: Cleaned the shader compiler working directory 'C:/Users/Kat/AppData/Local/Temp/UnrealShaderWorkingDir/0E8D90504F7EF53B2C40B59DE60CFECE/'.
[2016.04.11-11.19.22:163][  0]LogShaderCompilers:Display: Using Local Shader Compiler.
[2016.04.11-11.19.23:096][  0]LogTemp:Display: Loaded TP AllDesktopTargetPlatform
[2016.04.11-11.19.23:100][  0]LogTemp:Display: Loaded TP WindowsClientTargetPlatform
[2016.04.11-11.19.23:105][  0]LogTemp:Display: Loaded TP WindowsNoEditorTargetPlatform
[2016.04.11-11.19.23:109][  0]LogTemp:Display: Loaded TP WindowsServerTargetPlatform
[2016.04.11-11.19.23:113][  0]LogTemp:Display: Loaded TP WindowsTargetPlatform
[2016.04.11-11.19.23:115][  0]LogTemp:Display: Loaded TP AndroidTargetPlatform
[2016.04.11-11.19.23:118][  0]LogTemp:Display: Loaded TP Android_ASTCTargetPlatform
[2016.04.11-11.19.23:120][  0]LogTemp:Display: Loaded TP Android_ATCTargetPlatform
[2016.04.11-11.19.23:123][  0]LogTemp:Display: Loaded TP Android_DXTTargetPlatform
[2016.04.11-11.19.23:127][  0]LogTemp:Display: Loaded TP Android_ETC1TargetPlatform
[2016.04.11-11.19.23:130][  0]LogTemp:Display: Loaded TP Android_ETC2TargetPlatform
[2016.04.11-11.19.23:136][  0]LogTemp:Display: Loaded TP Android_MultiTargetPlatform
[2016.04.11-11.19.23:136][  0]LogTemp:Display: Loaded TP Android_PVRTCTargetPlatform
[2016.04.11-11.19.23:137][  0]LogTemp:Display: Loaded TP HTML5TargetPlatform
[2016.04.11-11.19.23:153][  0]LogTemp:Display: Loaded TP IOSTargetPlatform
[2016.04.11-11.19.23:156][  0]LogTemp:Display: Loaded TP TVOSTargetPlatform
[2016.04.11-11.19.23:159][  0]LogTemp:Display: Loaded TP LinuxNoEditorTargetPlatform
[2016.04.11-11.19.23:161][  0]LogTemp:Display: Loaded TP LinuxServerTargetPlatform
[2016.04.11-11.19.23:164][  0]LogTemp:Display: Loaded TP LinuxTargetPlatform
[2016.04.11-11.19.23:164][  0]LogTargetPlatformManager:Display: Building Assets For Windows
[2016.04.11-11.19.23:227][  0]LogDerivedDataCache:Display: Max Cache Size: 512 MB
[2016.04.11-11.19.23:280][  0]LogDerivedDataCache: Loaded boot cache 0.05s 46MB C:/Users/Kat/AppData/Local/UnrealEngine/4.11/DerivedDataCache/Boot.ddc.
[2016.04.11-11.19.23:280][  0]LogDerivedDataCache:Display: Loaded Boot cache: C:/Users/Kat/AppData/Local/UnrealEngine/4.11/DerivedDataCache/Boot.ddc
[2016.04.11-11.19.23:280][  0]LogDerivedDataCache: FDerivedDataBackendGraph:  Pak pak cache file ../../../../../../Win10Users/Kat/Documents/GitHub/WorldShiftBase/WorldShiftBase/DerivedDataCache/DDC.ddp not found, will not use a pak cache.
[2016.04.11-11.19.23:280][  0]LogDerivedDataCache: Unable to find inner node Pak for hierarchical cache Hierarchy.
[2016.04.11-11.19.23:280][  0]LogDerivedDataCache: FDerivedDataBackendGraph:  CompressedPak pak cache file ../../../../../../Win10Users/Kat/Documents/GitHub/WorldShiftBase/WorldShiftBase/DerivedDataCache/Compressed.ddp not found, will not use a pak cache.
[2016.04.11-11.19.23:280][  0]LogDerivedDataCache: Unable to find inner node CompressedPak for hierarchical cache Hierarchy.
[2016.04.11-11.19.23:295][  0]LogDerivedDataCache:Display: Pak cache opened for reading ../../../Engine/DerivedDataCache/Compressed.ddp.
[2016.04.11-11.19.23:307][  0]LogDerivedDataCache: Using Local data cache path C:/Users/Kat/AppData/Local/UnrealEngine/Common/DerivedDataCache: Writable
[2016.04.11-11.19.23:474][  0]LogInit: Selected Device Profile: [Windows]
[2016.04.11-11.19.23:475][  0]LogContentStreaming: Texture pool size is 0.00 MB
[2016.04.11-11.19.23:508][  0]LogMaterial: Uniform references updated for custom material expression Custom.
[2016.04.11-11.19.23:629][  0]LogMeshUtilities: No automatic mesh reduction module available
[2016.04.11-11.19.23:629][  0]LogMeshUtilities: No automatic mesh merging module available
[2016.04.11-11.19.23:629][  0]LogMeshUtilities: No distributed automatic mesh merging module available
[2016.04.11-11.19.23:856][  0]LogUObjectArray: 27678 objects as part of root set at end of initial load.
[2016.04.11-11.19.23:856][  0]LogUObjectAllocator: 5591384 out of 0 bytes used by permanent object pool.
[2016.04.11-11.19.23:856][  0]LogUObjectArray: CloseDisregardForGC: 0/0 objects in disregard for GC pool
[2016.04.11-11.19.23:861][  0]LogInit: WinSock: version 1.1 (2.2), MaxSocks=32767, MaxUdp=65467
[2016.04.11-11.19.23:929][  0]LogSlate: SlateFontCache - WITH_FREETYPE: 1, WITH_HARFBUZZ: 1
[2016.04.11-11.19.23:929][  0]LogSlate: SlateFontCache - WITH_FREETYPE: 1, WITH_HARFBUZZ: 1
[2016.04.11-11.19.24:024][  0]LogStreaming:Warning: Failed to read file '../../../Engine/Content/Editor/Slate/Common/Selection_16x.png' error.
[2016.04.11-11.19.24:024][  0]LogSlate: Could not find file for Slate resource: ../../../Engine/Content/Editor/Slate/Common/Selection_16x.png
[2016.04.11-11.19.24:024][  0]LogStreaming:Warning: Failed to read file '../../../Engine/Content/Editor/Slate/Common/Selection_16x.png' error.
[2016.04.11-11.19.24:024][  0]LogSlate: Could not find file for Slate resource: ../../../Engine/Content/Editor/Slate/Common/Selection_16x.png
[2016.04.11-11.19.24:024][  0]LogStreaming:Warning: Failed to read file '../../../Engine/Content/Editor/Slate/Common/Selection_16x.png' error.
[2016.04.11-11.19.24:024][  0]LogSlate: Could not find file for Slate resource: ../../../Engine/Content/Editor/Slate/Common/Selection_16x.png
[2016.04.11-11.19.24:581][  0]LogUdpMessaging: Initializing bridge on interface 0.0.0.0:0 to multicast group 230.0.0.1:6666.
[2016.04.11-11.19.24:680][  0]LogAssetRegistry: FAssetRegistry took 0.0211 seconds to start up
[2016.04.11-11.19.24:807][  0]SourceControl: Info Source control is disabled
[2016.04.11-11.19.24:808][  0]SourceControl: Info Source control is disabled
[2016.04.11-11.19.24:816][  0]SourceControl: Info Source control is disabled
[2016.04.11-11.19.24:825][  0]SourceControl: Info Source control is disabled
[2016.04.11-11.19.25:008][  0]LogEngine: Initializing Engine...
[2016.04.11-11.19.25:023][  0]LogHMD: SteamVR failed to initialize.  Err: 108
[2016.04.11-11.19.25:030][  0]LogHMD: SteamVR failed to initialize.  Err: 108
[2016.04.11-11.19.25:166][  0]LogAIModule: Creating AISystem for world NewWorld
[2016.04.11-11.19.25:178][  0]LogInit: XAudio2 using 'Speakers (High Definition Audio Device)' : 2 channels at 44.1 kHz using 16 bits per sample (channel mask 0x3)
[2016.04.11-11.19.25:188][  0]LogInit: FAudioDevice initialized.
[2016.04.11-11.19.25:211][  0]LogDerivedDataCache: Saved boot cache 0.02s 46MB C:/Users/Kat/AppData/Local/UnrealEngine/4.11/DerivedDataCache/Boot.ddc.
[2016.04.11-11.19.25:221][  0]LogInit: Texture streaming: Enabled
[2016.04.11-11.19.25:242][  0]LogInit: Transaction tracking system initialized
[2016.04.11-11.19.25:261][  0]BlueprintLog: New page: Editor Load
[2016.04.11-11.19.25:423][  0]LocalizationService: Info Localization service is disabled
[2016.04.11-11.19.25:512][  0]LogLinker:Warning: Can't find file '/Game/FlyingBP/FlyingOverview'
[2016.04.11-11.19.25:512][  0]LogLinker:Warning: Can't find file '/Game/FlyingBP/FlyingOverview'
[2016.04.11-11.19.25:512][  0]LogUObjectGlobals:Warning: Failed to find object 'Class /Game/FlyingBP/FlyingOverview.FlyingOverview_C'
[2016.04.11-11.19.25:526][  0]LogConsoleResponse:Display: 
[2016.04.11-11.19.25:618][  0]LogFileCache: Scanning file cache for directory 'I:/Win10Users/Kat/Documents/GitHub/WorldShiftBase/WorldShiftBase/Content/' took 0.01s
[2016.04.11-11.19.25:618][  0]LogCook:Display: Max memory allowance for cook 8192mb
[2016.04.11-11.19.25:618][  0]LogCook:Display: Mobile HDR setting 1
[2016.04.11-11.19.25:618][  0]LogCook:Display: Done creating registry. It took  0.00s.
[2016.04.11-11.19.25:672][  0]SourceControl: Info Source control is disabled
[2016.04.11-11.19.25:672][  0]Cmd: MAP LOAD FILE="../../../Engine/Content/Maps/Templates/Template_Default.umap" TEMPLATE=1 SHOWPROGRESS=1 FEATURELEVEL=3
[2016.04.11-11.19.25:673][  0]LightingResults: New page: Lighting Build
[2016.04.11-11.19.25:675][  0]MapCheck: New page: Map Check
[2016.04.11-11.19.25:675][  0]LightingResults: New page: Lighting Build
[2016.04.11-11.19.25:931][  0]LogAIModule: Creating AISystem for world Untitled_1
[2016.04.11-11.19.25:935][  0]LogEditorServer: Finished looking for orphan Actors (0.000 secs)
[2016.04.11-11.19.25:940][  0]Cmd: MAP CHECKDEP NOCLEARLOG
[2016.04.11-11.19.25:971][  0]MapCheck: Info Map check complete: 0 Error(s), 0 Warning(s), took 30.283ms to complete.
[2016.04.11-11.19.25:971][  0]LogFileHelpers: Loading map 'Template_Default' took 0.299
[2016.04.11-11.19.26:081][  0]LogCollectionManager: Loaded 0 collections in 0.001512 seconds
[2016.04.11-11.19.26:125][  0]LogFileCache: Scanning file cache for directory 'I:/Win10Users/Kat/Documents/GitHub/WorldShiftBase/WorldShiftBase/Saved/Collections/' took 0.01s
[2016.04.11-11.19.26:125][  0]LogFileCache: Scanning file cache for directory 'I:/Win10Users/Kat/Documents/GitHub/WorldShiftBase/WorldShiftBase/Content/Developers/Kat/Collections/' took 0.01s
[2016.04.11-11.19.26:125][  0]LogFileCache: Scanning file cache for directory 'I:/Win10Users/Kat/Documents/GitHub/WorldShiftBase/WorldShiftBase/Content/Collections/' took 0.01s
[2016.04.11-11.19.26:125][  0]LogCollectionManager: Rebuilt the GUID cache for 0 collections in 0.000003 seconds
[2016.04.11-11.19.26:133][  0]LogContentBrowser: Native class hierarchy populated in 0.0083 seconds. Added 1979 classes and 343 folders.
[2016.04.11-11.19.26:138][  0]LogStats: UGameplayTagsManager::ConstructGameplayTagTree: Construct from data asset -  0.000 s
[2016.04.11-11.19.26:138][  0]LogStats: UGameplayTagsManager::ConstructGameplayTagTree: GameplayTagTreeChangedEvent.Broadcast -  0.000 s
[2016.04.11-11.19.26:138][  0]LogContentBrowser: Native class hierarchy updated for 'GameplayTags' in 0.0004 seconds. Added 12 classes and 0 folders.
[2016.04.11-11.19.26:143][  0]LogContentBrowser: Native class hierarchy updated for 'WidgetCarousel' in 0.0003 seconds. Added 0 classes and 0 folders.
[2016.04.11-11.19.26:152][  0]LogContentBrowser: Native class hierarchy updated for 'SuperSearch' in 0.0003 seconds. Added 1 classes and 2 folders.
[2016.04.11-11.19.26:196][  0]LogContentBrowser: Native class hierarchy updated for 'AddContentDialog' in 0.0004 seconds. Added 0 classes and 0 folders.
[2016.04.11-11.19.26:199][  0]LogContentBrowser: Native class hierarchy updated for 'SceneOutliner' in 0.0003 seconds. Added 1 classes and 2 folders.
[2016.04.11-11.19.26:259][  0]LogCrashTracker: Crashtracker disabled due to settings.
[2016.04.11-11.19.26:263][  0]LogUObjectGlobals:Warning: Failed to find object 'Class None.'
[2016.04.11-11.19.26:288][  0]LogContentBrowser: Native class hierarchy updated for 'HierarchicalLODOutliner' in 0.0004 seconds. Added 1 classes and 2 folders.
[2016.04.11-11.19.26:289][  0]LogLoad: Full Startup: 5.22 seconds (BP compile: 0.03 seconds)
[2016.04.11-11.19.26:289][  0]LogExternalProfiler: Found external profiler: VSPerf
[2016.04.11-11.19.26:289][  0]LogExternalProfiler: Using external profiler: VSPerf
[2016.04.11-11.19.26:298][  0]LogWindowsTextInputMethodSystem:Display: IME system now deactivated.
[2016.04.11-11.19.26:298][  0]LogOcInput: OculusInput pre-init called
[2016.04.11-11.19.26:337][  0]LogContentStreaming: Texture pool size now 1000 MB
[2016.04.11-11.19.26:490][  0]LogRenderer: Reallocating scene render targets to support 1208x532 (Frame:2).
[2016.04.11-11.19.26:577][  1]LogAssetRegistry: Asset discovery search completed in 1.9188 seconds
[2016.04.11-11.19.26:577][  1]LogCollectionManager: Rebuilt the object cache for 0 collections in 0.000001 seconds (found 0 objects)
[2016.04.11-11.19.26:577][  1]LogCollectionManager: Fixed up redirectors for 0 collections in 0.000020 seconds (updated 0 objects)
[2016.04.11-11.20.36:228][343]SourceControl: Info On branch master
[2016.04.11-11.20.36:228][343]SourceControl: Info Your branch is up-to-date with 'origin/master'.
[2016.04.11-11.20.36:228][343]SourceControl: Info Untracked files:
[2016.04.11-11.20.36:228][343]SourceControl: Info   (use "git add <file>..." to include in what will be committed)
[2016.04.11-11.20.36:228][343]SourceControl: Info 	WorldShiftBase/
[2016.04.11-11.20.36:228][343]SourceControl: Info nothing added to commit but untracked files present (use "git add" to track)
[2016.04.11-11.20.44:181][254]SourceControl:Error: Error fatal: Could not switch to '/Temp/': No such file or directory
[2016.04.11-11.20.48:439][259]SourceControl:Error: Error fatal: Could not switch to '/Temp/': No such file or directory
[2016.04.11-11.20.56:259][186]SourceControl:Error: Error fatal: Could not switch to '/Temp/': No such file or directory
[2016.04.11-11.21.10:411][186]LogSavePackage: Save=25.75ms
[2016.04.11-11.21.10:411][186]LogSavePackage: Moving '../../../../../../Win10Users/Kat/Documents/GitHub/WorldShiftBase/WorldShiftBase/Saved/MasterLevel90C5B62C404AA38D944870A6AE27FE9D.tmp' to '../../../../../../Win10Users/Kat/Documents/GitHub/WorldShiftBase/WorldShiftBase/Content/MasterLevel.umap'
[2016.04.11-11.21.10:412][186]LogSavePackage: Total save time: 26.71ms
[2016.04.11-11.21.10:412][186]LogSavePackage:Display: Finished SavePackage ../../../../../../Win10Users/Kat/Documents/GitHub/WorldShiftBase/WorldShiftBase/Content/MasterLevel.umap
[2016.04.11-11.21.10:542][186]LogFileHelpers: Saving map 'MasterLevel' took 0.504
[2016.04.11-11.21.10:645][196]SourceControl:Error: Error fatal: Could not switch to '/Temp/': No such file or directory
[2016.04.11-11.21.20:411][331]SourceControl: Info fatal: I:/Program Files (x86)/Epic Games/4.11/Engine/Content/ArtTools/RenderToTexture/Blueprints/PhysMesh.uasset: 'I:/Program Files (x86)/Epic Games/4.11/Engine/Content/ArtTools/RenderToTexture/Blueprints/PhysMesh.uasset' is outside repository
[2016.04.11-11.21.20:411][331]SourceControl: Info fatal: I:/Program Files (x86)/Epic Games/4.11/Engine/Content/ArtTools/RenderToTexture/Enums/EFloatTypes.uasset: 'I:/Program Files (x86)/Epic Games/4.11/Engine/Content/ArtTools/RenderToTexture/Enums/EFloatTypes.uasset' is outside repository
[2016.04.11-11.21.20:411][331]SourceControl: Info fatal: I:/Program Files (x86)/Epic Games/4.11/Engine/Content/ArtTools/RenderToTexture/Macros/RenderToTextureFunctionLibrary.uasset: 'I:/Program Files (x86)/Epic Games/4.11/Engine/Content/ArtTools/RenderToTexture/Macros/RenderToTextureFunctionLibrary.uasset' is outside repository
[2016.04.11-11.21.20:411][331]SourceControl: Info fatal: I:/Program Files (x86)/Epic Games/4.11/Engine/Content/ArtTools/RenderToTexture/MaterialFunctions/BoundingSphereBased_0-1_UVW.uasset: 'I:/Program Files (x86)/Epic Games/4.11/Engine/Content/ArtTools/RenderToTexture/MaterialFunctions/BoundingSphereBased_0-1_UVW.uasset' is outside repository
[2016.04.11-11.21.20:411][331]SourceControl: Info fatal: I:/Program Files (x86)/Epic Games/4.11/Engine/Content/ArtTools/RenderToTexture/Materials/MPC_R2T.uasset: 'I:/Program Files (x86)/Epic Games/4.11/Engine/Content/ArtTools/RenderToTexture/Materials/MPC_R2T.uasset' is outside repository
[2016.04.11-11.21.20:411][331]SourceControl: Info fatal: I:/Program Files (x86)/Epic Games/4.11/Engine/Content/ArtTools/RenderToTexture/Materials/Debug/M_2sidedLit.uasset: 'I:/Program Files (x86)/Epic Games/4.11/Engine/Content/ArtTools/RenderToTexture/Materials/Debug/M_2sidedLit.uasset' is outside repository
[2016.04.11-11.21.20:411][331]SourceControl: Info fatal: I:/Program Files (x86)/Epic Games/4.11/Engine/Content/ArtTools/RenderToTexture/Materials/Flipbooks/M_FlipBookCounter_01.uasset: 'I:/Program Files (x86)/Epic Games/4.11/Engine/Content/ArtTools/RenderToTexture/Materials/Flipbooks/M_FlipBookCounter_01.uasset' is outside repository
[2016.04.11-11.21.20:411][331]SourceControl: Info fatal: I:/Program Files (x86)/Epic Games/4.11/Engine/Content/ArtTools/RenderToTexture/Materials/Imposters/M_ImposterTest_01.uasset: 'I:/Program Files (x86)/Epic Games/4.11/Engine/Content/ArtTools/RenderToTexture/Materials/Imposters/M_ImposterTest_01.uasset' is outside repository
[2016.04.11-11.21.20:411][331]SourceControl: Info fatal: I:/Program Files (x86)/Epic Games/4.11/Engine/Content/ArtTools/RenderToTexture/Meshes/ShadowTestMesh.uasset: 'I:/Program Files (x86)/Epic Games/4.11/Engine/Content/ArtTools/RenderToTexture/Meshes/ShadowTestMesh.uasset' is outside repository
[2016.04.11-11.21.20:411][331]SourceControl: Info fatal: I:/Program Files (x86)/Epic Games/4.11/Engine/Content/ArtTools/RenderToTexture/Textures/127grey.uasset: 'I:/Program Files (x86)/Epic Games/4.11/Engine/Content/ArtTools/RenderToTexture/Textures/127grey.uasset' is outside repository
[2016.04.11-11.21.20:411][331]SourceControl: Info fatal: I:/Program Files (x86)/Epic Games/4.11/Engine/Content/ArtTools/RenderToTexture/Textures/FlipbookMotionVectors/Position1.uasset: 'I:/Program Files (x86)/Epic Games/4.11/Engine/Content/ArtTools/RenderToTexture/Textures/FlipbookMotionVectors/Position1.uasset' is outside repository
[2016.04.11-11.21.20:411][331]SourceControl: Info fatal: I:/Program Files (x86)/Epic Games/4.11/Engine/Content/BasicShapes/BasicShapeMaterial.uasset: 'I:/Program Files (x86)/Epic Games/4.11/Engine/Content/BasicShapes/BasicShapeMaterial.uasset' is outside repository
[2016.04.11-11.21.20:411][331]SourceControl: Info fatal: I:/Program Files (x86)/Epic Games/4.11/Engine/Content/BufferVisualization/AmbientOcclusion.uasset: 'I:/Program Files (x86)/Epic Games/4.11/Engine/Content/BufferVisualization/AmbientOcclusion.uasset' is outside repository
[2016.04.11-11.21.20:411][331]SourceControl: Info fatal: I:/Program Files (x86)/Epic Games/4.11/Engine/Content/Editor/Slate/Icons/AssetIcons/Cone_16x.uasset: 'I:/Program Files (x86)/Epic Games/4.11/Engine/Content/Editor/Slate/Icons/AssetIcons/Cone_16x.uasset' is outside repository
[2016.04.11-11.21.20:411][331]SourceControl: Info fatal: I:/Program Files (x86)/Epic Games/4.11/Engine/Content/EditorBlueprintResources/ActorMacros.uasset: 'I:/Program Files (x86)/Epic Games/4.11/Engine/Content/EditorBlueprintResources/ActorMacros.uasset' is outside repository
[2016.04.11-11.21.20:411][331]SourceControl: Info fatal: I:/Program Files (x86)/Epic Games/4.11/Engine/Content/EditorKismetResources/StandardMacros.uasset: 'I:/Program Files (x86)/Epic Games/4.11/Engine/Content/EditorKismetResources/StandardMacros.uasset' is outside repository
[2016.04.11-11.21.20:412][331]SourceControl: Info fatal: I:/Program Files (x86)/Epic Games/4.11/Engine/Content/EditorLandscapeResources/AlphaBrushMaterial.uasset: 'I:/Program Files (x86)/Epic Games/4.11/Engine/Content/EditorLandscapeResources/AlphaBrushMaterial.uasset' is outside repository
[2016.04.11-11.21.20:412][331]SourceControl: Info fatal: I:/Program Files (x86)/Epic Games/4.11/Engine/Content/EditorMaterials/Anchor.uasset: 'I:/Program Files (x86)/Epic Games/4.11/Engine/Content/EditorMaterials/Anchor.uasset' is outside repository
[2016.04.11-11.21.20:412][331]SourceControl: Info fatal: I:/Program Files (x86)/Epic Games/4.11/Engine/Content/EditorMaterials/TreeArrow_ExpandedRealtimePreview.uasset: 'I:/Program Files (x86)/Epic Games/4.11/Engine/Content/EditorMaterials/TreeArrow_ExpandedRealtimePreview.uasset' is outside repository
[2016.04.11-11.21.20:412][331]SourceControl: Info fatal: I:/Program Files (x86)/Epic Games/4.11/Engine/Content/EditorMaterials/Cascade/CASC_BackgroundCube_MAT.uasset: 'I:/Program Files (x86)/Epic Games/4.11/Engine/Content/EditorMaterials/Cascade/CASC_BackgroundCube_MAT.uasset' is outside repository
[2016.04.11-11.21.20:412][331]SourceControl: Info fatal: I:/Program Files (x86)/Epic Games/4.11/Engine/Content/EditorMaterials/Matinee/MAT_EnableTrack_Mat.uasset: 'I:/Program Files (x86)/Epic Games/4.11/Engine/Content/EditorMaterials/Matinee/MAT_EnableTrack_Mat.uasset' is outside repository
[2016.04.11-11.21.20:412][331]SourceControl: Info fatal: I:/Program Files (x86)/Epic Games/4.11/Engine/Content/EditorMaterials/MatineeGroups/MAT_ColorTrack.uasset: 'I:/Program Files (x86)/Epic Games/4.11/Engine/Content/EditorMaterials/MatineeGroups/MAT_ColorTrack.uasset' is outside repository
[2016.04.11-11.21.20:412][331]SourceControl: Info fatal: I:/Program Files (x86)/Epic Games/4.11/Engine/Content/EditorMaterials/ParticleSystems/PSysThumbnail_NoImage.uasset: 'I:/Program Files (x86)/Epic Games/4.11/Engine/Content/EditorMaterials/ParticleSystems/PSysThumbnail_NoImage.uasset' is outside repository
[2016.04.11-11.21.20:412][331]SourceControl: Info fatal: I:/Program Files (x86)/Epic Games/4.11/Engine/Content/EditorMaterials/Thumbnails/FloorPlaneMaterial.uasset: 'I:/Program Files (x86)/Epic Games/4.11/Engine/Content/EditorMaterials/Thumbnails/FloorPlaneMaterial.uasset' is outside repository
[2016.04.11-11.21.20:412][331]SourceControl: Info fatal: I:/Program Files (x86)/Epic Games/4.11/Engine/Content/EditorMaterials/Utilities/ImageReflectionPreview.uasset: 'I:/Program Files (x86)/Epic Games/4.11/Engine/Content/EditorMaterials/Utilities/ImageReflectionPreview.uasset' is outside repository
[2016.04.11-11.21.20:412][331]SourceControl: Info fatal: I:/Program Files (x86)/Epic Games/4.11/Engine/Content/EditorMeshes/AnimTreeEd_PreviewFloor.uasset: 'I:/Program Files (x86)/Epic Games/4.11/Engine/Content/EditorMeshes/AnimTreeEd_PreviewFloor.uasset' is outside repository
[2016.04.11-11.21.20:412][331]SourceControl: Info fatal: I:/Program Files (x86)/Epic Games/4.11/Engine/Content/EditorMeshes/Cascade/BackgroundCube.uasset: 'I:/Program Files (x86)/Epic Games/4.11/Engine/Content/EditorMeshes/Cascade/BackgroundCube.uasset' is outside repository
[2016.04.11-11.21.20:412][331]SourceControl: Info fatal: I:/Program Files (x86)/Epic Games/4.11/Engine/Content/EditorMeshes/ColorCalibrator/M_ChromeBall.uasset: 'I:/Program Files (x86)/Epic Games/4.11/Engine/Content/EditorMeshes/ColorCalibrator/M_ChromeBall.uasset' is outside repository
[2016.04.11-11.21.20:412][331]SourceControl: Info fatal: I:/Program Files (x86)/Epic Games/4.11/Engine/Content/EditorMeshes/SkeletalMesh/DefaultSkeletalMesh.uasset: 'I:/Program Files (x86)/Epic Games/4.11/Engine/Content/EditorMeshes/SkeletalMesh/DefaultSkeletalMesh.uasset' is outside repository
[2016.04.11-11.21.20:412][331]SourceControl: Info fatal: I:/Program Files (x86)/Epic Games/4.11/Engine/Content/EditorResources/Ai_Spawnpoint.uasset: 'I:/Program Files (x86)/Epic Games/4.11/Engine/Content/EditorResources/Ai_Spawnpoint.uasset' is outside repository
[2016.04.11-11.21.20:412][331]SourceControl: Info fatal: I:/Program Files (x86)/Epic Games/4.11/Engine/Content/EditorResources/S_Thruster.uasset: 'I:/Program Files (x86)/Epic Games/4.11/Engine/Content/EditorResources/S_Thruster.uasset' is outside repository
[2016.04.11-11.21.20:412][331]SourceControl: Info fatal: I:/Program Files (x86)/Epic Games/4.11/Engine/Content/EditorResources/AI/S_NavLink.uasset: 'I:/Program Files (x86)/Epic Games/4.11/Engine/Content/EditorResources/AI/S_NavLink.uasset' is outside repository
[2016.04.11-11.21.20:412][331]SourceControl: Info fatal: I:/Program Files (x86)/Epic Games/4.11/Engine/Content/EditorResources/AudioIcons/S_Ambient_Sound_Moveable.uasset: 'I:/Program Files (x86)/Epic Games/4.11/Engine/Content/EditorResources/AudioIcons/S_Ambient_Sound_Moveable.uasset' is outside repository
[2016.04.11-11.21.20:412][331]SourceControl: Info fatal: I:/Program Files (x86)/Epic Games/4.11/Engine/Content/EditorResources/Crowd/T_Crowd_Spline.uasset: 'I:/Program Files (x86)/Epic Games/4.11/Engine/Content/EditorResources/Crowd/T_Crowd_Spline.uasset' is outside repository
[2016.04.11-11.21.20:412][331]SourceControl: Info fatal: I:/Program Files (x86)/Epic Games/4.11/Engine/Content/EditorResources/LightIcons/Light_Point_Stationary_Statics.uasset: 'I:/Program Files (x86)/Epic Games/4.11/Engine/Content/EditorResources/LightIcons/Light_Point_Stationary_Statics.uasset' is outside repository
[2016.04.11-11.21.20:412][331]SourceControl: Info fatal: I:/Program Files (x86)/Epic Games/4.11/Engine/Content/EditorResources/Spline/T_Loft_Spline.uasset: 'I:/Program Files (x86)/Epic Games/4.11/Engine/Content/EditorResources/Spline/T_Loft_Spline.uasset' is outside repository
[2016.04.11-11.21.20:412][331]SourceControl: Info fatal: I:/Program Files (x86)/Epic Games/4.11/Engine/Content/EditorShapes/Materials/MI_ShapeInstance.uasset: 'I:/Program Files (x86)/Epic Games/4.11/Engine/Content/EditorShapes/Materials/MI_ShapeInstance.uasset' is outside repository
[2016.04.11-11.21.20:412][331]SourceControl: Info fatal: I:/Program Files (x86)/Epic Games/4.11/Engine/Content/EditorShapes/Textures/T_ShapeDiffuse.uasset: 'I:/Program Files (x86)/Epic Games/4.11/Engine/Content/EditorShapes/Textures/T_ShapeDiffuse.uasset' is outside repository
[2016.04.11-11.21.20:412][331]SourceControl: Info fatal: I:/Program Files (x86)/Epic Games/4.11/Engine/Content/EditorShellMaterials/MI_BaseFlat.uasset: 'I:/Program Files (x86)/Epic Games/4.11/Engine/Content/EditorShellMaterials/MI_BaseFlat.uasset' is outside repository
[2016.04.11-11.21.20:412][331]SourceControl: Info fatal: I:/Program Files (x86)/Epic Games/4.11/Engine/Content/EditorShellMaterials/ManualUVs/MI_BaseGrid_MUV.uasset: 'I:/Program Files (x86)/Epic Games/4.11/Engine/Content/EditorShellMaterials/ManualUVs/MI_BaseGrid_MUV.uasset' is outside repository
[2016.04.11-11.21.20:412][331]SourceControl: Info fatal: I:/Program Files (x86)/Epic Games/4.11/Engine/Content/EditorShellMaterials/SketchUp/MI_BaseGrid_WUV_SketchUp.uasset: 'I:/Program Files (x86)/Epic Games/4.11/Engine/Content/EditorShellMaterials/SketchUp/MI_BaseGrid_WUV_SketchUp.uasset' is outside repository
[2016.04.11-11.21.20:412][331]SourceControl: Info fatal: I:/Program Files (x86)/Epic Games/4.11/Engine/Content/EditorShellMaterials/WorldUVs/MI_BaseGrid_WUV.uasset: 'I:/Program Files (x86)/Epic Games/4.11/Engine/Content/EditorShellMaterials/WorldUVs/MI_BaseGrid_WUV.uasset' is outside repository
[2016.04.11-11.21.20:412][331]SourceControl: Info fatal: I:/Program Files (x86)/Epic Games/4.11/Engine/Content/EditorSounds/GamePreview/EjectFromPlayer.uasset: 'I:/Program Files (x86)/Epic Games/4.11/Engine/Content/EditorSounds/GamePreview/EjectFromPlayer.uasset' is outside repository
[2016.04.11-11.21.20:412][331]SourceControl: Info fatal: I:/Program Files (x86)/Epic Games/4.11/Engine/Content/EditorSounds/Notifications/CompileFailed.uasset: 'I:/Program Files (x86)/Epic Games/4.11/Engine/Content/EditorSounds/Notifications/CompileFailed.uasset' is outside repository
[2016.04.11-11.21.20:412][331]SourceControl: Info fatal: I:/Program Files (x86)/Epic Games/4.11/Engine/Content/EngineDamageTypes/DmgTypeBP_Environmental.uasset: 'I:/Program Files (x86)/Epic Games/4.11/Engine/Content/EngineDamageTypes/DmgTypeBP_Environmental.uasset' is outside repository
[2016.04.11-11.21.20:412][331]SourceControl: Info fatal: I:/Program Files (x86)/Epic Games/4.11/Engine/Content/EngineDebugMaterials/BlackUnlitMaterial.uasset: 'I:/Program Files (x86)/Epic Games/4.11/Engine/Content/EngineDebugMaterials/BlackUnlitMaterial.uasset' is outside repository
[2016.04.11-11.21.20:412][331]SourceControl: Info fatal: I:/Program Files (x86)/Epic Games/4.11/Engine/Content/EngineDebugMaterials/LightingModels/M_TextureDefinedSpecularReflecti.uasset: 'I:/Program Files (x86)/Epic Games/4.11/Engine/Content/EngineDebugMaterials/LightingModels/M_TextureDefinedSpecularReflecti.uasset' is outside repository
[2016.04.11-11.21.20:412][331]SourceControl: Info fatal: I:/Program Files (x86)/Epic Games/4.11/Engine/Content/EngineFonts/Roboto.uasset: 'I:/Program Files (x86)/Epic Games/4.11/Engine/Content/EngineFonts/Roboto.uasset' is outside repository
[2016.04.11-11.21.20:412][331]SourceControl: Info fatal: I:/Program Files (x86)/Epic Games/4.11/Engine/Content/EngineLightProfiles/180Degree_IES.uasset: 'I:/Program Files (x86)/Epic Games/4.11/Engine/Content/EngineLightProfiles/180Degree_IES.uasset' is outside repository
[2016.04.11-11.21.20:412][331]SourceControl: Info fatal: I:/Program Files (x86)/Epic Games/4.11/Engine/Content/EngineMaterials/AntiAliasedTextMaterialTranslucent.uasset: 'I:/Program Files (x86)/Epic Games/4.11/Engine/Content/EngineMaterials/AntiAliasedTextMaterialTranslucent.uasset' is outside repository
[2016.04.11-11.21.20:412][331]SourceControl: Info fatal: I:/Program Files (x86)/Epic Games/4.11/Engine/Content/EngineMaterials/RandomMirrorDisc.uasset: 'I:/Program Files (x86)/Epic Games/4.11/Engine/Content/EngineMaterials/RandomMirrorDisc.uasset' is outside repository
[2016.04.11-11.21.20:412][331]SourceControl: Info fatal: I:/Program Files (x86)/Epic Games/4.11/Engine/Content/EngineMeshes/BackgroundCube.uasset: 'I:/Program Files (x86)/Epic Games/4.11/Engine/Content/EngineMeshes/BackgroundCube.uasset' is outside repository
[2016.04.11-11.21.20:412][331]SourceControl: Info fatal: I:/Program Files (x86)/Epic Games/4.11/Engine/Content/EngineProduction/ReferenceNormalMap.uasset: 'I:/Program Files (x86)/Epic Games/4.11/Engine/Content/EngineProduction/ReferenceNormalMap.uasset' is outside repository
[2016.04.11-11.21.20:412][331]SourceControl: Info fatal: I:/Program Files (x86)/Epic Games/4.11/Engine/Content/EngineResources/AICON-Green.uasset: 'I:/Program Files (x86)/Epic Games/4.11/Engine/Content/EngineResources/AICON-Green.uasset' is outside repository
[2016.04.11-11.21.20:412][331]SourceControl: Info fatal: I:/Program Files (x86)/Epic Games/4.11/Engine/Content/EngineResources/Cursors/Arrow.uasset: 'I:/Program Files (x86)/Epic Games/4.11/Engine/Content/EngineResources/Cursors/Arrow.uasset' is outside repository
[2016.04.11-11.21.20:412][331]SourceControl: Info fatal: I:/Program Files (x86)/Epic Games/4.11/Engine/Content/EngineSky/BP_Sky_Shere.uasset: 'I:/Program Files (x86)/Epic Games/4.11/Engine/Content/EngineSky/BP_Sky_Shere.uasset' is outside repository
[2016.04.11-11.21.20:412][331]SourceControl: Info fatal: I:/Program Files (x86)/Epic Games/4.11/Engine/Content/EngineSounds/Duck_Normal_Attack_MixMod.uasset: 'I:/Program Files (x86)/Epic Games/4.11/Engine/Content/EngineSounds/Duck_Normal_Attack_MixMod.uasset' is outside repository
[2016.04.11-11.21.20:412][331]SourceControl: Info fatal: I:/Program Files (x86)/Epic Games/4.11/Engine/Content/EngineSounds/ReverbSettings/Alley.uasset: 'I:/Program Files (x86)/Epic Games/4.11/Engine/Content/EngineSounds/ReverbSettings/Alley.uasset' is outside repository
[2016.04.11-11.21.20:412][331]SourceControl: Info fatal: I:/Program Files (x86)/Epic Games/4.11/Engine/Content/EngineTireTypes/DefaultTireType.uasset: 'I:/Program Files (x86)/Epic Games/4.11/Engine/Content/EngineTireTypes/DefaultTireType.uasset' is outside repository
[2016.04.11-11.21.20:412][331]SourceControl: Info fatal: I:/Program Files (x86)/Epic Games/4.11/Engine/Content/EngineVolumetrics/FalloffSphere/Materials/M_EV_FalloffSphere_Master_01.uasset: 'I:/Program Files (x86)/Epic Games/4.11/Engine/Content/EngineVolumetrics/FalloffSphere/Materials/M_EV_FalloffSphere_Master_01.uasset' is outside repository
[2016.04.11-11.21.20:412][331]SourceControl: Info fatal: I:/Program Files (x86)/Epic Games/4.11/Engine/Content/EngineVolumetrics/FalloffSphere/Mesh/S_EV_FalloffSphere_Mesh_01.uasset: 'I:/Program Files (x86)/Epic Games/4.11/Engine/Content/EngineVolumetrics/FalloffSphere/Mesh/S_EV_FalloffSphere_Mesh_01.uasset' is outside repository
[2016.04.11-11.21.20:412][331]SourceControl: Info fatal: I:/Program Files (x86)/Epic Games/4.11/Engine/Content/EngineVolumetrics/FogEnvironment/Materials/M_EV_FogEnvironment_Master_01.uasset: 'I:/Program Files (x86)/Epic Games/4.11/Engine/Content/EngineVolumetrics/FogEnvironment/Materials/M_EV_FogEnvironment_Master_01.uasset' is outside repository
[2016.04.11-11.21.20:412][331]SourceControl: Info fatal: I:/Program Files (x86)/Epic Games/4.11/Engine/Content/EngineVolumetrics/FogEnvironment/Mesh/S_EV_FogEnvironment_01_Mesh.uasset: 'I:/Program Files (x86)/Epic Games/4.11/Engine/Content/EngineVolumetrics/FogEnvironment/Mesh/S_EV_FogEnvironment_01_Mesh.uasset' is outside repository
[2016.04.11-11.21.20:412][331]SourceControl: Info fatal: I:/Program Files (x86)/Epic Games/4.11/Engine/Content/EngineVolumetrics/Fogsheet/T_EV_Fogsheet_FlareColors_01.uasset: 'I:/Program Files (x86)/Epic Games/4.11/Engine/Content/EngineVolumetrics/Fogsheet/T_EV_Fogsheet_FlareColors_01.uasset' is outside repository
[2016.04.11-11.21.20:412][331]SourceControl: Info fatal: I:/Program Files (x86)/Epic Games/4.11/Engine/Content/EngineVolumetrics/Fogsheet/Materials/M_EV_FogSheet_1sided_Master_01.uasset: 'I:/Program Files (x86)/Epic Games/4.11/Engine/Content/EngineVolumetrics/Fogsheet/Materials/M_EV_FogSheet_1sided_Master_01.uasset' is outside repository
[2016.04.11-11.21.20:412][331]SourceControl: Info fatal: I:/Program Files (x86)/Epic Games/4.11/Engine/Content/EngineVolumetrics/Fogsheet/Mesh/MI_Fogsheet_HideClose.uasset: 'I:/Program Files (x86)/Epic Games/4.11/Engine/Content/EngineVolumetrics/Fogsheet/Mesh/MI_Fogsheet_HideClose.uasset' is outside repository
[2016.04.11-11.21.20:412][331]SourceControl: Info fatal: I:/Program Files (x86)/Epic Games/4.11/Engine/Content/EngineVolumetrics/LightBeam/Materials/M_EV_Lightbeam_Master_01.uasset: 'I:/Program Files (x86)/Epic Games/4.11/Engine/Content/EngineVolumetrics/LightBeam/Materials/M_EV_Lightbeam_Master_01.uasset' is outside repository
[2016.04.11-11.21.20:412][331]SourceControl: Info fatal: I:/Program Files (x86)/Epic Games/4.11/Engine/Content/EngineVolumetrics/LightBeam/Mesh/S_EV_SimpleLightBeam_01.uasset: 'I:/Program Files (x86)/Epic Games/4.11/Engine/Content/EngineVolumetrics/LightBeam/Mesh/S_EV_SimpleLightBeam_01.uasset' is outside repository
[2016.04.11-11.21.20:412][331]SourceControl: Info fatal: I:/Program Files (x86)/Epic Games/4.11/Engine/Content/Engine_MI_Shaders/MI_Shader_BaseTileEx.uasset: 'I:/Program Files (x86)/Epic Games/4.11/Engine/Content/Engine_MI_Shaders/MI_Shader_BaseTileEx.uasset' is outside repository
[2016.04.11-11.21.20:412][331]SourceControl: Info fatal: I:/Program Files (x86)/Epic Games/4.11/Engine/Content/Engine_MI_Shaders/Instances/M_ES_Phong_Opaque_INST_01.uasset: 'I:/Program Files (x86)/Epic Games/4.11/Engine/Content/Engine_MI_Shaders/Instances/M_ES_Phong_Opaque_INST_01.uasset' is outside repository
[2016.04.11-11.21.20:412][331]SourceControl: Info fatal: I:/Program Files (x86)/Epic Games/4.11/Engine/Content/Engine_MI_Shaders/Textures/Bokeh.uasset: 'I:/Program Files (x86)/Epic Games/4.11/Engine/Content/Engine_MI_Shaders/Textures/Bokeh.uasset' is outside repository
[2016.04.11-11.21.20:412][331]SourceControl: Info fatal: I:/Program Files (x86)/Epic Games/4.11/Engine/Content/FunctionalTesting/Blueprints/AITesting_MoveGoal.uasset: 'I:/Program Files (x86)/Epic Games/4.11/Engine/Content/FunctionalTesting/Blueprints/AITesting_MoveGoal.uasset' is outside repository
[2016.04.11-11.21.20:413][331]SourceControl: Info fatal: I:/Program Files (x86)/Epic Games/4.11/Engine/Content/Functions/DistanceFields/Combiners/DistanceField_Intersection.uasset: 'I:/Program Files (x86)/Epic Games/4.11/Engine/Content/Functions/DistanceFields/Combiners/DistanceField_Intersection.uasset' is outside repository
[2016.04.11-11.21.20:413][331]SourceControl: Info fatal: I:/Program Files (x86)/Epic Games/4.11/Engine/Content/Functions/DistanceFields/Shapes/DistanceField_Capsule.uasset: 'I:/Program Files (x86)/Epic Games/4.11/Engine/Content/Functions/DistanceFields/Shapes/DistanceField_Capsule.uasset' is outside repository
[2016.04.11-11.21.20:413][331]SourceControl: Info fatal: I:/Program Files (x86)/Epic Games/4.11/Engine/Content/Functions/Engine_MaterialFunctions01/AlphaBlend/World_Aligned_Blend.uasset: 'I:/Program Files (x86)/Epic Games/4.11/Engine/Content/Functions/Engine_MaterialFunctions01/AlphaBlend/World_Aligned_Blend.uasset' is outside repository
[2016.04.11-11.21.20:413][331]SourceControl: Info fatal: I:/Program Files (x86)/Epic Games/4.11/Engine/Content/Functions/Engine_MaterialFunctions01/Coordinates/DrawLine-2D.uasset: 'I:/Program Files (x86)/Epic Games/4.11/Engine/Content/Functions/Engine_MaterialFunctions01/Coordinates/DrawLine-2D.uasset' is outside repository
[2016.04.11-11.21.20:413][331]SourceControl: Info fatal: I:/Program Files (x86)/Epic Games/4.11/Engine/Content/Functions/Engine_MaterialFunctions01/Debug/DebugBinaryValues-Float.uasset: 'I:/Program Files (x86)/Epic Games/4.11/Engine/Content/Functions/Engine_MaterialFunctions01/Debug/DebugBinaryValues-Float.uasset' is outside repository
[2016.04.11-11.21.20:413][331]SourceControl: Info fatal: I:/Program Files (x86)/Epic Games/4.11/Engine/Content/Functions/Engine_MaterialFunctions01/Density/ExponentialDensity.uasset: 'I:/Program Files (x86)/Epic Games/4.11/Engine/Content/Functions/Engine_MaterialFunctions01/Density/ExponentialDensity.uasset' is outside repository
[2016.04.11-11.21.20:413][331]SourceControl: Info fatal: I:/Program Files (x86)/Epic Games/4.11/Engine/Content/Functions/Engine_MaterialFunctions01/Gradient/BellCurve.uasset: 'I:/Program Files (x86)/Epic Games/4.11/Engine/Content/Functions/Engine_MaterialFunctions01/Gradient/BellCurve.uasset' is outside repository
[2016.04.11-11.21.20:413][331]SourceControl: Info fatal: I:/Program Files (x86)/Epic Games/4.11/Engine/Content/Functions/Engine_MaterialFunctions01/ImageAdjustment/3ColorBlend.uasset: 'I:/Program Files (x86)/Epic Games/4.11/Engine/Content/Functions/Engine_MaterialFunctions01/ImageAdjustment/3ColorBlend.uasset' is outside repository
[2016.04.11-11.21.20:413][331]SourceControl: Info fatal: I:/Program Files (x86)/Epic Games/4.11/Engine/Content/Functions/Engine_MaterialFunctions01/Lighting/PixelDepthOffset_Foliage.uasset: 'I:/Program Files (x86)/Epic Games/4.11/Engine/Content/Functions/Engine_MaterialFunctions01/Lighting/PixelDepthOffset_Foliage.uasset' is outside repository
[2016.04.11-11.21.20:413][331]SourceControl: Info fatal: I:/Program Files (x86)/Epic Games/4.11/Engine/Content/Functions/Engine_MaterialFunctions01/Opacity/AlphaOffset.uasset: 'I:/Program Files (x86)/Epic Games/4.11/Engine/Content/Functions/Engine_MaterialFunctions01/Opacity/AlphaOffset.uasset' is outside repository
[2016.04.11-11.21.20:413][331]SourceControl: Info fatal: I:/Program Files (x86)/Epic Games/4.11/Engine/Content/Functions/Engine_MaterialFunctions01/Reflections/ReflectionVectorSoft.uasset: 'I:/Program Files (x86)/Epic Games/4.11/Engine/Content/Functions/Engine_MaterialFunctions01/Reflections/ReflectionVectorSoft.uasset' is outside repository
[2016.04.11-11.21.20:413][331]SourceControl: Info fatal: I:/Program Files (x86)/Epic Games/4.11/Engine/Content/Functions/Engine_MaterialFunctions01/Shading/CalcLightsourceAngle.uasset: 'I:/Program Files (x86)/Epic Games/4.11/Engine/Content/Functions/Engine_MaterialFunctions01/Shading/CalcLightsourceAngle.uasset' is outside repository
[2016.04.11-11.21.20:413][331]SourceControl: Info fatal: I:/Program Files (x86)/Epic Games/4.11/Engine/Content/Functions/Engine_MaterialFunctions01/SpeedTree/SpeedTreeColorVariation.uasset: 'I:/Program Files (x86)/Epic Games/4.11/Engine/Content/Functions/Engine_MaterialFunctions01/SpeedTree/SpeedTreeColorVariation.uasset' is outside repository
[2016.04.11-11.21.20:413][331]SourceControl: Info fatal: I:/Program Files (x86)/Epic Games/4.11/Engine/Content/Functions/Engine_MaterialFunctions01/Texturing/BakedDisplacement.uasset: 'I:/Program Files (x86)/Epic Games/4.11/Engine/Content/Functions/Engine_MaterialFunctions01/Texturing/BakedDisplacement.uasset' is outside repository
[2016.04.11-11.21.20:413][331]SourceControl: Info fatal: I:/Program Files (x86)/Epic Games/4.11/Engine/Content/Functions/Engine_MaterialFunctions01/Vectors/MF_RotateVector_90.uasset: 'I:/Program Files (x86)/Epic Games/4.11/Engine/Content/Functions/Engine_MaterialFunctions01/Vectors/MF_RotateVector_90.uasset' is outside repository
[2016.04.11-11.21.20:413][331]SourceControl: Info fatal: I:/Program Files (x86)/Epic Games/4.11/Engine/Content/Functions/Engine_MaterialFunctions01/Volumetrics/BeersLaw.uasset: 'I:/Program Files (x86)/Epic Games/4.11/Engine/Content/Functions/Engine_MaterialFunctions01/Volumetrics/BeersLaw.uasset' is outside repository
[2016.04.11-11.21.20:413][331]SourceControl: Info fatal: I:/Program Files (x86)/Epic Games/4.11/Engine/Content/Functions/Engine_MaterialFunctions01/WorldPositionOffset/ConstantScalebyDistance.uasset: 'I:/Program Files (x86)/Epic Games/4.11/Engine/Content/Functions/Engine_MaterialFunctions01/WorldPositionOffset/ConstantScalebyDistance.uasset' is outside repository
[2016.04.11-11.21.20:413][331]SourceControl: Info fatal: I:/Program Files (x86)/Epic Games/4.11/Engine/Content/Functions/Engine_MaterialFunctions02/3PointLevels.uasset: 'I:/Program Files (x86)/Epic Games/4.11/Engine/Content/Functions/Engine_MaterialFunctions02/3PointLevels.uasset' is outside repository
[2016.04.11-11.21.20:413][331]SourceControl: Info fatal: I:/Program Files (x86)/Epic Games/4.11/Engine/Content/Functions/Engine_MaterialFunctions02/ExampleContent/3dParticleOpacityInstance.uasset: 'I:/Program Files (x86)/Epic Games/4.11/Engine/Content/Functions/Engine_MaterialFunctions02/ExampleContent/3dParticleOpacityInstance.uasset' is outside repository
[2016.04.11-11.21.20:413][331]SourceControl: Info fatal: I:/Program Files (x86)/Epic Games/4.11/Engine/Content/Functions/Engine_MaterialFunctions02/ExampleContent/MacroUVs/MacroUVs.uasset: 'I:/Program Files (x86)/Epic Games/4.11/Engine/Content/Functions/Engine_MaterialFunctions02/ExampleContent/MacroUVs/MacroUVs.uasset' is outside repository
[2016.04.11-11.21.20:413][331]SourceControl: Info fatal: I:/Program Files (x86)/Epic Games/4.11/Engine/Content/Functions/Engine_MaterialFunctions02/ExampleContent/TextureBasedWPO/DemoBox.uasset: 'I:/Program Files (x86)/Epic Games/4.11/Engine/Content/Functions/Engine_MaterialFunctions02/ExampleContent/TextureBasedWPO/DemoBox.uasset' is outside repository
[2016.04.11-11.21.20:413][331]SourceControl: Info fatal: I:/Program Files (x86)/Epic Games/4.11/Engine/Content/Functions/Engine_MaterialFunctions02/ExampleContent/Textures/DebugNumberPeriod.uasset: 'I:/Program Files (x86)/Epic Games/4.11/Engine/Content/Functions/Engine_MaterialFunctions02/ExampleContent/Textures/DebugNumberPeriod.uasset' is outside repository
[2016.04.11-11.21.20:413][331]SourceControl: Info fatal: I:/Program Files (x86)/Epic Games/4.11/Engine/Content/Functions/Engine_MaterialFunctions02/Gradients/GradientMap_Multi.uasset: 'I:/Program Files (x86)/Epic Games/4.11/Engine/Content/Functions/Engine_MaterialFunctions02/Gradients/GradientMap_Multi.uasset' is outside repository
[2016.04.11-11.21.20:413][331]SourceControl: Info fatal: I:/Program Files (x86)/Epic Games/4.11/Engine/Content/Functions/Engine_MaterialFunctions02/Math/AddComponents.uasset: 'I:/Program Files (x86)/Epic Games/4.11/Engine/Content/Functions/Engine_MaterialFunctions02/Math/AddComponents.uasset' is outside repository
[2016.04.11-11.21.20:413][331]SourceControl: Info fatal: I:/Program Files (x86)/Epic Games/4.11/Engine/Content/Functions/Engine_MaterialFunctions02/MAXScripts/MeshSequenceFlipbook_Script.uasset: 'I:/Program Files (x86)/Epic Games/4.11/Engine/Content/Functions/Engine_MaterialFunctions02/MAXScripts/MeshSequenceFlipbook_Script.uasset' is outside repository
[2016.04.11-11.21.20:413][331]SourceControl: Info fatal: I:/Program Files (x86)/Epic Games/4.11/Engine/Content/Functions/Engine_MaterialFunctions02/Normals/RotateNormalWhileMasking.uasset: 'I:/Program Files (x86)/Epic Games/4.11/Engine/Content/Functions/Engine_MaterialFunctions02/Normals/RotateNormalWhileMasking.uasset' is outside repository
[2016.04.11-11.21.20:413][331]SourceControl: Info fatal: I:/Program Files (x86)/Epic Games/4.11/Engine/Content/Functions/Engine_MaterialFunctions02/NotInUse/WorldAlignedNormals_HighQuality_optimizationAttempt.uasset: 'I:/Program Files (x86)/Epic Games/4.11/Engine/Content/Functions/Engine_MaterialFunctions02/NotInUse/WorldAlignedNormals_HighQuality_optimizationAttempt.uasset' is outside repository
[2016.04.11-11.21.20:413][331]SourceControl: Info fatal: I:/Program Files (x86)/Epic Games/4.11/Engine/Content/Functions/Engine_MaterialFunctions02/PivotPainter/PivotPainter_HierarchyData.uasset: 'I:/Program Files (x86)/Epic Games/4.11/Engine/Content/Functions/Engine_MaterialFunctions02/PivotPainter/PivotPainter_HierarchyData.uasset' is outside repository
[2016.04.11-11.21.20:413][331]SourceControl: Info fatal: I:/Program Files (x86)/Epic Games/4.11/Engine/Content/Functions/Engine_MaterialFunctions02/Texturing/3dParticleOpacity.uasset: 'I:/Program Files (x86)/Epic Games/4.11/Engine/Content/Functions/Engine_MaterialFunctions02/Texturing/3dParticleOpacity.uasset' is outside repository
[2016.04.11-11.21.20:413][331]SourceControl: Info fatal: I:/Program Files (x86)/Epic Games/4.11/Engine/Content/Functions/Engine_MaterialFunctions02/Utility/Append4.uasset: 'I:/Program Files (x86)/Epic Games/4.11/Engine/Content/Functions/Engine_MaterialFunctions02/Utility/Append4.uasset' is outside repository
[2016.04.11-11.21.20:413][331]SourceControl: Info fatal: I:/Program Files (x86)/Epic Games/4.11/Engine/Content/Functions/Engine_MaterialFunctions02/UVs/BoundingBoxBased_0-1_UVW.uasset: 'I:/Program Files (x86)/Epic Games/4.11/Engine/Content/Functions/Engine_MaterialFunctions02/UVs/BoundingBoxBased_0-1_UVW.uasset' is outside repository
[2016.04.11-11.21.20:413][331]SourceControl: Info fatal: I:/Program Files (x86)/Epic Games/4.11/Engine/Content/Functions/Engine_MaterialFunctions02/WorldPositionOffset/AdjustNormalsToCompensateForRotateAboutAxisOffset.uasset: 'I:/Program Files (x86)/Epic Games/4.11/Engine/Content/Functions/Engine_MaterialFunctions02/WorldPositionOffset/AdjustNormalsToCompensateForRotateAboutAxisOffset.uasset' is outside repository
[2016.04.11-11.21.20:413][331]SourceControl: Info fatal: I:/Program Files (x86)/Epic Games/4.11/Engine/Content/Functions/Engine_MaterialFunctions03/Blends/Blend_ColorBurn.uasset: 'I:/Program Files (x86)/Epic Games/4.11/Engine/Content/Functions/Engine_MaterialFunctions03/Blends/Blend_ColorBurn.uasset' is outside repository
[2016.04.11-11.21.20:413][331]SourceControl: Info fatal: I:/Program Files (x86)/Epic Games/4.11/Engine/Content/Functions/Engine_MaterialFunctions03/ComplexMotion/Motion_4WayChaos.uasset: 'I:/Program Files (x86)/Epic Games/4.11/Engine/Content/Functions/Engine_MaterialFunctions03/ComplexMotion/Motion_4WayChaos.uasset' is outside repository
[2016.04.11-11.21.20:413][331]SourceControl: Info fatal: I:/Program Files (x86)/Epic Games/4.11/Engine/Content/Functions/Engine_MaterialFunctions03/Particles/Distance_Blend.uasset: 'I:/Program Files (x86)/Epic Games/4.11/Engine/Content/Functions/Engine_MaterialFunctions03/Particles/Distance_Blend.uasset' is outside repository
[2016.04.11-11.21.20:413][331]SourceControl: Info fatal: I:/Program Files (x86)/Epic Games/4.11/Engine/Content/Functions/Engine_MaterialFunctions03/Procedurals/ComputeFilterWidth.uasset: 'I:/Program Files (x86)/Epic Games/4.11/Engine/Content/Functions/Engine_MaterialFunctions03/Procedurals/ComputeFilterWidth.uasset' is outside repository
[2016.04.11-11.21.20:413][331]SourceControl: Info fatal: I:/Program Files (x86)/Epic Games/4.11/Engine/Content/Functions/Engine_MaterialFunctions03/Texturing/CameraWorldBlend.uasset: 'I:/Program Files (x86)/Epic Games/4.11/Engine/Content/Functions/Engine_MaterialFunctions03/Texturing/CameraWorldBlend.uasset' is outside repository
[2016.04.11-11.21.20:413][331]SourceControl: Info fatal: I:/Program Files (x86)/Epic Games/4.11/Engine/Content/Functions/GetPostProcessFunctions/GetAmbientCubemapIntensity.uasset: 'I:/Program Files (x86)/Epic Games/4.11/Engine/Content/Functions/GetPostProcessFunctions/GetAmbientCubemapIntensity.uasset' is outside repository
[2016.04.11-11.21.20:413][331]SourceControl: Info fatal: I:/Program Files (x86)/Epic Games/4.11/Engine/Content/Functions/MaterialLayerFunctions/MatLayerBlend_AddWorldPositionOffset.uasset: 'I:/Program Files (x86)/Epic Games/4.11/Engine/Content/Functions/MaterialLayerFunctions/MatLayerBlend_AddWorldPositionOffset.uasset' is outside repository
[2016.04.11-11.21.20:413][331]SourceControl: Info fatal: I:/Program Files (x86)/Epic Games/4.11/Engine/Content/Maps/Entry.umap: 'I:/Program Files (x86)/Epic Games/4.11/Engine/Content/Maps/Entry.umap' is outside repository
[2016.04.11-11.21.20:413][331]SourceControl: Info fatal: I:/Program Files (x86)/Epic Games/4.11/Engine/Content/Maps/Templates/Template_Default.umap: 'I:/Program Files (x86)/Epic Games/4.11/Engine/Content/Maps/Templates/Template_Default.umap' is outside repository
[2016.04.11-11.21.20:413][331]SourceControl: Info fatal: I:/Program Files (x86)/Epic Games/4.11/Engine/Content/Maps/Templates/Thumbnails/Default.uasset: 'I:/Program Files (x86)/Epic Games/4.11/Engine/Content/Maps/Templates/Thumbnails/Default.uasset' is outside repository
[2016.04.11-11.21.20:413][331]SourceControl: Info fatal: I:/Program Files (x86)/Epic Games/4.11/Engine/Content/MapTemplates/Bokeh_5Sides.uasset: 'I:/Program Files (x86)/Epic Games/4.11/Engine/Content/MapTemplates/Bokeh_5Sides.uasset' is outside repository
[2016.04.11-11.21.20:413][331]SourceControl: Info fatal: I:/Program Files (x86)/Epic Games/4.11/Engine/Content/MapTemplates/lut/LUT_Afternoon.uasset: 'I:/Program Files (x86)/Epic Games/4.11/Engine/Content/MapTemplates/lut/LUT_Afternoon.uasset' is outside repository
[2016.04.11-11.21.20:413][331]SourceControl: Info fatal: I:/Program Files (x86)/Epic Games/4.11/Engine/Content/MapTemplates/Materials/BasicAsset01.uasset: 'I:/Program Files (x86)/Epic Games/4.11/Engine/Content/MapTemplates/Materials/BasicAsset01.uasset' is outside repository
[2016.04.11-11.21.20:413][331]SourceControl: Info fatal: I:/Program Files (x86)/Epic Games/4.11/Engine/Content/MapTemplates/Sky/DaylightAmbientCubemap.uasset: 'I:/Program Files (x86)/Epic Games/4.11/Engine/Content/MapTemplates/Sky/DaylightAmbientCubemap.uasset' is outside repository
[2016.04.11-11.21.20:413][331]SourceControl: Info fatal: I:/Program Files (x86)/Epic Games/4.11/Engine/Content/MaterialTemplates/Gradients/Gradient_Linear.uasset: 'I:/Program Files (x86)/Epic Games/4.11/Engine/Content/MaterialTemplates/Gradients/Gradient_Linear.uasset' is outside repository
[2016.04.11-11.21.20:413][331]SourceControl: Info fatal: I:/Program Files (x86)/Epic Games/4.11/Engine/Content/MaterialTemplates/PerfTricks/MultiChannelMask.uasset: 'I:/Program Files (x86)/Epic Games/4.11/Engine/Content/MaterialTemplates/PerfTricks/MultiChannelMask.uasset' is outside repository
[2016.04.11-11.21.20:413][331]SourceControl: Info fatal: I:/Program Files (x86)/Epic Games/4.11/Engine/Content/MaterialTemplates/Textures/T_multiMask.uasset: 'I:/Program Files (x86)/Epic Games/4.11/Engine/Content/MaterialTemplates/Textures/T_multiMask.uasset' is outside repository
[2016.04.11-11.21.20:413][331]SourceControl: Info fatal: I:/Program Files (x86)/Epic Games/4.11/Engine/Content/MaterialTemplates/VertexAnimation/AdvancedFlag.uasset: 'I:/Program Files (x86)/Epic Games/4.11/Engine/Content/MaterialTemplates/VertexAnimation/AdvancedFlag.uasset' is outside repository
[2016.04.11-11.21.20:413][331]SourceControl: Info fatal: I:/Program Files (x86)/Epic Games/4.11/Engine/Content/MobileResources/T_MobileControls_texture.uasset: 'I:/Program Files (x86)/Epic Games/4.11/Engine/Content/MobileResources/T_MobileControls_texture.uasset' is outside repository
[2016.04.11-11.21.20:413][331]SourceControl: Info fatal: I:/Program Files (x86)/Epic Games/4.11/Engine/Content/MobileResources/HUD/AnalogHat.uasset: 'I:/Program Files (x86)/Epic Games/4.11/Engine/Content/MobileResources/HUD/AnalogHat.uasset' is outside repository
[2016.04.11-11.21.20:413][331]SourceControl: Info fatal: I:/Program Files (x86)/Epic Games/4.11/Engine/Content/StarterContent/Textures/T_ground_Moss_D.uasset: 'I:/Program Files (x86)/Epic Games/4.11/Engine/Content/StarterContent/Textures/T_ground_Moss_D.uasset' is outside repository
[2016.04.11-11.21.20:413][331]SourceControl: Info fatal: I:/Program Files (x86)/Epic Games/4.11/Engine/Content/TemplateResources/MI_Template_BaseBlue.uasset: 'I:/Program Files (x86)/Epic Games/4.11/Engine/Content/TemplateResources/MI_Template_BaseBlue.uasset' is outside repository
[2016.04.11-11.21.20:414][331]SourceControl: Info fatal: I:/Program Files (x86)/Epic Games/4.11/Engine/Content/Tutorial/ContentIntroCurve.uasset: 'I:/Program Files (x86)/Epic Games/4.11/Engine/Content/Tutorial/ContentIntroCurve.uasset' is outside repository
[2016.04.11-11.21.20:414][331]SourceControl: Info fatal: I:/Program Files (x86)/Epic Games/4.11/Engine/Content/Tutorial/Audio/Audience.uasset: 'I:/Program Files (x86)/Epic Games/4.11/Engine/Content/Tutorial/Audio/Audience.uasset' is outside repository
[2016.04.11-11.21.20:414][331]SourceControl: Info fatal: I:/Program Files (x86)/Epic Games/4.11/Engine/Content/Tutorial/Basics/ContentBrowserOverview.uasset: 'I:/Program Files (x86)/Epic Games/4.11/Engine/Content/Tutorial/Basics/ContentBrowserOverview.uasset' is outside repository
[2016.04.11-11.21.20:414][331]SourceControl: Info fatal: I:/Program Files (x86)/Epic Games/4.11/Engine/Content/Tutorial/Basics/TutorialAssets/CameraActor_64x.uasset: 'I:/Program Files (x86)/Epic Games/4.11/Engine/Content/Tutorial/Basics/TutorialAssets/CameraActor_64x.uasset' is outside repository
[2016.04.11-11.21.20:414][331]SourceControl: Info fatal: I:/Program Files (x86)/Epic Games/4.11/Engine/Content/Tutorial/BlueprintTutorials/BlueprintEditorTutorial.uasset: 'I:/Program Files (x86)/Epic Games/4.11/Engine/Content/Tutorial/BlueprintTutorials/BlueprintEditorTutorial.uasset' is outside repository
[2016.04.11-11.21.20:414][331]SourceControl: Info fatal: I:/Program Files (x86)/Epic Games/4.11/Engine/Content/Tutorial/BlueprintTutorials/TutorialAssets/BlueprintFunctionLibrary_64x.uasset: 'I:/Program Files (x86)/Epic Games/4.11/Engine/Content/Tutorial/BlueprintTutorials/TutorialAssets/BlueprintFunctionLibrary_64x.uasset' is outside repository
[2016.04.11-11.21.20:414][331]SourceControl: Info fatal: I:/Program Files (x86)/Epic Games/4.11/Engine/Content/Tutorial/Code/AddingCode.uasset: 'I:/Program Files (x86)/Epic Games/4.11/Engine/Content/Tutorial/Code/AddingCode.uasset' is outside repository
[2016.04.11-11.21.20:414][331]SourceControl: Info fatal: I:/Program Files (x86)/Epic Games/4.11/Engine/Content/Tutorial/Foliage/FoliageWalkThrough.uasset: 'I:/Program Files (x86)/Epic Games/4.11/Engine/Content/Tutorial/Foliage/FoliageWalkThrough.uasset' is outside repository
[2016.04.11-11.21.20:414][331]SourceControl: Info fatal: I:/Program Files (x86)/Epic Games/4.11/Engine/Content/Tutorial/Foliage/TutorialAssets/Foliage.uasset: 'I:/Program Files (x86)/Epic Games/4.11/Engine/Content/Tutorial/Foliage/TutorialAssets/Foliage.uasset' is outside repository
[2016.04.11-11.21.20:414][331]SourceControl: Info fatal: I:/Program Files (x86)/Epic Games/4.11/Engine/Content/Tutorial/Installation/InstallingVisualStudioTutorial.uasset: 'I:/Program Files (x86)/Epic Games/4.11/Engine/Content/Tutorial/Installation/InstallingVisualStudioTutorial.uasset' is outside repository
[2016.04.11-11.21.20:414][331]SourceControl: Info fatal: I:/Program Files (x86)/Epic Games/4.11/Engine/Content/Tutorial/InWorldBlueprintEditing/IWBE_Tutorial.uasset: 'I:/Program Files (x86)/Epic Games/4.11/Engine/Content/Tutorial/InWorldBlueprintEditing/IWBE_Tutorial.uasset' is outside repository
[2016.04.11-11.21.20:414][331]SourceControl: Info fatal: I:/Program Files (x86)/Epic Games/4.11/Engine/Content/Tutorial/InWorldBlueprintEditing/TutorialAssets/IWBE_Blutility.uasset: 'I:/Program Files (x86)/Epic Games/4.11/Engine/Content/Tutorial/InWorldBlueprintEditing/TutorialAssets/IWBE_Blutility.uasset' is outside repository
[2016.04.11-11.21.20:414][331]SourceControl: Info fatal: I:/Program Files (x86)/Epic Games/4.11/Engine/Content/Tutorial/Landscape/LandscapeWalkThrough.uasset: 'I:/Program Files (x86)/Epic Games/4.11/Engine/Content/Tutorial/Landscape/LandscapeWalkThrough.uasset' is outside repository
[2016.04.11-11.21.20:414][331]SourceControl: Info fatal: I:/Program Files (x86)/Epic Games/4.11/Engine/Content/Tutorial/Landscape/TutorialAssets/Landscape.uasset: 'I:/Program Files (x86)/Epic Games/4.11/Engine/Content/Tutorial/Landscape/TutorialAssets/Landscape.uasset' is outside repository
[2016.04.11-11.21.20:414][331]SourceControl: Info fatal: I:/Program Files (x86)/Epic Games/4.11/Engine/Content/Tutorial/Mobile/CreatingSigningCertAndProvisionTutorial.uasset: 'I:/Program Files (x86)/Epic Games/4.11/Engine/Content/Tutorial/Mobile/CreatingSigningCertAndProvisionTutorial.uasset' is outside repository
[2016.04.11-11.21.20:414][331]SourceControl: Info fatal: I:/Program Files (x86)/Epic Games/4.11/Engine/Content/Tutorial/Mobile/TutorialAssets/android_Icon.uasset: 'I:/Program Files (x86)/Epic Games/4.11/Engine/Content/Tutorial/Mobile/TutorialAssets/android_Icon.uasset' is outside repository
[2016.04.11-11.21.20:414][331]SourceControl: Info fatal: I:/Program Files (x86)/Epic Games/4.11/Engine/Content/Tutorial/Paper2D/FlipbookEditorTutorial.uasset: 'I:/Program Files (x86)/Epic Games/4.11/Engine/Content/Tutorial/Paper2D/FlipbookEditorTutorial.uasset' is outside repository
[2016.04.11-11.21.20:414][331]SourceControl: Info fatal: I:/Progr